Starting processing work
Changing directory
Start work
Updated the 'path' in /lunarc/nobackup/projects/lu2023-17-41/carl/LTU/LTU_Thesis_v2/cnet/cnet_dataset_80-10-10-page_25/c_data.yaml
New https://pypi.org/project/ultralytics/8.2.2 available 😃 Update with 'pip install -U ultralytics'
Ultralytics YOLOv8.1.43 🚀 Python-3.11.4 torch-2.1.0+cu121 CUDA:0 (NVIDIA A100 80GB PCIe, 81038MiB)
[34m[1mengine/trainer: [0mtask=detect, mode=train, model=/lunarc/nobackup/projects/lu2023-17-41/carl/LTU/LTU_Thesis_v2/yolov8x.pt, data=/lunarc/nobackup/projects/lu2023-17-41/carl/LTU/LTU_Thesis_v2/cnet/cnet_dataset_80-10-10-page_25/c_data.yaml, epochs=250, time=None, patience=15, batch=16, imgsz=640, save=True, save_period=-1, cache=False, device=0, workers=8, project=/lunarc/nobackup/projects/lu2023-17-41/carl/LTU/LTU_Thesis_v2/cnet/cnet_dataset_80-10-10-page_25/yolov8x, name=20240421_T1320_25, exist_ok=False, pretrained=True, optimizer=auto, verbose=True, seed=0, deterministic=True, single_cls=False, rect=False, cos_lr=False, close_mosaic=10, resume=False, amp=True, fraction=1.0, profile=False, freeze=None, multi_scale=False, overlap_mask=True, mask_ratio=4, dropout=0.0, val=True, split=val, save_json=False, save_hybrid=False, conf=None, iou=0.7, max_det=300, half=False, dnn=False, plots=True, source=None, vid_stride=1, stream_buffer=False, visualize=False, augment=False, agnostic_nms=False, classes=None, retina_masks=False, embed=None, show=False, save_frames=False, save_txt=False, save_conf=False, save_crop=False, show_labels=True, show_conf=True, show_boxes=True, line_width=None, format=torchscript, keras=False, optimize=False, int8=False, dynamic=False, simplify=False, opset=None, workspace=4, nms=False, lr0=0.01, lrf=0.01, momentum=0.937, weight_decay=0.0005, warmup_epochs=3.0, warmup_momentum=0.8, warmup_bias_lr=0.1, box=7.5, cls=0.5, dfl=1.5, pose=12.0, kobj=1.0, label_smoothing=0.0, nbs=64, hsv_h=0.015, hsv_s=0.7, hsv_v=0.4, degrees=5.0, translate=0.1, scale=0.5, shear=5.0, perspective=0.0, flipud=0.0, fliplr=0.0, bgr=0.0, mosaic=1.0, mixup=0.0, copy_paste=0.0, auto_augment=randaugment, erasing=0.4, crop_fraction=1.0, cfg=None, tracker=botsort.yaml, save_dir=/lunarc/nobackup/projects/lu2023-17-41/carl/LTU/LTU_Thesis_v2/cnet/cnet_dataset_80-10-10-page_25/yolov8x/20240421_T1320_25
Overriding model.yaml nc=80 with nc=68

                   from  n    params  module                                       arguments                     
  0                  -1  1      2320  ultralytics.nn.modules.conv.Conv             [3, 80, 3, 2]                 
  1                  -1  1    115520  ultralytics.nn.modules.conv.Conv             [80, 160, 3, 2]               
  2                  -1  3    436800  ultralytics.nn.modules.block.C2f             [160, 160, 3, True]           
  3                  -1  1    461440  ultralytics.nn.modules.conv.Conv             [160, 320, 3, 2]              
  4                  -1  6   3281920  ultralytics.nn.modules.block.C2f             [320, 320, 6, True]           
  5                  -1  1   1844480  ultralytics.nn.modules.conv.Conv             [320, 640, 3, 2]              
  6                  -1  6  13117440  ultralytics.nn.modules.block.C2f             [640, 640, 6, True]           
  7                  -1  1   3687680  ultralytics.nn.modules.conv.Conv             [640, 640, 3, 2]              
  8                  -1  3   6969600  ultralytics.nn.modules.block.C2f             [640, 640, 3, True]           
  9                  -1  1   1025920  ultralytics.nn.modules.block.SPPF            [640, 640, 5]                 
 10                  -1  1         0  torch.nn.modules.upsampling.Upsample         [None, 2, 'nearest']          
 11             [-1, 6]  1         0  ultralytics.nn.modules.conv.Concat           [1]                           
 12                  -1  3   7379200  ultralytics.nn.modules.block.C2f             [1280, 640, 3]                
 13                  -1  1         0  torch.nn.modules.upsampling.Upsample         [None, 2, 'nearest']          
 14             [-1, 4]  1         0  ultralytics.nn.modules.conv.Concat           [1]                           
 15                  -1  3   1948800  ultralytics.nn.modules.block.C2f             [960, 320, 3]                 
 16                  -1  1    922240  ultralytics.nn.modules.conv.Conv             [320, 320, 3, 2]              
 17            [-1, 12]  1         0  ultralytics.nn.modules.conv.Concat           [1]                           
 18                  -1  3   7174400  ultralytics.nn.modules.block.C2f             [960, 640, 3]                 
 19                  -1  1   3687680  ultralytics.nn.modules.conv.Conv             [640, 640, 3, 2]              
 20             [-1, 9]  1         0  ultralytics.nn.modules.conv.Concat           [1]                           
 21                  -1  3   7379200  ultralytics.nn.modules.block.C2f             [1280, 640, 3]                
 22        [15, 18, 21]  1   8783452  ultralytics.nn.modules.head.Detect           [68, [320, 640, 640]]         
Model summary: 365 layers, 68218092 parameters, 68218076 gradients, 258.5 GFLOPs

Transferred 589/595 items from pretrained weights
[34m[1mTensorBoard: [0mStart with 'tensorboard --logdir /lunarc/nobackup/projects/lu2023-17-41/carl/LTU/LTU_Thesis_v2/cnet/cnet_dataset_80-10-10-page_25/yolov8x/20240421_T1320_25', view at http://localhost:6006/
Freezing layer 'model.22.dfl.conv.weight'
[34m[1mAMP: [0mrunning Automatic Mixed Precision (AMP) checks with YOLOv8n...
Downloading https://github.com/ultralytics/assets/releases/download/v8.1.0/yolov8n.pt to 'yolov8n.pt'...
[34m[1mAMP: [0mchecks passed ✅
[34m[1mtrain: [0mNew cache created: /lunarc/nobackup/projects/lu2023-17-41/carl/LTU/LTU_Thesis_v2/data/dataset_80-10-10-page_25/c_data/train/labels.cache
[34m[1mval: [0mNew cache created: /lunarc/nobackup/projects/lu2023-17-41/carl/LTU/LTU_Thesis_v2/data/dataset_80-10-10-page_25/c_data/validation/labels.cache
Plotting labels to /lunarc/nobackup/projects/lu2023-17-41/carl/LTU/LTU_Thesis_v2/cnet/cnet_dataset_80-10-10-page_25/yolov8x/20240421_T1320_25/labels.jpg... 
[34m[1moptimizer:[0m 'optimizer=auto' found, ignoring 'lr0=0.01' and 'momentum=0.937' and determining best 'optimizer', 'lr0' and 'momentum' automatically... 
[34m[1moptimizer:[0m AdamW(lr=0.000139, momentum=0.9) with parameter groups 97 weight(decay=0.0), 104 weight(decay=0.0005), 103 bias(decay=0.0)
[34m[1mTensorBoard: [0mmodel graph visualization added ✅
Image sizes 640 train, 640 val
Using 8 dataloader workers
Logging results to [1m/lunarc/nobackup/projects/lu2023-17-41/carl/LTU/LTU_Thesis_v2/cnet/cnet_dataset_80-10-10-page_25/yolov8x/20240421_T1320_25[0m
Starting training for 250 epochs...

      Epoch    GPU_mem   box_loss   cls_loss   dfl_loss  Instances       Size
                   all        104        196      0.418      0.259      0.183     0.0901

      Epoch    GPU_mem   box_loss   cls_loss   dfl_loss  Instances       Size
                   all        104        196      0.383      0.521      0.452      0.263

      Epoch    GPU_mem   box_loss   cls_loss   dfl_loss  Instances       Size
                   all        104        196      0.733      0.437      0.582      0.314

      Epoch    GPU_mem   box_loss   cls_loss   dfl_loss  Instances       Size
                   all        104        196      0.491       0.55      0.604      0.345

      Epoch    GPU_mem   box_loss   cls_loss   dfl_loss  Instances       Size
                   all        104        196      0.707      0.534       0.69      0.397

      Epoch    GPU_mem   box_loss   cls_loss   dfl_loss  Instances       Size
                   all        104        196      0.618       0.66      0.745      0.425

      Epoch    GPU_mem   box_loss   cls_loss   dfl_loss  Instances       Size
                   all        104        196       0.79      0.656       0.78      0.428

      Epoch    GPU_mem   box_loss   cls_loss   dfl_loss  Instances       Size
                   all        104        196      0.666      0.757      0.821      0.498

      Epoch    GPU_mem   box_loss   cls_loss   dfl_loss  Instances       Size
                   all        104        196      0.759      0.704      0.787      0.439

      Epoch    GPU_mem   box_loss   cls_loss   dfl_loss  Instances       Size
                   all        104        196      0.764      0.691      0.791      0.458

      Epoch    GPU_mem   box_loss   cls_loss   dfl_loss  Instances       Size
                   all        104        196      0.771      0.759      0.821      0.466

      Epoch    GPU_mem   box_loss   cls_loss   dfl_loss  Instances       Size
                   all        104        196      0.796      0.774      0.833      0.478

      Epoch    GPU_mem   box_loss   cls_loss   dfl_loss  Instances       Size
                   all        104        196       0.83       0.76       0.84      0.511

      Epoch    GPU_mem   box_loss   cls_loss   dfl_loss  Instances       Size
                   all        104        196      0.739      0.762      0.845        0.5

      Epoch    GPU_mem   box_loss   cls_loss   dfl_loss  Instances       Size
                   all        104        196      0.794      0.746      0.842      0.477

      Epoch    GPU_mem   box_loss   cls_loss   dfl_loss  Instances       Size
                   all        104        196      0.849      0.764       0.86      0.493

      Epoch    GPU_mem   box_loss   cls_loss   dfl_loss  Instances       Size
                   all        104        196        0.8      0.731      0.847      0.487

      Epoch    GPU_mem   box_loss   cls_loss   dfl_loss  Instances       Size
                   all        104        196      0.833      0.747      0.819      0.498

      Epoch    GPU_mem   box_loss   cls_loss   dfl_loss  Instances       Size
                   all        104        196      0.849      0.744      0.865      0.502

      Epoch    GPU_mem   box_loss   cls_loss   dfl_loss  Instances       Size
                   all        104        196      0.807      0.728      0.823      0.491

      Epoch    GPU_mem   box_loss   cls_loss   dfl_loss  Instances       Size
                   all        104        196      0.678      0.786      0.806      0.481

      Epoch    GPU_mem   box_loss   cls_loss   dfl_loss  Instances       Size
                   all        104        196      0.769      0.746      0.811      0.471

      Epoch    GPU_mem   box_loss   cls_loss   dfl_loss  Instances       Size
                   all        104        196      0.721      0.814       0.82      0.491

      Epoch    GPU_mem   box_loss   cls_loss   dfl_loss  Instances       Size
                   all        104        196      0.808      0.714      0.816      0.473

      Epoch    GPU_mem   box_loss   cls_loss   dfl_loss  Instances       Size
                   all        104        196      0.757      0.741      0.821      0.497

      Epoch    GPU_mem   box_loss   cls_loss   dfl_loss  Instances       Size
                   all        104        196      0.798      0.783      0.875      0.523

      Epoch    GPU_mem   box_loss   cls_loss   dfl_loss  Instances       Size
                   all        104        196      0.864      0.742       0.85      0.509

      Epoch    GPU_mem   box_loss   cls_loss   dfl_loss  Instances       Size
                   all        104        196      0.839      0.677        0.8      0.483

      Epoch    GPU_mem   box_loss   cls_loss   dfl_loss  Instances       Size
                   all        104        196      0.846       0.76      0.849      0.519

      Epoch    GPU_mem   box_loss   cls_loss   dfl_loss  Instances       Size
                   all        104        196      0.883      0.708      0.859      0.495

      Epoch    GPU_mem   box_loss   cls_loss   dfl_loss  Instances       Size
                   all        104        196      0.777      0.797      0.822      0.492

      Epoch    GPU_mem   box_loss   cls_loss   dfl_loss  Instances       Size
                   all        104        196        0.8      0.749      0.814      0.476

      Epoch    GPU_mem   box_loss   cls_loss   dfl_loss  Instances       Size
                   all        104        196      0.832      0.755      0.823      0.482

      Epoch    GPU_mem   box_loss   cls_loss   dfl_loss  Instances       Size
                   all        104        196      0.785      0.791      0.841      0.519

      Epoch    GPU_mem   box_loss   cls_loss   dfl_loss  Instances       Size
                   all        104        196      0.743      0.757      0.827      0.505

      Epoch    GPU_mem   box_loss   cls_loss   dfl_loss  Instances       Size
                   all        104        196      0.693       0.85      0.864      0.515

      Epoch    GPU_mem   box_loss   cls_loss   dfl_loss  Instances       Size
                   all        104        196      0.868      0.691      0.836      0.507

      Epoch    GPU_mem   box_loss   cls_loss   dfl_loss  Instances       Size
                   all        104        196      0.811      0.775      0.869      0.525

      Epoch    GPU_mem   box_loss   cls_loss   dfl_loss  Instances       Size
                   all        104        196      0.787      0.761      0.851      0.504

      Epoch    GPU_mem   box_loss   cls_loss   dfl_loss  Instances       Size
                   all        104        196      0.865      0.723      0.849      0.505

      Epoch    GPU_mem   box_loss   cls_loss   dfl_loss  Instances       Size
                   all        104        196      0.859      0.767      0.885      0.528

      Epoch    GPU_mem   box_loss   cls_loss   dfl_loss  Instances       Size
                   all        104        196      0.826      0.714      0.827      0.498

      Epoch    GPU_mem   box_loss   cls_loss   dfl_loss  Instances       Size
                   all        104        196      0.789      0.765      0.811      0.488

      Epoch    GPU_mem   box_loss   cls_loss   dfl_loss  Instances       Size
                   all        104        196      0.884      0.739      0.848      0.508

      Epoch    GPU_mem   box_loss   cls_loss   dfl_loss  Instances       Size
                   all        104        196       0.87        0.7      0.817      0.497

      Epoch    GPU_mem   box_loss   cls_loss   dfl_loss  Instances       Size
                   all        104        196      0.821      0.727       0.82      0.491

      Epoch    GPU_mem   box_loss   cls_loss   dfl_loss  Instances       Size
                   all        104        196       0.83      0.814      0.862      0.509

      Epoch    GPU_mem   box_loss   cls_loss   dfl_loss  Instances       Size
                   all        104        196      0.858      0.751      0.881      0.508

      Epoch    GPU_mem   box_loss   cls_loss   dfl_loss  Instances       Size
                   all        104        196      0.853      0.812      0.877      0.533

      Epoch    GPU_mem   box_loss   cls_loss   dfl_loss  Instances       Size
                   all        104        196      0.863      0.768      0.853      0.513

      Epoch    GPU_mem   box_loss   cls_loss   dfl_loss  Instances       Size
                   all        104        196      0.838      0.746      0.828      0.488

      Epoch    GPU_mem   box_loss   cls_loss   dfl_loss  Instances       Size
                   all        104        196      0.795      0.789      0.838      0.493

      Epoch    GPU_mem   box_loss   cls_loss   dfl_loss  Instances       Size
                   all        104        196      0.741      0.767      0.835      0.516

      Epoch    GPU_mem   box_loss   cls_loss   dfl_loss  Instances       Size
                   all        104        196      0.806      0.806      0.847      0.516

      Epoch    GPU_mem   box_loss   cls_loss   dfl_loss  Instances       Size
                   all        104        196      0.736       0.77      0.821      0.479

      Epoch    GPU_mem   box_loss   cls_loss   dfl_loss  Instances       Size
                   all        104        196       0.78      0.789      0.854      0.525

      Epoch    GPU_mem   box_loss   cls_loss   dfl_loss  Instances       Size
                   all        104        196      0.765      0.747      0.792      0.486

      Epoch    GPU_mem   box_loss   cls_loss   dfl_loss  Instances       Size
                   all        104        196      0.872      0.735      0.851      0.529

      Epoch    GPU_mem   box_loss   cls_loss   dfl_loss  Instances       Size
                   all        104        196      0.852      0.777      0.852      0.501

      Epoch    GPU_mem   box_loss   cls_loss   dfl_loss  Instances       Size
                   all        104        196      0.824       0.79      0.869      0.527

      Epoch    GPU_mem   box_loss   cls_loss   dfl_loss  Instances       Size
                   all        104        196       0.81      0.818      0.878      0.539

      Epoch    GPU_mem   box_loss   cls_loss   dfl_loss  Instances       Size
                   all        104        196      0.876      0.761      0.862      0.539

      Epoch    GPU_mem   box_loss   cls_loss   dfl_loss  Instances       Size
                   all        104        196      0.817       0.71      0.814      0.507

      Epoch    GPU_mem   box_loss   cls_loss   dfl_loss  Instances       Size
                   all        104        196      0.832      0.728      0.831      0.527

      Epoch    GPU_mem   box_loss   cls_loss   dfl_loss  Instances       Size
                   all        104        196      0.815       0.78      0.836      0.512

      Epoch    GPU_mem   box_loss   cls_loss   dfl_loss  Instances       Size
                   all        104        196      0.819      0.757      0.834      0.509

      Epoch    GPU_mem   box_loss   cls_loss   dfl_loss  Instances       Size
                   all        104        196      0.834      0.704      0.797      0.489

      Epoch    GPU_mem   box_loss   cls_loss   dfl_loss  Instances       Size
                   all        104        196      0.842      0.752      0.795      0.499

      Epoch    GPU_mem   box_loss   cls_loss   dfl_loss  Instances       Size
                   all        104        196      0.848      0.752       0.82       0.49

      Epoch    GPU_mem   box_loss   cls_loss   dfl_loss  Instances       Size
                   all        104        196      0.819      0.745      0.844      0.525

      Epoch    GPU_mem   box_loss   cls_loss   dfl_loss  Instances       Size
                   all        104        196      0.875      0.712      0.821       0.49

      Epoch    GPU_mem   box_loss   cls_loss   dfl_loss  Instances       Size
                   all        104        196      0.905      0.714      0.826      0.494

      Epoch    GPU_mem   box_loss   cls_loss   dfl_loss  Instances       Size
                   all        104        196      0.841      0.689      0.789      0.483

      Epoch    GPU_mem   box_loss   cls_loss   dfl_loss  Instances       Size
                   all        104        196      0.821      0.695      0.797      0.485

      Epoch    GPU_mem   box_loss   cls_loss   dfl_loss  Instances       Size
                   all        104        196      0.854      0.746      0.823       0.51

      Epoch    GPU_mem   box_loss   cls_loss   dfl_loss  Instances       Size
                   all        104        196      0.827      0.749      0.835      0.505
[34m[1mEarlyStopping: [0mTraining stopped early as no improvement observed in last 15 epochs. Best results observed at epoch 61, best model saved as best.pt.
To update EarlyStopping(patience=15) pass a new patience value, i.e. `patience=300` or use `patience=0` to disable EarlyStopping.

76 epochs completed in 0.273 hours.
Optimizer stripped from /lunarc/nobackup/projects/lu2023-17-41/carl/LTU/LTU_Thesis_v2/cnet/cnet_dataset_80-10-10-page_25/yolov8x/20240421_T1320_25/weights/last.pt, 136.9MB
Optimizer stripped from /lunarc/nobackup/projects/lu2023-17-41/carl/LTU/LTU_Thesis_v2/cnet/cnet_dataset_80-10-10-page_25/yolov8x/20240421_T1320_25/weights/best.pt, 136.9MB

Validating /lunarc/nobackup/projects/lu2023-17-41/carl/LTU/LTU_Thesis_v2/cnet/cnet_dataset_80-10-10-page_25/yolov8x/20240421_T1320_25/weights/best.pt...
Ultralytics YOLOv8.1.43 🚀 Python-3.11.4 torch-2.1.0+cu121 CUDA:0 (NVIDIA A100 80GB PCIe, 81038MiB)
Model summary (fused): 268 layers, 68189052 parameters, 0 gradients, 257.8 GFLOPs
                   all        104        196       0.81      0.818      0.878       0.54
                  0985        104          5      0.878          1      0.995      0.707
                  0987        104          2      0.589          1      0.995      0.682
                  0988        104          4          1      0.886      0.995       0.54
                  0989        104          9        0.8      0.891      0.975      0.764
                  098A        104          6      0.749          1      0.955      0.783
                  098F        104          3      0.397      0.333      0.562      0.426
                  0990        104          4      0.886          1      0.995      0.825
                  0993        104          5      0.952          1      0.995      0.899
                  0994        104          5      0.689        0.8      0.866      0.703
                  0995        104          5      0.913        0.8      0.842       0.51
                  0998        104          5          1      0.862      0.995      0.613
                  0999        104         10          0          0          0          0
                  099C        104          4      0.798          1      0.995      0.516
                  099D        104          1      0.769          1      0.995      0.597
                  099F        104          2      0.624          1      0.995      0.653
                  09A0        104          3      0.985          1      0.995      0.551
                  09A3        104          3      0.905          1      0.995      0.637
                  09A4        104          6          1      0.699      0.995      0.575
                  09A6        104          7      0.859          1       0.96      0.509
                  09A7        104          6          1      0.912      0.995      0.603
                  09A8        104          1      0.323          1      0.995      0.298
                  09AA        104          1          1          0      0.497      0.199
                  09AB        104          4          1      0.902      0.995      0.574
                  09AC        104          5      0.543      0.721      0.734      0.436
                  09AE        104          5          1      0.758      0.962       0.52
                  09B0        104         15      0.388        0.6      0.703      0.376
                  09B2        104          5      0.886          1      0.995      0.446
                  09B6        104          3      0.883          1      0.995      0.744
                  09B7        104          5      0.774        0.8      0.898      0.527
                  09B8        104         11          1      0.858      0.995      0.465
                  09B9        104          2      0.631          1      0.828      0.279
                  09DF        104          4      0.902          1      0.995      0.665
                  0982        104          7      0.784      0.857      0.815      0.347
                  09CE        104          4      0.866       0.75      0.822      0.527
        09A8 09CD 09A6        104          2      0.676        0.5      0.828      0.448
        0999 09CD 0997        104          7          1          0          0          0
        09A8 09CD 09A4        104          2          1      0.944      0.995      0.829
        0995 09CD 09B8        104          3          1      0.817      0.995      0.612
        09A4 09CD 09A4        104          4      0.965          1      0.995      0.426
        099F 09CD 099F        104          3      0.716          1      0.913      0.794
        09B7 09CD 09A3        104          3          1      0.854      0.995      0.551
        09A6 09CD 09A7        104          5      0.882        0.8      0.815      0.503
Speed: 0.3ms preprocess, 2.7ms inference, 0.0ms loss, 1.5ms postprocess per image
Results saved to [1m/lunarc/nobackup/projects/lu2023-17-41/carl/LTU/LTU_Thesis_v2/cnet/cnet_dataset_80-10-10-page_25/yolov8x/20240421_T1320_25[0m
Ultralytics YOLOv8.1.43 🚀 Python-3.11.4 torch-2.1.0+cu121 CUDA:0 (NVIDIA A100 80GB PCIe, 81038MiB)
Model summary (fused): 268 layers, 68189052 parameters, 0 gradients, 257.8 GFLOPs

[34m[1mPyTorch:[0m starting from '/lunarc/nobackup/projects/lu2023-17-41/carl/LTU/LTU_Thesis_v2/cnet/cnet_dataset_80-10-10-page_25/yolov8x/20240421_T1320_25/weights/best.pt' with input shape (1, 3, 640, 640) BCHW and output shape(s) (1, 72, 8400) (130.5 MB)

[34m[1mONNX:[0m starting export with onnx 1.15.0 opset 17...
[34m[1mONNX:[0m export success ✅ 1.6s, saved as '/lunarc/nobackup/projects/lu2023-17-41/carl/LTU/LTU_Thesis_v2/cnet/cnet_dataset_80-10-10-page_25/yolov8x/20240421_T1320_25/weights/best.onnx' (260.4 MB)

Export complete (2.3s)
Results saved to [1m/lunarc/nobackup/projects/lu2023-17-41/carl/LTU/LTU_Thesis_v2/cnet/cnet_dataset_80-10-10-page_25/yolov8x/20240421_T1320_25/weights[0m
Predict:         yolo predict task=detect model=/lunarc/nobackup/projects/lu2023-17-41/carl/LTU/LTU_Thesis_v2/cnet/cnet_dataset_80-10-10-page_25/yolov8x/20240421_T1320_25/weights/best.onnx imgsz=640  
Validate:        yolo val task=detect model=/lunarc/nobackup/projects/lu2023-17-41/carl/LTU/LTU_Thesis_v2/cnet/cnet_dataset_80-10-10-page_25/yolov8x/20240421_T1320_25/weights/best.onnx imgsz=640 data=/lunarc/nobackup/projects/lu2023-17-41/carl/LTU/LTU_Thesis_v2/cnet/cnet_dataset_80-10-10-page_25/c_data.yaml  
Visualize:       https://netron.app
Total training time: 1028.2429819107056 seconds
Finished processing.
