Starting processing work
Changing directory
Start work
Updated the 'path' in /lunarc/nobackup/projects/lu2023-17-41/carl/LTU/LTU_Thesis_v2/cnet/cnet_dataset_80-10-10-page_400/c_data.yaml
New https://pypi.org/project/ultralytics/8.2.2 available 😃 Update with 'pip install -U ultralytics'
Ultralytics YOLOv8.1.43 🚀 Python-3.11.4 torch-2.1.0+cu121 CUDA:0 (NVIDIA A100 80GB PCIe, 81038MiB)
[34m[1mengine/trainer: [0mtask=detect, mode=train, model=/lunarc/nobackup/projects/lu2023-17-41/carl/LTU/LTU_Thesis_v2/yolov8x.pt, data=/lunarc/nobackup/projects/lu2023-17-41/carl/LTU/LTU_Thesis_v2/cnet/cnet_dataset_80-10-10-page_400/c_data.yaml, epochs=250, time=None, patience=15, batch=16, imgsz=640, save=True, save_period=-1, cache=False, device=0, workers=8, project=/lunarc/nobackup/projects/lu2023-17-41/carl/LTU/LTU_Thesis_v2/cnet/cnet_dataset_80-10-10-page_400/yolov8x, name=20240421_T1320_400, exist_ok=False, pretrained=True, optimizer=auto, verbose=True, seed=0, deterministic=True, single_cls=False, rect=False, cos_lr=False, close_mosaic=10, resume=False, amp=True, fraction=1.0, profile=False, freeze=None, multi_scale=False, overlap_mask=True, mask_ratio=4, dropout=0.0, val=True, split=val, save_json=False, save_hybrid=False, conf=None, iou=0.7, max_det=300, half=False, dnn=False, plots=True, source=None, vid_stride=1, stream_buffer=False, visualize=False, augment=False, agnostic_nms=False, classes=None, retina_masks=False, embed=None, show=False, save_frames=False, save_txt=False, save_conf=False, save_crop=False, show_labels=True, show_conf=True, show_boxes=True, line_width=None, format=torchscript, keras=False, optimize=False, int8=False, dynamic=False, simplify=False, opset=None, workspace=4, nms=False, lr0=0.01, lrf=0.01, momentum=0.937, weight_decay=0.0005, warmup_epochs=3.0, warmup_momentum=0.8, warmup_bias_lr=0.1, box=7.5, cls=0.5, dfl=1.5, pose=12.0, kobj=1.0, label_smoothing=0.0, nbs=64, hsv_h=0.015, hsv_s=0.7, hsv_v=0.4, degrees=5.0, translate=0.1, scale=0.5, shear=5.0, perspective=0.0, flipud=0.0, fliplr=0.0, bgr=0.0, mosaic=1.0, mixup=0.0, copy_paste=0.0, auto_augment=randaugment, erasing=0.4, crop_fraction=1.0, cfg=None, tracker=botsort.yaml, save_dir=/lunarc/nobackup/projects/lu2023-17-41/carl/LTU/LTU_Thesis_v2/cnet/cnet_dataset_80-10-10-page_400/yolov8x/20240421_T1320_400
Overriding model.yaml nc=80 with nc=68

                   from  n    params  module                                       arguments                     
  0                  -1  1      2320  ultralytics.nn.modules.conv.Conv             [3, 80, 3, 2]                 
  1                  -1  1    115520  ultralytics.nn.modules.conv.Conv             [80, 160, 3, 2]               
  2                  -1  3    436800  ultralytics.nn.modules.block.C2f             [160, 160, 3, True]           
  3                  -1  1    461440  ultralytics.nn.modules.conv.Conv             [160, 320, 3, 2]              
  4                  -1  6   3281920  ultralytics.nn.modules.block.C2f             [320, 320, 6, True]           
  5                  -1  1   1844480  ultralytics.nn.modules.conv.Conv             [320, 640, 3, 2]              
  6                  -1  6  13117440  ultralytics.nn.modules.block.C2f             [640, 640, 6, True]           
  7                  -1  1   3687680  ultralytics.nn.modules.conv.Conv             [640, 640, 3, 2]              
  8                  -1  3   6969600  ultralytics.nn.modules.block.C2f             [640, 640, 3, True]           
  9                  -1  1   1025920  ultralytics.nn.modules.block.SPPF            [640, 640, 5]                 
 10                  -1  1         0  torch.nn.modules.upsampling.Upsample         [None, 2, 'nearest']          
 11             [-1, 6]  1         0  ultralytics.nn.modules.conv.Concat           [1]                           
 12                  -1  3   7379200  ultralytics.nn.modules.block.C2f             [1280, 640, 3]                
 13                  -1  1         0  torch.nn.modules.upsampling.Upsample         [None, 2, 'nearest']          
 14             [-1, 4]  1         0  ultralytics.nn.modules.conv.Concat           [1]                           
 15                  -1  3   1948800  ultralytics.nn.modules.block.C2f             [960, 320, 3]                 
 16                  -1  1    922240  ultralytics.nn.modules.conv.Conv             [320, 320, 3, 2]              
 17            [-1, 12]  1         0  ultralytics.nn.modules.conv.Concat           [1]                           
 18                  -1  3   7174400  ultralytics.nn.modules.block.C2f             [960, 640, 3]                 
 19                  -1  1   3687680  ultralytics.nn.modules.conv.Conv             [640, 640, 3, 2]              
 20             [-1, 9]  1         0  ultralytics.nn.modules.conv.Concat           [1]                           
 21                  -1  3   7379200  ultralytics.nn.modules.block.C2f             [1280, 640, 3]                
 22        [15, 18, 21]  1   8783452  ultralytics.nn.modules.head.Detect           [68, [320, 640, 640]]         
Model summary: 365 layers, 68218092 parameters, 68218076 gradients, 258.5 GFLOPs

Transferred 589/595 items from pretrained weights
[34m[1mTensorBoard: [0mStart with 'tensorboard --logdir /lunarc/nobackup/projects/lu2023-17-41/carl/LTU/LTU_Thesis_v2/cnet/cnet_dataset_80-10-10-page_400/yolov8x/20240421_T1320_400', view at http://localhost:6006/
Freezing layer 'model.22.dfl.conv.weight'
[34m[1mAMP: [0mrunning Automatic Mixed Precision (AMP) checks with YOLOv8n...
[34m[1mAMP: [0mchecks passed ✅
[34m[1mtrain: [0mNew cache created: /lunarc/nobackup/projects/lu2023-17-41/carl/LTU/LTU_Thesis_v2/data/dataset_80-10-10-page_400/c_data/train/labels.cache
[34m[1mval: [0mNew cache created: /lunarc/nobackup/projects/lu2023-17-41/carl/LTU/LTU_Thesis_v2/data/dataset_80-10-10-page_400/c_data/validation/labels.cache
Plotting labels to /lunarc/nobackup/projects/lu2023-17-41/carl/LTU/LTU_Thesis_v2/cnet/cnet_dataset_80-10-10-page_400/yolov8x/20240421_T1320_400/labels.jpg... 
[34m[1moptimizer:[0m 'optimizer=auto' found, ignoring 'lr0=0.01' and 'momentum=0.937' and determining best 'optimizer', 'lr0' and 'momentum' automatically... 
[34m[1moptimizer:[0m SGD(lr=0.01, momentum=0.9) with parameter groups 97 weight(decay=0.0), 104 weight(decay=0.0005), 103 bias(decay=0.0)
[34m[1mTensorBoard: [0mmodel graph visualization added ✅
Image sizes 640 train, 640 val
Using 8 dataloader workers
Logging results to [1m/lunarc/nobackup/projects/lu2023-17-41/carl/LTU/LTU_Thesis_v2/cnet/cnet_dataset_80-10-10-page_400/yolov8x/20240421_T1320_400[0m
Starting training for 250 epochs...

      Epoch    GPU_mem   box_loss   cls_loss   dfl_loss  Instances       Size
                   all       1538       2859      0.882      0.807      0.874      0.537

      Epoch    GPU_mem   box_loss   cls_loss   dfl_loss  Instances       Size
                   all       1538       2859      0.927      0.843      0.898      0.549

      Epoch    GPU_mem   box_loss   cls_loss   dfl_loss  Instances       Size
                   all       1538       2859      0.897      0.856      0.893      0.514

      Epoch    GPU_mem   box_loss   cls_loss   dfl_loss  Instances       Size
                   all       1538       2859      0.943      0.867      0.913      0.564

      Epoch    GPU_mem   box_loss   cls_loss   dfl_loss  Instances       Size
                   all       1538       2859      0.926      0.881      0.925      0.552

      Epoch    GPU_mem   box_loss   cls_loss   dfl_loss  Instances       Size
                   all       1538       2859      0.941      0.896      0.923      0.596

      Epoch    GPU_mem   box_loss   cls_loss   dfl_loss  Instances       Size
                   all       1538       2859      0.946      0.893      0.925      0.595

      Epoch    GPU_mem   box_loss   cls_loss   dfl_loss  Instances       Size
                   all       1538       2859      0.962      0.913       0.93      0.613

      Epoch    GPU_mem   box_loss   cls_loss   dfl_loss  Instances       Size
                   all       1538       2859      0.942      0.907      0.927        0.6

      Epoch    GPU_mem   box_loss   cls_loss   dfl_loss  Instances       Size
                   all       1538       2859      0.948       0.91      0.933      0.617

      Epoch    GPU_mem   box_loss   cls_loss   dfl_loss  Instances       Size
                   all       1538       2859      0.965      0.919      0.955      0.614

      Epoch    GPU_mem   box_loss   cls_loss   dfl_loss  Instances       Size
                   all       1538       2859      0.969       0.91      0.933      0.623

      Epoch    GPU_mem   box_loss   cls_loss   dfl_loss  Instances       Size
                   all       1538       2859       0.96      0.922      0.933       0.63

      Epoch    GPU_mem   box_loss   cls_loss   dfl_loss  Instances       Size
                   all       1538       2859      0.975      0.913      0.935      0.634

      Epoch    GPU_mem   box_loss   cls_loss   dfl_loss  Instances       Size
                   all       1538       2859      0.952      0.899      0.928      0.628

      Epoch    GPU_mem   box_loss   cls_loss   dfl_loss  Instances       Size
                   all       1538       2859      0.978      0.923      0.934      0.627

      Epoch    GPU_mem   box_loss   cls_loss   dfl_loss  Instances       Size
                   all       1538       2859      0.975      0.917      0.958       0.65

      Epoch    GPU_mem   box_loss   cls_loss   dfl_loss  Instances       Size
                   all       1538       2859       0.94      0.924      0.935      0.623

      Epoch    GPU_mem   box_loss   cls_loss   dfl_loss  Instances       Size
                   all       1538       2859      0.936      0.921      0.933      0.642

      Epoch    GPU_mem   box_loss   cls_loss   dfl_loss  Instances       Size
                   all       1538       2859      0.975      0.926       0.94      0.647

      Epoch    GPU_mem   box_loss   cls_loss   dfl_loss  Instances       Size
                   all       1538       2859      0.971      0.905      0.927       0.63

      Epoch    GPU_mem   box_loss   cls_loss   dfl_loss  Instances       Size
                   all       1538       2859      0.975      0.923      0.938      0.647

      Epoch    GPU_mem   box_loss   cls_loss   dfl_loss  Instances       Size
                   all       1538       2859      0.953      0.921      0.934      0.642

      Epoch    GPU_mem   box_loss   cls_loss   dfl_loss  Instances       Size
                   all       1538       2859      0.979       0.93      0.939      0.656

      Epoch    GPU_mem   box_loss   cls_loss   dfl_loss  Instances       Size
                   all       1538       2859      0.952       0.92      0.935       0.65

      Epoch    GPU_mem   box_loss   cls_loss   dfl_loss  Instances       Size
                   all       1538       2859      0.942      0.914      0.936      0.654

      Epoch    GPU_mem   box_loss   cls_loss   dfl_loss  Instances       Size
                   all       1538       2859      0.979      0.924      0.937       0.66

      Epoch    GPU_mem   box_loss   cls_loss   dfl_loss  Instances       Size
                   all       1538       2859      0.955       0.93      0.937      0.655

      Epoch    GPU_mem   box_loss   cls_loss   dfl_loss  Instances       Size
                   all       1538       2859      0.976      0.927      0.937      0.654

      Epoch    GPU_mem   box_loss   cls_loss   dfl_loss  Instances       Size
                   all       1538       2859      0.956      0.934       0.94      0.652

      Epoch    GPU_mem   box_loss   cls_loss   dfl_loss  Instances       Size
                   all       1538       2859      0.982      0.916      0.936      0.651

      Epoch    GPU_mem   box_loss   cls_loss   dfl_loss  Instances       Size
                   all       1538       2859      0.969      0.926      0.935      0.655

      Epoch    GPU_mem   box_loss   cls_loss   dfl_loss  Instances       Size
                   all       1538       2859      0.982      0.921      0.937       0.66

      Epoch    GPU_mem   box_loss   cls_loss   dfl_loss  Instances       Size
                   all       1538       2859      0.954      0.926      0.937      0.662

      Epoch    GPU_mem   box_loss   cls_loss   dfl_loss  Instances       Size
                   all       1538       2859      0.974      0.912      0.937      0.661

      Epoch    GPU_mem   box_loss   cls_loss   dfl_loss  Instances       Size
                   all       1538       2859      0.969      0.914      0.935      0.657

      Epoch    GPU_mem   box_loss   cls_loss   dfl_loss  Instances       Size
                   all       1538       2859      0.943      0.932      0.935      0.652

      Epoch    GPU_mem   box_loss   cls_loss   dfl_loss  Instances       Size
                   all       1538       2859      0.965      0.919       0.93      0.652

      Epoch    GPU_mem   box_loss   cls_loss   dfl_loss  Instances       Size
                   all       1538       2859      0.969      0.917      0.936      0.657

      Epoch    GPU_mem   box_loss   cls_loss   dfl_loss  Instances       Size
                   all       1538       2859      0.969      0.918      0.933      0.653

      Epoch    GPU_mem   box_loss   cls_loss   dfl_loss  Instances       Size
                   all       1538       2859      0.962      0.936      0.938      0.661

      Epoch    GPU_mem   box_loss   cls_loss   dfl_loss  Instances       Size
                   all       1538       2859      0.947      0.921      0.931      0.652

      Epoch    GPU_mem   box_loss   cls_loss   dfl_loss  Instances       Size
                   all       1538       2859      0.975      0.919      0.938      0.654

      Epoch    GPU_mem   box_loss   cls_loss   dfl_loss  Instances       Size
                   all       1538       2859      0.957      0.937      0.936      0.656

      Epoch    GPU_mem   box_loss   cls_loss   dfl_loss  Instances       Size
                   all       1538       2859      0.954      0.917      0.932       0.65

      Epoch    GPU_mem   box_loss   cls_loss   dfl_loss  Instances       Size
                   all       1538       2859      0.947      0.919      0.935      0.658

      Epoch    GPU_mem   box_loss   cls_loss   dfl_loss  Instances       Size
                   all       1538       2859      0.951      0.918      0.935       0.66

      Epoch    GPU_mem   box_loss   cls_loss   dfl_loss  Instances       Size
                   all       1538       2859      0.932      0.935      0.935      0.658

      Epoch    GPU_mem   box_loss   cls_loss   dfl_loss  Instances       Size
                   all       1538       2859      0.951      0.914      0.933      0.653
[34m[1mEarlyStopping: [0mTraining stopped early as no improvement observed in last 15 epochs. Best results observed at epoch 34, best model saved as best.pt.
To update EarlyStopping(patience=15) pass a new patience value, i.e. `patience=300` or use `patience=0` to disable EarlyStopping.

49 epochs completed in 2.548 hours.
Optimizer stripped from /lunarc/nobackup/projects/lu2023-17-41/carl/LTU/LTU_Thesis_v2/cnet/cnet_dataset_80-10-10-page_400/yolov8x/20240421_T1320_400/weights/last.pt, 136.8MB
Optimizer stripped from /lunarc/nobackup/projects/lu2023-17-41/carl/LTU/LTU_Thesis_v2/cnet/cnet_dataset_80-10-10-page_400/yolov8x/20240421_T1320_400/weights/best.pt, 136.8MB

Validating /lunarc/nobackup/projects/lu2023-17-41/carl/LTU/LTU_Thesis_v2/cnet/cnet_dataset_80-10-10-page_400/yolov8x/20240421_T1320_400/weights/best.pt...
Ultralytics YOLOv8.1.43 🚀 Python-3.11.4 torch-2.1.0+cu121 CUDA:0 (NVIDIA A100 80GB PCIe, 81038MiB)
Model summary (fused): 268 layers, 68189052 parameters, 0 gradients, 257.8 GFLOPs
                   all       1538       2859      0.955      0.926      0.937      0.662
                  0985       1538         55      0.965      0.999      0.995      0.803
                  0987       1538         53      0.992      0.943      0.984      0.831
                  0988       1538         50      0.968          1      0.978      0.812
                  0989       1538        128      0.954      0.992      0.995      0.832
                  098A       1538         81      0.995          1      0.995      0.829
                  098F       1538         54      0.991      0.889      0.954      0.685
                  0990       1538         56      0.942          1      0.992      0.869
                  0993       1538         43      0.995          1      0.995      0.968
                  0994       1538         45      0.989          1      0.995      0.822
                  0995       1538         63      0.981          1      0.995      0.634
                  0997       1538         18          1      0.876      0.929      0.661
                  0998       1538         48      0.992          1      0.995      0.772
                  0999       1538        175          1          0          0          0
                  099C       1538         37      0.987          1      0.995      0.699
                  099D       1538         24          1       0.94      0.985      0.598
                  099F       1538         43       0.95          1      0.951      0.856
                  09A0       1538         49          1       0.95      0.995      0.703
                  09A3       1538         44       0.99          1      0.995      0.671
                  09A4       1538         48      0.959      0.964      0.983      0.616
                  09A6       1538         95          1       0.99      0.995      0.593
                  09A7       1538         57      0.245          1      0.995      0.726
                  09A8       1538         70      0.992      0.971      0.994      0.594
                  09AA       1538         51      0.977      0.922      0.953      0.597
                  09AB       1538         37       0.99          1      0.995      0.765
                  09AC       1538        104       0.96      0.952      0.961      0.595
                  09AD       1538         49      0.934      0.864      0.929      0.623
                  09AE       1538         54      0.993          1      0.995      0.642
                  09B0       1538        292      0.969      0.963      0.969       0.59
                  09B2       1538         48          1      0.986      0.995      0.621
                  09B6       1538         53      0.993      0.981      0.995      0.707
                  09B7       1538         46      0.954      0.897      0.952      0.591
                  09B8       1538        115      0.981      0.974      0.994      0.608
                  09B9       1538         44      0.973      0.955      0.988      0.548
                  09DF       1538         61      0.921          1      0.993      0.806
                  0982       1538         58      0.927      0.931      0.944      0.506
                  09CE       1538         52      0.993          1      0.995      0.618
        09A8 09CD 09A6       1538         52      0.961      0.955      0.953      0.611
        0999 09CD 0997       1538         95          1          0          0          0
        09A8 09CD 09A4       1538         48      0.978          1      0.995       0.62
        0995 09CD 09B8       1538         48      0.992          1      0.995      0.644
        09A4 09CD 09A4       1538         55      0.947      0.968      0.977       0.59
        099F 09CD 099F       1538         53      0.679       0.92      0.968      0.774
        09B7 09CD 09A3       1538         52      0.992          1      0.995      0.706
        09A6 09CD 09A7       1538         56      0.996      0.982      0.994      0.792
Speed: 0.2ms preprocess, 2.0ms inference, 0.0ms loss, 0.6ms postprocess per image
Results saved to [1m/lunarc/nobackup/projects/lu2023-17-41/carl/LTU/LTU_Thesis_v2/cnet/cnet_dataset_80-10-10-page_400/yolov8x/20240421_T1320_400[0m
Ultralytics YOLOv8.1.43 🚀 Python-3.11.4 torch-2.1.0+cu121 CUDA:0 (NVIDIA A100 80GB PCIe, 81038MiB)
Model summary (fused): 268 layers, 68189052 parameters, 0 gradients, 257.8 GFLOPs

[34m[1mPyTorch:[0m starting from '/lunarc/nobackup/projects/lu2023-17-41/carl/LTU/LTU_Thesis_v2/cnet/cnet_dataset_80-10-10-page_400/yolov8x/20240421_T1320_400/weights/best.pt' with input shape (1, 3, 640, 640) BCHW and output shape(s) (1, 72, 8400) (130.5 MB)

[34m[1mONNX:[0m starting export with onnx 1.15.0 opset 17...
[34m[1mONNX:[0m export success ✅ 1.6s, saved as '/lunarc/nobackup/projects/lu2023-17-41/carl/LTU/LTU_Thesis_v2/cnet/cnet_dataset_80-10-10-page_400/yolov8x/20240421_T1320_400/weights/best.onnx' (260.4 MB)

Export complete (2.2s)
Results saved to [1m/lunarc/nobackup/projects/lu2023-17-41/carl/LTU/LTU_Thesis_v2/cnet/cnet_dataset_80-10-10-page_400/yolov8x/20240421_T1320_400/weights[0m
Predict:         yolo predict task=detect model=/lunarc/nobackup/projects/lu2023-17-41/carl/LTU/LTU_Thesis_v2/cnet/cnet_dataset_80-10-10-page_400/yolov8x/20240421_T1320_400/weights/best.onnx imgsz=640  
Validate:        yolo val task=detect model=/lunarc/nobackup/projects/lu2023-17-41/carl/LTU/LTU_Thesis_v2/cnet/cnet_dataset_80-10-10-page_400/yolov8x/20240421_T1320_400/weights/best.onnx imgsz=640 data=/lunarc/nobackup/projects/lu2023-17-41/carl/LTU/LTU_Thesis_v2/cnet/cnet_dataset_80-10-10-page_400/c_data.yaml  
Visualize:       https://netron.app
Total training time: 9219.119725942612 seconds
Finished processing.
