Starting processing work
Changing directory
Start work
Updated the 'path' in /lunarc/nobackup/projects/lu2023-17-41/carl/LTU/LTU_Thesis_v2/cnet/cnet_dataset_80-10-10-page_50/c_data.yaml
New https://pypi.org/project/ultralytics/8.2.2 available 😃 Update with 'pip install -U ultralytics'
Ultralytics YOLOv8.1.43 🚀 Python-3.11.4 torch-2.1.0+cu121 CUDA:0 (NVIDIA A100 80GB PCIe, 81038MiB)
[34m[1mengine/trainer: [0mtask=detect, mode=train, model=/lunarc/nobackup/projects/lu2023-17-41/carl/LTU/LTU_Thesis_v2/yolov8x.pt, data=/lunarc/nobackup/projects/lu2023-17-41/carl/LTU/LTU_Thesis_v2/cnet/cnet_dataset_80-10-10-page_50/c_data.yaml, epochs=250, time=None, patience=15, batch=16, imgsz=640, save=True, save_period=-1, cache=False, device=0, workers=8, project=/lunarc/nobackup/projects/lu2023-17-41/carl/LTU/LTU_Thesis_v2/cnet/cnet_dataset_80-10-10-page_50/yolov8x, name=20240421_T1320_50, exist_ok=False, pretrained=True, optimizer=auto, verbose=True, seed=0, deterministic=True, single_cls=False, rect=False, cos_lr=False, close_mosaic=10, resume=False, amp=True, fraction=1.0, profile=False, freeze=None, multi_scale=False, overlap_mask=True, mask_ratio=4, dropout=0.0, val=True, split=val, save_json=False, save_hybrid=False, conf=None, iou=0.7, max_det=300, half=False, dnn=False, plots=True, source=None, vid_stride=1, stream_buffer=False, visualize=False, augment=False, agnostic_nms=False, classes=None, retina_masks=False, embed=None, show=False, save_frames=False, save_txt=False, save_conf=False, save_crop=False, show_labels=True, show_conf=True, show_boxes=True, line_width=None, format=torchscript, keras=False, optimize=False, int8=False, dynamic=False, simplify=False, opset=None, workspace=4, nms=False, lr0=0.01, lrf=0.01, momentum=0.937, weight_decay=0.0005, warmup_epochs=3.0, warmup_momentum=0.8, warmup_bias_lr=0.1, box=7.5, cls=0.5, dfl=1.5, pose=12.0, kobj=1.0, label_smoothing=0.0, nbs=64, hsv_h=0.015, hsv_s=0.7, hsv_v=0.4, degrees=5.0, translate=0.1, scale=0.5, shear=5.0, perspective=0.0, flipud=0.0, fliplr=0.0, bgr=0.0, mosaic=1.0, mixup=0.0, copy_paste=0.0, auto_augment=randaugment, erasing=0.4, crop_fraction=1.0, cfg=None, tracker=botsort.yaml, save_dir=/lunarc/nobackup/projects/lu2023-17-41/carl/LTU/LTU_Thesis_v2/cnet/cnet_dataset_80-10-10-page_50/yolov8x/20240421_T1320_50
Overriding model.yaml nc=80 with nc=68

                   from  n    params  module                                       arguments                     
  0                  -1  1      2320  ultralytics.nn.modules.conv.Conv             [3, 80, 3, 2]                 
  1                  -1  1    115520  ultralytics.nn.modules.conv.Conv             [80, 160, 3, 2]               
  2                  -1  3    436800  ultralytics.nn.modules.block.C2f             [160, 160, 3, True]           
  3                  -1  1    461440  ultralytics.nn.modules.conv.Conv             [160, 320, 3, 2]              
  4                  -1  6   3281920  ultralytics.nn.modules.block.C2f             [320, 320, 6, True]           
  5                  -1  1   1844480  ultralytics.nn.modules.conv.Conv             [320, 640, 3, 2]              
  6                  -1  6  13117440  ultralytics.nn.modules.block.C2f             [640, 640, 6, True]           
  7                  -1  1   3687680  ultralytics.nn.modules.conv.Conv             [640, 640, 3, 2]              
  8                  -1  3   6969600  ultralytics.nn.modules.block.C2f             [640, 640, 3, True]           
  9                  -1  1   1025920  ultralytics.nn.modules.block.SPPF            [640, 640, 5]                 
 10                  -1  1         0  torch.nn.modules.upsampling.Upsample         [None, 2, 'nearest']          
 11             [-1, 6]  1         0  ultralytics.nn.modules.conv.Concat           [1]                           
 12                  -1  3   7379200  ultralytics.nn.modules.block.C2f             [1280, 640, 3]                
 13                  -1  1         0  torch.nn.modules.upsampling.Upsample         [None, 2, 'nearest']          
 14             [-1, 4]  1         0  ultralytics.nn.modules.conv.Concat           [1]                           
 15                  -1  3   1948800  ultralytics.nn.modules.block.C2f             [960, 320, 3]                 
 16                  -1  1    922240  ultralytics.nn.modules.conv.Conv             [320, 320, 3, 2]              
 17            [-1, 12]  1         0  ultralytics.nn.modules.conv.Concat           [1]                           
 18                  -1  3   7174400  ultralytics.nn.modules.block.C2f             [960, 640, 3]                 
 19                  -1  1   3687680  ultralytics.nn.modules.conv.Conv             [640, 640, 3, 2]              
 20             [-1, 9]  1         0  ultralytics.nn.modules.conv.Concat           [1]                           
 21                  -1  3   7379200  ultralytics.nn.modules.block.C2f             [1280, 640, 3]                
 22        [15, 18, 21]  1   8783452  ultralytics.nn.modules.head.Detect           [68, [320, 640, 640]]         
Model summary: 365 layers, 68218092 parameters, 68218076 gradients, 258.5 GFLOPs

Transferred 589/595 items from pretrained weights
[34m[1mTensorBoard: [0mStart with 'tensorboard --logdir /lunarc/nobackup/projects/lu2023-17-41/carl/LTU/LTU_Thesis_v2/cnet/cnet_dataset_80-10-10-page_50/yolov8x/20240421_T1320_50', view at http://localhost:6006/
Freezing layer 'model.22.dfl.conv.weight'
[34m[1mAMP: [0mrunning Automatic Mixed Precision (AMP) checks with YOLOv8n...
[34m[1mAMP: [0mchecks passed ✅
[34m[1mtrain: [0mNew cache created: /lunarc/nobackup/projects/lu2023-17-41/carl/LTU/LTU_Thesis_v2/data/dataset_80-10-10-page_50/c_data/train/labels.cache
[34m[1mval: [0mNew cache created: /lunarc/nobackup/projects/lu2023-17-41/carl/LTU/LTU_Thesis_v2/data/dataset_80-10-10-page_50/c_data/validation/labels.cache
Plotting labels to /lunarc/nobackup/projects/lu2023-17-41/carl/LTU/LTU_Thesis_v2/cnet/cnet_dataset_80-10-10-page_50/yolov8x/20240421_T1320_50/labels.jpg... 
[34m[1moptimizer:[0m 'optimizer=auto' found, ignoring 'lr0=0.01' and 'momentum=0.937' and determining best 'optimizer', 'lr0' and 'momentum' automatically... 
[34m[1moptimizer:[0m AdamW(lr=0.000139, momentum=0.9) with parameter groups 97 weight(decay=0.0), 104 weight(decay=0.0005), 103 bias(decay=0.0)
[34m[1mTensorBoard: [0mmodel graph visualization added ✅
Image sizes 640 train, 640 val
Using 8 dataloader workers
Logging results to [1m/lunarc/nobackup/projects/lu2023-17-41/carl/LTU/LTU_Thesis_v2/cnet/cnet_dataset_80-10-10-page_50/yolov8x/20240421_T1320_50[0m
Starting training for 250 epochs...

      Epoch    GPU_mem   box_loss   cls_loss   dfl_loss  Instances       Size
                   all        185        349      0.469      0.497      0.468       0.26

      Epoch    GPU_mem   box_loss   cls_loss   dfl_loss  Instances       Size
                   all        185        349      0.719      0.636      0.754      0.432

      Epoch    GPU_mem   box_loss   cls_loss   dfl_loss  Instances       Size
                   all        185        349      0.688      0.697      0.789      0.467

      Epoch    GPU_mem   box_loss   cls_loss   dfl_loss  Instances       Size
                   all        185        349       0.83      0.722      0.808       0.48

      Epoch    GPU_mem   box_loss   cls_loss   dfl_loss  Instances       Size
                   all        185        349      0.802      0.753      0.882       0.52

      Epoch    GPU_mem   box_loss   cls_loss   dfl_loss  Instances       Size
                   all        185        349      0.773      0.788      0.871      0.521

      Epoch    GPU_mem   box_loss   cls_loss   dfl_loss  Instances       Size
                   all        185        349      0.827      0.774      0.892      0.554

      Epoch    GPU_mem   box_loss   cls_loss   dfl_loss  Instances       Size
                   all        185        349      0.871      0.805      0.893      0.533

      Epoch    GPU_mem   box_loss   cls_loss   dfl_loss  Instances       Size
                   all        185        349       0.85      0.821      0.883      0.498

      Epoch    GPU_mem   box_loss   cls_loss   dfl_loss  Instances       Size
                   all        185        349      0.876      0.814      0.895      0.554

      Epoch    GPU_mem   box_loss   cls_loss   dfl_loss  Instances       Size
                   all        185        349      0.887      0.839       0.93      0.584

      Epoch    GPU_mem   box_loss   cls_loss   dfl_loss  Instances       Size
                   all        185        349      0.876       0.83      0.896      0.539

      Epoch    GPU_mem   box_loss   cls_loss   dfl_loss  Instances       Size
                   all        185        349        0.9      0.828      0.891      0.552

      Epoch    GPU_mem   box_loss   cls_loss   dfl_loss  Instances       Size
                   all        185        349      0.899      0.844      0.917      0.572

      Epoch    GPU_mem   box_loss   cls_loss   dfl_loss  Instances       Size
                   all        185        349      0.881      0.808      0.887      0.538

      Epoch    GPU_mem   box_loss   cls_loss   dfl_loss  Instances       Size
                   all        185        349      0.931      0.855      0.915      0.558

      Epoch    GPU_mem   box_loss   cls_loss   dfl_loss  Instances       Size
                   all        185        349      0.899      0.845      0.911      0.546

      Epoch    GPU_mem   box_loss   cls_loss   dfl_loss  Instances       Size
                   all        185        349      0.908      0.813       0.89      0.546

      Epoch    GPU_mem   box_loss   cls_loss   dfl_loss  Instances       Size
                   all        185        349      0.897      0.899      0.932       0.58

      Epoch    GPU_mem   box_loss   cls_loss   dfl_loss  Instances       Size
                   all        185        349      0.917       0.81      0.918      0.573

      Epoch    GPU_mem   box_loss   cls_loss   dfl_loss  Instances       Size
                   all        185        349      0.861      0.862      0.914      0.577

      Epoch    GPU_mem   box_loss   cls_loss   dfl_loss  Instances       Size
                   all        185        349      0.871      0.842        0.9      0.563

      Epoch    GPU_mem   box_loss   cls_loss   dfl_loss  Instances       Size
                   all        185        349      0.903      0.834      0.923      0.587

      Epoch    GPU_mem   box_loss   cls_loss   dfl_loss  Instances       Size
                   all        185        349      0.883      0.869      0.914      0.576

      Epoch    GPU_mem   box_loss   cls_loss   dfl_loss  Instances       Size
                   all        185        349      0.889      0.838      0.907      0.585

      Epoch    GPU_mem   box_loss   cls_loss   dfl_loss  Instances       Size
                   all        185        349      0.902      0.845      0.911      0.581

      Epoch    GPU_mem   box_loss   cls_loss   dfl_loss  Instances       Size
                   all        185        349      0.897      0.813       0.88      0.561

      Epoch    GPU_mem   box_loss   cls_loss   dfl_loss  Instances       Size
                   all        185        349      0.918       0.87      0.938      0.585

      Epoch    GPU_mem   box_loss   cls_loss   dfl_loss  Instances       Size
                   all        185        349       0.87      0.855      0.921      0.579

      Epoch    GPU_mem   box_loss   cls_loss   dfl_loss  Instances       Size
                   all        185        349      0.827      0.859      0.897      0.561

      Epoch    GPU_mem   box_loss   cls_loss   dfl_loss  Instances       Size
                   all        185        349      0.866      0.835      0.909      0.562

      Epoch    GPU_mem   box_loss   cls_loss   dfl_loss  Instances       Size
                   all        185        349      0.887      0.845       0.93      0.593

      Epoch    GPU_mem   box_loss   cls_loss   dfl_loss  Instances       Size
                   all        185        349      0.917      0.897      0.943      0.604

      Epoch    GPU_mem   box_loss   cls_loss   dfl_loss  Instances       Size
                   all        185        349      0.898      0.848        0.9      0.566

      Epoch    GPU_mem   box_loss   cls_loss   dfl_loss  Instances       Size
                   all        185        349      0.856       0.85      0.896      0.578

      Epoch    GPU_mem   box_loss   cls_loss   dfl_loss  Instances       Size
                   all        185        349       0.91      0.878      0.941      0.592

      Epoch    GPU_mem   box_loss   cls_loss   dfl_loss  Instances       Size
                   all        185        349      0.902      0.853      0.917      0.577

      Epoch    GPU_mem   box_loss   cls_loss   dfl_loss  Instances       Size
                   all        185        349      0.888      0.879      0.929      0.598

      Epoch    GPU_mem   box_loss   cls_loss   dfl_loss  Instances       Size
                   all        185        349      0.864      0.872      0.903      0.581

      Epoch    GPU_mem   box_loss   cls_loss   dfl_loss  Instances       Size
                   all        185        349      0.871      0.819      0.888      0.571

      Epoch    GPU_mem   box_loss   cls_loss   dfl_loss  Instances       Size
                   all        185        349       0.87      0.865      0.909      0.571

      Epoch    GPU_mem   box_loss   cls_loss   dfl_loss  Instances       Size
                   all        185        349      0.937      0.837      0.898      0.582

      Epoch    GPU_mem   box_loss   cls_loss   dfl_loss  Instances       Size
                   all        185        349      0.884      0.839      0.908      0.568

      Epoch    GPU_mem   box_loss   cls_loss   dfl_loss  Instances       Size
                   all        185        349      0.919      0.824      0.922      0.572

      Epoch    GPU_mem   box_loss   cls_loss   dfl_loss  Instances       Size
                   all        185        349      0.901       0.88      0.932      0.595

      Epoch    GPU_mem   box_loss   cls_loss   dfl_loss  Instances       Size
                   all        185        349      0.871       0.83      0.915       0.58

      Epoch    GPU_mem   box_loss   cls_loss   dfl_loss  Instances       Size
                   all        185        349      0.938      0.869      0.949      0.616

      Epoch    GPU_mem   box_loss   cls_loss   dfl_loss  Instances       Size
                   all        185        349      0.889      0.863      0.942      0.601

      Epoch    GPU_mem   box_loss   cls_loss   dfl_loss  Instances       Size
                   all        185        349      0.911      0.881      0.931      0.581

      Epoch    GPU_mem   box_loss   cls_loss   dfl_loss  Instances       Size
                   all        185        349      0.884      0.863      0.916      0.577

      Epoch    GPU_mem   box_loss   cls_loss   dfl_loss  Instances       Size
                   all        185        349       0.89      0.865      0.916      0.586

      Epoch    GPU_mem   box_loss   cls_loss   dfl_loss  Instances       Size
                   all        185        349      0.912      0.852      0.942      0.594

      Epoch    GPU_mem   box_loss   cls_loss   dfl_loss  Instances       Size
                   all        185        349      0.877       0.85      0.913      0.589

      Epoch    GPU_mem   box_loss   cls_loss   dfl_loss  Instances       Size
                   all        185        349      0.852      0.829      0.887      0.565

      Epoch    GPU_mem   box_loss   cls_loss   dfl_loss  Instances       Size
                   all        185        349      0.904      0.848      0.923      0.575

      Epoch    GPU_mem   box_loss   cls_loss   dfl_loss  Instances       Size
                   all        185        349      0.861      0.861      0.915       0.58

      Epoch    GPU_mem   box_loss   cls_loss   dfl_loss  Instances       Size
                   all        185        349      0.837      0.848      0.901      0.568

      Epoch    GPU_mem   box_loss   cls_loss   dfl_loss  Instances       Size
                   all        185        349      0.869      0.862      0.901      0.562

      Epoch    GPU_mem   box_loss   cls_loss   dfl_loss  Instances       Size
                   all        185        349      0.851      0.832      0.883      0.552

      Epoch    GPU_mem   box_loss   cls_loss   dfl_loss  Instances       Size
                   all        185        349      0.924      0.853      0.936      0.602

      Epoch    GPU_mem   box_loss   cls_loss   dfl_loss  Instances       Size
                   all        185        349      0.801      0.884      0.895      0.577

      Epoch    GPU_mem   box_loss   cls_loss   dfl_loss  Instances       Size
                   all        185        349      0.869      0.867      0.913      0.588
[34m[1mEarlyStopping: [0mTraining stopped early as no improvement observed in last 15 epochs. Best results observed at epoch 47, best model saved as best.pt.
To update EarlyStopping(patience=15) pass a new patience value, i.e. `patience=300` or use `patience=0` to disable EarlyStopping.

62 epochs completed in 0.423 hours.
Optimizer stripped from /lunarc/nobackup/projects/lu2023-17-41/carl/LTU/LTU_Thesis_v2/cnet/cnet_dataset_80-10-10-page_50/yolov8x/20240421_T1320_50/weights/last.pt, 136.9MB
Optimizer stripped from /lunarc/nobackup/projects/lu2023-17-41/carl/LTU/LTU_Thesis_v2/cnet/cnet_dataset_80-10-10-page_50/yolov8x/20240421_T1320_50/weights/best.pt, 136.9MB

Validating /lunarc/nobackup/projects/lu2023-17-41/carl/LTU/LTU_Thesis_v2/cnet/cnet_dataset_80-10-10-page_50/yolov8x/20240421_T1320_50/weights/best.pt...
Ultralytics YOLOv8.1.43 🚀 Python-3.11.4 torch-2.1.0+cu121 CUDA:0 (NVIDIA A100 80GB PCIe, 81038MiB)
Model summary (fused): 268 layers, 68189052 parameters, 0 gradients, 257.8 GFLOPs
                   all        185        349      0.938      0.869      0.949      0.616
                  0985        185          9      0.922      0.889      0.984       0.74
                  0987        185          7       0.97          1      0.995      0.715
                  0988        185          4      0.781          1      0.995      0.711
                  0989        185         20          1      0.911      0.978      0.731
                  098A        185          9      0.944          1      0.995      0.746
                  098F        185          7          1      0.802      0.995      0.629
                  0990        185          6      0.851          1      0.995      0.858
                  0993        185          4      0.943          1      0.995      0.862
                  0994        185          6      0.839      0.876      0.948      0.792
                  0995        185          4          1      0.991      0.995      0.567
                  0998        185          5          1      0.918      0.995       0.72
                  0999        185         19          1          0      0.995      0.597
                  099C        185          5      0.889          1      0.995      0.529
                  099D        185          2          1      0.657      0.995      0.722
                  099F        185          5      0.797          1      0.995      0.825
                  09A0        185          5      0.974          1      0.995       0.63
                  09A3        185          5      0.962          1      0.995      0.598
                  09A4        185          4      0.988          1      0.995      0.669
                  09A6        185          9      0.917          1      0.995      0.575
                  09A7        185          3      0.927          1      0.995      0.697
                  09A8        185         14      0.989          1      0.995      0.581
                  09AA        185          1      0.855          1      0.995      0.398
                  09AB        185          5      0.955          1      0.995       0.73
                  09AC        185         11      0.895      0.909      0.891      0.514
                  09AD        185          6          1      0.768      0.995      0.564
                  09AE        185          9          1      0.944      0.995      0.508
                  09B0        185         37      0.857      0.811      0.869      0.521
                  09B2        185          6      0.929          1      0.995      0.543
                  09B6        185          7          1      0.625      0.953      0.735
                  09B7        185          6          1      0.852      0.995      0.593
                  09B8        185         14      0.986      0.929       0.99      0.578
                  09B9        185         10      0.775        0.7      0.819      0.294
                  09DF        185          2      0.848          1      0.995      0.822
                  0982        185          7      0.921      0.714       0.96      0.438
                  09CE        185          6      0.986          1      0.995      0.579
        09A8 09CD 09A6        185         10      0.858      0.602      0.739      0.461
        0999 09CD 0997        185         10          1          0          0          0
        09A8 09CD 09A4        185         10          1       0.92      0.995      0.666
        0995 09CD 09B8        185          2      0.936          1      0.995      0.605
        09A4 09CD 09A4        185         12      0.894      0.833      0.972      0.458
        099F 09CD 099F        185         11          1      0.865      0.995      0.796
        09B7 09CD 09A3        185          9      0.974          1      0.995      0.508
        09A6 09CD 09A7        185          6      0.956      0.833      0.869      0.666
Speed: 0.2ms preprocess, 2.5ms inference, 0.0ms loss, 1.2ms postprocess per image
Results saved to [1m/lunarc/nobackup/projects/lu2023-17-41/carl/LTU/LTU_Thesis_v2/cnet/cnet_dataset_80-10-10-page_50/yolov8x/20240421_T1320_50[0m
Ultralytics YOLOv8.1.43 🚀 Python-3.11.4 torch-2.1.0+cu121 CUDA:0 (NVIDIA A100 80GB PCIe, 81038MiB)
Model summary (fused): 268 layers, 68189052 parameters, 0 gradients, 257.8 GFLOPs

[34m[1mPyTorch:[0m starting from '/lunarc/nobackup/projects/lu2023-17-41/carl/LTU/LTU_Thesis_v2/cnet/cnet_dataset_80-10-10-page_50/yolov8x/20240421_T1320_50/weights/best.pt' with input shape (1, 3, 640, 640) BCHW and output shape(s) (1, 72, 8400) (130.5 MB)

[34m[1mONNX:[0m starting export with onnx 1.15.0 opset 17...
[34m[1mONNX:[0m export success ✅ 1.7s, saved as '/lunarc/nobackup/projects/lu2023-17-41/carl/LTU/LTU_Thesis_v2/cnet/cnet_dataset_80-10-10-page_50/yolov8x/20240421_T1320_50/weights/best.onnx' (260.4 MB)

Export complete (2.4s)
Results saved to [1m/lunarc/nobackup/projects/lu2023-17-41/carl/LTU/LTU_Thesis_v2/cnet/cnet_dataset_80-10-10-page_50/yolov8x/20240421_T1320_50/weights[0m
Predict:         yolo predict task=detect model=/lunarc/nobackup/projects/lu2023-17-41/carl/LTU/LTU_Thesis_v2/cnet/cnet_dataset_80-10-10-page_50/yolov8x/20240421_T1320_50/weights/best.onnx imgsz=640  
Validate:        yolo val task=detect model=/lunarc/nobackup/projects/lu2023-17-41/carl/LTU/LTU_Thesis_v2/cnet/cnet_dataset_80-10-10-page_50/yolov8x/20240421_T1320_50/weights/best.onnx imgsz=640 data=/lunarc/nobackup/projects/lu2023-17-41/carl/LTU/LTU_Thesis_v2/cnet/cnet_dataset_80-10-10-page_50/c_data.yaml  
Visualize:       https://netron.app
Total training time: 1554.1675820350647 seconds
Finished processing.
