Starting processing work
Changing directory
Start work
Updated the 'path' in /lunarc/nobackup/projects/lu2023-17-41/carl/LTU/LTU_Thesis_v2/cdnet/cdnet_BSHBD_80-10-10-page_25/data.yaml
Ultralytics YOLOv8.2.5 🚀 Python-3.11.4 torch-2.1.0+cu121 CUDA:0 (NVIDIA A100 80GB PCIe, 81038MiB)
[34m[1mengine/trainer: [0mtask=detect, mode=train, model=/lunarc/nobackup/projects/lu2023-17-41/carl/LTU/LTU_Thesis_v2/yolov9e.pt, data=/lunarc/nobackup/projects/lu2023-17-41/carl/LTU/LTU_Thesis_v2/cdnet/cdnet_BSHBD_80-10-10-page_25/data.yaml, epochs=250, time=None, patience=15, batch=16, imgsz=640, save=True, save_period=-1, cache=False, device=0, workers=8, project=/lunarc/nobackup/projects/lu2023-17-41/carl/LTU/LTU_Thesis_v2/cdnet/cdnet_BSHBD_80-10-10-page_25/yolov9e, name=20240502_T1720, exist_ok=False, pretrained=True, optimizer=auto, verbose=True, seed=0, deterministic=True, single_cls=False, rect=False, cos_lr=False, close_mosaic=10, resume=False, amp=True, fraction=1.0, profile=False, freeze=None, multi_scale=False, overlap_mask=True, mask_ratio=4, dropout=0.0, val=True, split=val, save_json=False, save_hybrid=False, conf=None, iou=0.7, max_det=300, half=False, dnn=False, plots=True, source=None, vid_stride=1, stream_buffer=False, visualize=False, augment=False, agnostic_nms=False, classes=None, retina_masks=False, embed=None, show=False, save_frames=False, save_txt=False, save_conf=False, save_crop=False, show_labels=True, show_conf=True, show_boxes=True, line_width=None, format=torchscript, keras=False, optimize=False, int8=False, dynamic=False, simplify=False, opset=None, workspace=4, nms=False, lr0=0.01, lrf=0.01, momentum=0.937, weight_decay=0.0005, warmup_epochs=3.0, warmup_momentum=0.8, warmup_bias_lr=0.1, box=7.5, cls=0.5, dfl=1.5, pose=12.0, kobj=1.0, label_smoothing=0.0, nbs=64, hsv_h=0.015, hsv_s=0.7, hsv_v=0.4, degrees=5.0, translate=0.1, scale=0.5, shear=5.0, perspective=0.0, flipud=0.0, fliplr=0.0, bgr=0.0, mosaic=1.0, mixup=0.0, copy_paste=0.0, auto_augment=randaugment, erasing=0.4, crop_fraction=1.0, cfg=None, tracker=botsort.yaml, save_dir=/lunarc/nobackup/projects/lu2023-17-41/carl/LTU/LTU_Thesis_v2/cdnet/cdnet_BSHBD_80-10-10-page_25/yolov9e/20240502_T1720
Overriding model.yaml nc=80 with nc=263

                   from  n    params  module                                       arguments                     
  0                  -1  1         0  ultralytics.nn.modules.block.Silence         []                            
  1                  -1  1      1856  ultralytics.nn.modules.conv.Conv             [3, 64, 3, 2]                 
  2                  -1  1     73984  ultralytics.nn.modules.conv.Conv             [64, 128, 3, 2]               
  3                  -1  1    252160  ultralytics.nn.modules.block.RepNCSPELAN4    [128, 256, 128, 64, 2]        
  4                  -1  1    164352  ultralytics.nn.modules.block.ADown           [256, 256]                    
  5                  -1  1   1004032  ultralytics.nn.modules.block.RepNCSPELAN4    [256, 512, 256, 128, 2]       
  6                  -1  1    656384  ultralytics.nn.modules.block.ADown           [512, 512]                    
  7                  -1  1   4006912  ultralytics.nn.modules.block.RepNCSPELAN4    [512, 1024, 512, 256, 2]      
  8                  -1  1   2623488  ultralytics.nn.modules.block.ADown           [1024, 1024]                  
  9                  -1  1   4269056  ultralytics.nn.modules.block.RepNCSPELAN4    [1024, 1024, 512, 256, 2]     
 10                   1  1      4160  ultralytics.nn.modules.block.CBLinear        [64, [64]]                    
 11                   3  1     49344  ultralytics.nn.modules.block.CBLinear        [256, [64, 128]]              
 12                   5  1    229824  ultralytics.nn.modules.block.CBLinear        [512, [64, 128, 256]]         
 13                   7  1    984000  ultralytics.nn.modules.block.CBLinear        [1024, [64, 128, 256, 512]]   
 14                   9  1   2033600  ultralytics.nn.modules.block.CBLinear        [1024, [64, 128, 256, 512, 1024]]
 15                   0  1      1856  ultralytics.nn.modules.conv.Conv             [3, 64, 3, 2]                 
 16[10, 11, 12, 13, 14, -1]  1         0  ultralytics.nn.modules.block.CBFuse          [[0, 0, 0, 0, 0]]             
 17                  -1  1     73984  ultralytics.nn.modules.conv.Conv             [64, 128, 3, 2]               
 18[11, 12, 13, 14, -1]  1         0  ultralytics.nn.modules.block.CBFuse          [[1, 1, 1, 1]]                
 19                  -1  1    252160  ultralytics.nn.modules.block.RepNCSPELAN4    [128, 256, 128, 64, 2]        
 20                  -1  1    164352  ultralytics.nn.modules.block.ADown           [256, 256]                    
 21    [12, 13, 14, -1]  1         0  ultralytics.nn.modules.block.CBFuse          [[2, 2, 2]]                   
 22                  -1  1   1004032  ultralytics.nn.modules.block.RepNCSPELAN4    [256, 512, 256, 128, 2]       
 23                  -1  1    656384  ultralytics.nn.modules.block.ADown           [512, 512]                    
 24        [13, 14, -1]  1         0  ultralytics.nn.modules.block.CBFuse          [[3, 3]]                      
 25                  -1  1   4006912  ultralytics.nn.modules.block.RepNCSPELAN4    [512, 1024, 512, 256, 2]      
 26                  -1  1   2623488  ultralytics.nn.modules.block.ADown           [1024, 1024]                  
 27            [14, -1]  1         0  ultralytics.nn.modules.block.CBFuse          [[4]]                         
 28                  -1  1   4269056  ultralytics.nn.modules.block.RepNCSPELAN4    [1024, 1024, 512, 256, 2]     
 29                  -1  1    787968  ultralytics.nn.modules.block.SPPELAN         [1024, 512, 256]              
 30                  -1  1         0  torch.nn.modules.upsampling.Upsample         [None, 2, 'nearest']          
 31            [-1, 25]  1         0  ultralytics.nn.modules.conv.Concat           [1]                           
 32                  -1  1   4005888  ultralytics.nn.modules.block.RepNCSPELAN4    [1536, 512, 512, 256, 2]      
 33                  -1  1         0  torch.nn.modules.upsampling.Upsample         [None, 2, 'nearest']          
 34            [-1, 22]  1         0  ultralytics.nn.modules.conv.Concat           [1]                           
 35                  -1  1   1069056  ultralytics.nn.modules.block.RepNCSPELAN4    [1024, 256, 256, 128, 2]      
 36                  -1  1    164352  ultralytics.nn.modules.block.ADown           [256, 256]                    
 37            [-1, 32]  1         0  ultralytics.nn.modules.conv.Concat           [1]                           
 38                  -1  1   3612672  ultralytics.nn.modules.block.RepNCSPELAN4    [768, 512, 512, 256, 2]       
 39                  -1  1    656384  ultralytics.nn.modules.block.ADown           [512, 512]                    
 40            [-1, 29]  1         0  ultralytics.nn.modules.conv.Concat           [1]                           
 41                  -1  1  12860416  ultralytics.nn.modules.block.RepNCSPELAN4    [1024, 512, 1024, 512, 2]     
 42        [35, 38, 41]  1   5785573  ultralytics.nn.modules.head.Detect           [263, [256, 512, 512]]        
YOLOv9e summary: 1225 layers, 58347685 parameters, 58347669 gradients, 193.8 GFLOPs

Transferred 1805/1811 items from pretrained weights
[34m[1mTensorBoard: [0mStart with 'tensorboard --logdir /lunarc/nobackup/projects/lu2023-17-41/carl/LTU/LTU_Thesis_v2/cdnet/cdnet_BSHBD_80-10-10-page_25/yolov9e/20240502_T1720', view at http://localhost:6006/
Freezing layer 'model.42.dfl.conv.weight'
[34m[1mAMP: [0mrunning Automatic Mixed Precision (AMP) checks with YOLOv8n...
[34m[1mAMP: [0mchecks passed ✅
[34m[1mtrain: [0mWARNING ⚠️ /lunarc/nobackup/projects/lu2023-17-41/carl/LTU/LTU_Thesis_v2/data/BSHBD_80-10-10-page_25/train/images/Page014a_Word021.tif: ignoring corrupt image/label: negative label values [  -0.021333]
[34m[1mtrain: [0mWARNING ⚠️ /lunarc/nobackup/projects/lu2023-17-41/carl/LTU/LTU_Thesis_v2/data/BSHBD_80-10-10-page_25/train/images/Page062a_Word077.tif: ignoring corrupt image/label: negative label values [  -0.010929]
[34m[1mtrain: [0mWARNING ⚠️ /lunarc/nobackup/projects/lu2023-17-41/carl/LTU/LTU_Thesis_v2/data/BSHBD_80-10-10-page_25/train/images/Page150a_Word069.tif: ignoring corrupt image/label: negative label values [ -0.0083102]
[34m[1mtrain: [0mNew cache created: /lunarc/nobackup/projects/lu2023-17-41/carl/LTU/LTU_Thesis_v2/data/BSHBD_80-10-10-page_25/train/labels.cache
[34m[1mval: [0mWARNING ⚠️ /lunarc/nobackup/projects/lu2023-17-41/carl/LTU/LTU_Thesis_v2/data/BSHBD_80-10-10-page_25/validation/images/Page218a_Word063.tif: ignoring corrupt image/label: negative label values [  -0.038462]
[34m[1mval: [0mWARNING ⚠️ /lunarc/nobackup/projects/lu2023-17-41/carl/LTU/LTU_Thesis_v2/data/BSHBD_80-10-10-page_25/validation/images/Page223a_Word040.tif: ignoring corrupt image/label: non-normalized or out of bounds coordinates [     1.0053]
[34m[1mval: [0mWARNING ⚠️ /lunarc/nobackup/projects/lu2023-17-41/carl/LTU/LTU_Thesis_v2/data/BSHBD_80-10-10-page_25/validation/images/Page223a_Word054.tif: ignoring corrupt image/label: negative label values [  -0.057692]
[34m[1mval: [0mWARNING ⚠️ /lunarc/nobackup/projects/lu2023-17-41/carl/LTU/LTU_Thesis_v2/data/BSHBD_80-10-10-page_25/validation/images/Page223a_Word093.tif: ignoring corrupt image/label: negative label values [  -0.025641]
[34m[1mval: [0mWARNING ⚠️ /lunarc/nobackup/projects/lu2023-17-41/carl/LTU/LTU_Thesis_v2/data/BSHBD_80-10-10-page_25/validation/images/Page225a_Word045.tif: ignoring corrupt image/label: negative label values [  -0.079365]
[34m[1mval: [0mNew cache created: /lunarc/nobackup/projects/lu2023-17-41/carl/LTU/LTU_Thesis_v2/data/BSHBD_80-10-10-page_25/validation/labels.cache
Plotting labels to /lunarc/nobackup/projects/lu2023-17-41/carl/LTU/LTU_Thesis_v2/cdnet/cdnet_BSHBD_80-10-10-page_25/yolov9e/20240502_T1720/labels.jpg... 
[34m[1moptimizer:[0m 'optimizer=auto' found, ignoring 'lr0=0.01' and 'momentum=0.937' and determining best 'optimizer', 'lr0' and 'momentum' automatically... 
[34m[1moptimizer:[0m SGD(lr=0.01, momentum=0.9) with parameter groups 298 weight(decay=0.0), 310 weight(decay=0.0005), 309 bias(decay=0.0)
[34m[1mTensorBoard: [0mmodel graph visualization added ✅
Image sizes 640 train, 640 val
Using 8 dataloader workers
Logging results to [1m/lunarc/nobackup/projects/lu2023-17-41/carl/LTU/LTU_Thesis_v2/cdnet/cdnet_BSHBD_80-10-10-page_25/yolov9e/20240502_T1720[0m
Starting training for 250 epochs...

      Epoch    GPU_mem   box_loss   cls_loss   dfl_loss  Instances       Size
                   all       2508       8676      0.462      0.244      0.219      0.127

      Epoch    GPU_mem   box_loss   cls_loss   dfl_loss  Instances       Size
                   all       2508       8676      0.606      0.497      0.536      0.323

      Epoch    GPU_mem   box_loss   cls_loss   dfl_loss  Instances       Size
                   all       2508       8676      0.686      0.524      0.612      0.377

      Epoch    GPU_mem   box_loss   cls_loss   dfl_loss  Instances       Size
                   all       2508       8676      0.689      0.574      0.656      0.389

      Epoch    GPU_mem   box_loss   cls_loss   dfl_loss  Instances       Size
                   all       2508       8676       0.71      0.611      0.693       0.43

      Epoch    GPU_mem   box_loss   cls_loss   dfl_loss  Instances       Size
                   all       2508       8676      0.726      0.578      0.685      0.431

      Epoch    GPU_mem   box_loss   cls_loss   dfl_loss  Instances       Size
                   all       2508       8676      0.737      0.654      0.734      0.478

      Epoch    GPU_mem   box_loss   cls_loss   dfl_loss  Instances       Size
                   all       2508       8676      0.739      0.638      0.718      0.455

      Epoch    GPU_mem   box_loss   cls_loss   dfl_loss  Instances       Size
                   all       2508       8676      0.772      0.671      0.763      0.489

      Epoch    GPU_mem   box_loss   cls_loss   dfl_loss  Instances       Size
                   all       2508       8676       0.76      0.708      0.769      0.502

      Epoch    GPU_mem   box_loss   cls_loss   dfl_loss  Instances       Size
                   all       2508       8676      0.783      0.671      0.771      0.508

      Epoch    GPU_mem   box_loss   cls_loss   dfl_loss  Instances       Size
                   all       2508       8676      0.812      0.683      0.787      0.517

      Epoch    GPU_mem   box_loss   cls_loss   dfl_loss  Instances       Size
                   all       2508       8676      0.772      0.663      0.759      0.483

      Epoch    GPU_mem   box_loss   cls_loss   dfl_loss  Instances       Size
                   all       2508       8676      0.789      0.672      0.772      0.509

      Epoch    GPU_mem   box_loss   cls_loss   dfl_loss  Instances       Size
                   all       2508       8676      0.805      0.699      0.785      0.528

      Epoch    GPU_mem   box_loss   cls_loss   dfl_loss  Instances       Size
                   all       2508       8676      0.786      0.707      0.784      0.526

      Epoch    GPU_mem   box_loss   cls_loss   dfl_loss  Instances       Size
                   all       2508       8676      0.813      0.702      0.788       0.53

      Epoch    GPU_mem   box_loss   cls_loss   dfl_loss  Instances       Size
                   all       2508       8676      0.812      0.712      0.794      0.536

      Epoch    GPU_mem   box_loss   cls_loss   dfl_loss  Instances       Size
                   all       2508       8676      0.823      0.701      0.786      0.526

      Epoch    GPU_mem   box_loss   cls_loss   dfl_loss  Instances       Size
                   all       2508       8676      0.828      0.707      0.804       0.53

      Epoch    GPU_mem   box_loss   cls_loss   dfl_loss  Instances       Size
                   all       2508       8676      0.835      0.697        0.8      0.536

      Epoch    GPU_mem   box_loss   cls_loss   dfl_loss  Instances       Size
                   all       2508       8676      0.833      0.695      0.795      0.539

      Epoch    GPU_mem   box_loss   cls_loss   dfl_loss  Instances       Size
                   all       2508       8676      0.825      0.704      0.793      0.535

      Epoch    GPU_mem   box_loss   cls_loss   dfl_loss  Instances       Size
                   all       2508       8676      0.808      0.722      0.792      0.533

      Epoch    GPU_mem   box_loss   cls_loss   dfl_loss  Instances       Size
                   all       2508       8676      0.814      0.697      0.787      0.529

      Epoch    GPU_mem   box_loss   cls_loss   dfl_loss  Instances       Size
                   all       2508       8676      0.811      0.714      0.806      0.547

      Epoch    GPU_mem   box_loss   cls_loss   dfl_loss  Instances       Size
                   all       2508       8676      0.804      0.691      0.773      0.493

      Epoch    GPU_mem   box_loss   cls_loss   dfl_loss  Instances       Size
                   all       2508       8676      0.835      0.691      0.794      0.548

      Epoch    GPU_mem   box_loss   cls_loss   dfl_loss  Instances       Size
                   all       2508       8676      0.823      0.706      0.786       0.54

      Epoch    GPU_mem   box_loss   cls_loss   dfl_loss  Instances       Size
                   all       2508       8676       0.79      0.715      0.792      0.528

      Epoch    GPU_mem   box_loss   cls_loss   dfl_loss  Instances       Size
                   all       2508       8676      0.836      0.694      0.789      0.536

      Epoch    GPU_mem   box_loss   cls_loss   dfl_loss  Instances       Size
                   all       2508       8676      0.807      0.708      0.788      0.531

      Epoch    GPU_mem   box_loss   cls_loss   dfl_loss  Instances       Size
                   all       2508       8676      0.792      0.725      0.796      0.544

      Epoch    GPU_mem   box_loss   cls_loss   dfl_loss  Instances       Size
                   all       2508       8676      0.846      0.689      0.797      0.547

      Epoch    GPU_mem   box_loss   cls_loss   dfl_loss  Instances       Size
                   all       2508       8676      0.847      0.699        0.8      0.548

      Epoch    GPU_mem   box_loss   cls_loss   dfl_loss  Instances       Size
                   all       2508       8676      0.836      0.714      0.792      0.537

      Epoch    GPU_mem   box_loss   cls_loss   dfl_loss  Instances       Size
                   all       2508       8676      0.821      0.703      0.782      0.533

      Epoch    GPU_mem   box_loss   cls_loss   dfl_loss  Instances       Size
                   all       2508       8676       0.82      0.699      0.787       0.54

      Epoch    GPU_mem   box_loss   cls_loss   dfl_loss  Instances       Size
                   all       2508       8676      0.827      0.691      0.783      0.532

      Epoch    GPU_mem   box_loss   cls_loss   dfl_loss  Instances       Size
                   all       2508       8676       0.83      0.705      0.802      0.552

      Epoch    GPU_mem   box_loss   cls_loss   dfl_loss  Instances       Size
                   all       2508       8676       0.83       0.69      0.782       0.53

      Epoch    GPU_mem   box_loss   cls_loss   dfl_loss  Instances       Size
                   all       2508       8676       0.84      0.704      0.795      0.547

      Epoch    GPU_mem   box_loss   cls_loss   dfl_loss  Instances       Size
                   all       2508       8676      0.822      0.703       0.79      0.538

      Epoch    GPU_mem   box_loss   cls_loss   dfl_loss  Instances       Size
                   all       2508       8676       0.83      0.699      0.788      0.532

      Epoch    GPU_mem   box_loss   cls_loss   dfl_loss  Instances       Size
                   all       2508       8676      0.834      0.713      0.798      0.541

      Epoch    GPU_mem   box_loss   cls_loss   dfl_loss  Instances       Size
                   all       2508       8676      0.822      0.719      0.803      0.547

      Epoch    GPU_mem   box_loss   cls_loss   dfl_loss  Instances       Size
                   all       2508       8676      0.834      0.704      0.792      0.537

      Epoch    GPU_mem   box_loss   cls_loss   dfl_loss  Instances       Size
                   all       2508       8676      0.829      0.703      0.794      0.541

      Epoch    GPU_mem   box_loss   cls_loss   dfl_loss  Instances       Size
                   all       2508       8676      0.829      0.707      0.801      0.548

      Epoch    GPU_mem   box_loss   cls_loss   dfl_loss  Instances       Size
                   all       2508       8676      0.844      0.705      0.796      0.539

      Epoch    GPU_mem   box_loss   cls_loss   dfl_loss  Instances       Size
                   all       2508       8676       0.84      0.707      0.791      0.536

      Epoch    GPU_mem   box_loss   cls_loss   dfl_loss  Instances       Size
                   all       2508       8676      0.851      0.706        0.8      0.545

      Epoch    GPU_mem   box_loss   cls_loss   dfl_loss  Instances       Size
                   all       2508       8676      0.836      0.714      0.801      0.553

      Epoch    GPU_mem   box_loss   cls_loss   dfl_loss  Instances       Size
                   all       2508       8676      0.822      0.675      0.779      0.514

      Epoch    GPU_mem   box_loss   cls_loss   dfl_loss  Instances       Size
                   all       2508       8676      0.836      0.703       0.79      0.537

      Epoch    GPU_mem   box_loss   cls_loss   dfl_loss  Instances       Size
                   all       2508       8676       0.84      0.708      0.793       0.54

      Epoch    GPU_mem   box_loss   cls_loss   dfl_loss  Instances       Size
                   all       2508       8676       0.83      0.708       0.79      0.545

      Epoch    GPU_mem   box_loss   cls_loss   dfl_loss  Instances       Size
                   all       2508       8676      0.857      0.702      0.804      0.548

      Epoch    GPU_mem   box_loss   cls_loss   dfl_loss  Instances       Size
                   all       2508       8676      0.846      0.715        0.8      0.553

      Epoch    GPU_mem   box_loss   cls_loss   dfl_loss  Instances       Size
                   all       2508       8676      0.839      0.697      0.791      0.541

      Epoch    GPU_mem   box_loss   cls_loss   dfl_loss  Instances       Size
                   all       2508       8676      0.821      0.719      0.798      0.549

      Epoch    GPU_mem   box_loss   cls_loss   dfl_loss  Instances       Size
                   all       2508       8676      0.837      0.714      0.802      0.549

      Epoch    GPU_mem   box_loss   cls_loss   dfl_loss  Instances       Size
                   all       2508       8676      0.852        0.7      0.794      0.548

      Epoch    GPU_mem   box_loss   cls_loss   dfl_loss  Instances       Size
                   all       2508       8676      0.845      0.711      0.791      0.539

      Epoch    GPU_mem   box_loss   cls_loss   dfl_loss  Instances       Size
                   all       2508       8676      0.846      0.706      0.801       0.55

      Epoch    GPU_mem   box_loss   cls_loss   dfl_loss  Instances       Size
                   all       2508       8676      0.832      0.712      0.795      0.546

      Epoch    GPU_mem   box_loss   cls_loss   dfl_loss  Instances       Size
                   all       2508       8676      0.829      0.706      0.791      0.542

      Epoch    GPU_mem   box_loss   cls_loss   dfl_loss  Instances       Size
                   all       2508       8676      0.835      0.713      0.798      0.547
[34m[1mEarlyStopping: [0mTraining stopped early as no improvement observed in last 15 epochs. Best results observed at epoch 53, best model saved as best.pt.
To update EarlyStopping(patience=15) pass a new patience value, i.e. `patience=300` or use `patience=0` to disable EarlyStopping.

68 epochs completed in 1.785 hours.
Optimizer stripped from /lunarc/nobackup/projects/lu2023-17-41/carl/LTU/LTU_Thesis_v2/cdnet/cdnet_BSHBD_80-10-10-page_25/yolov9e/20240502_T1720/weights/last.pt, 117.7MB
Optimizer stripped from /lunarc/nobackup/projects/lu2023-17-41/carl/LTU/LTU_Thesis_v2/cdnet/cdnet_BSHBD_80-10-10-page_25/yolov9e/20240502_T1720/weights/best.pt, 117.7MB

Validating /lunarc/nobackup/projects/lu2023-17-41/carl/LTU/LTU_Thesis_v2/cdnet/cdnet_BSHBD_80-10-10-page_25/yolov9e/20240502_T1720/weights/best.pt...
Ultralytics YOLOv8.2.5 🚀 Python-3.11.4 torch-2.1.0+cu121 CUDA:0 (NVIDIA A100 80GB PCIe, 81038MiB)
YOLOv9e summary (fused): 687 layers, 57579173 parameters, 0 gradients, 190.3 GFLOPs
                   all       2508       8676      0.835      0.714      0.801      0.552
                  09B0       2508        627      0.898      0.943      0.957       0.61
                  002C       2508        377      0.874       0.79       0.85      0.375
                  09B8       2508        310      0.978      0.568      0.806      0.465
                  09A8       2508        282      0.929      0.602      0.801      0.436
                  0964       2508        205      0.851      0.839      0.825      0.303
                  09AC       2508        195      0.883      0.505      0.745      0.409
             09AC 09BE       2508        188      0.944      0.862      0.937      0.578
                  002D       2508        222      0.807      0.733      0.708      0.209
                  098F       2508        168      0.951      0.869       0.96      0.642
             09A8 09BE       2508        146          1          0      0.101      0.076
                  0986       2508        140       0.78      0.957      0.961      0.705
                  09A6       2508        142      0.958      0.643      0.855      0.453
                  0995       2508        121      0.835      0.917      0.909      0.496
                  099C       2508        120      0.961      0.825      0.932      0.596
                  09AE       2508        117      0.799      0.684      0.834      0.483
                  09AA       2508        122      0.884      0.814      0.903      0.519
                  09B2       2508         96      0.946      0.865      0.957      0.517
                  0982       2508         97      0.958      0.931       0.94      0.418
                  09A4       2508         95      0.948      0.863      0.944      0.562
             09AE 09BE       2508         93      0.702      0.796      0.787      0.537
             0995 09C7       2508         95      0.929      0.916       0.97      0.725
             099C 09BE       2508         93      0.885      0.871      0.914      0.522
   0995 09CD 09B7 09BF       2508         96          1      0.486      0.736      0.511
             09AA 09C2       2508         91      0.932      0.904       0.97      0.647
                  0989       2508         70      0.812      0.987      0.967      0.752
             09AE 09C7       2508         72      0.894      0.861      0.932       0.67
   09AA 09CD 09B0 09BE       2508         71      0.889      0.915      0.942        0.6
             09AE 09C1       2508         72      0.976      0.583      0.828      0.442
             09A6 09C7       2508         72      0.985      0.937      0.992      0.646
                  0998       2508         71      0.863      0.711      0.856       0.59
                  0985       2508         72      0.923      0.875      0.956       0.69
             09A4 09C7       2508         73      0.959      0.973      0.989      0.788
             09AA 09BE       2508         71      0.927      0.901       0.95      0.601
                  09B6       2508         72      0.925      0.687      0.866      0.561
             09B0 09C7       2508         73      0.985      0.879      0.985      0.824
                  09B9       2508         72      0.929      0.912      0.975      0.501
             09B2 09BF       2508         70      0.969      0.899      0.979      0.675
             09A5 09BE       2508         71       0.97      0.972      0.988      0.753
        09B0 09CD 09AC       2508         67      0.905      0.707       0.81        0.4
             09A8 09C7       2508         70      0.854      0.614      0.777      0.552
                  09A3       2508         46      0.753      0.465      0.556      0.282
             09AA 09C1       2508         51      0.975      0.753      0.931      0.586
                  0987       2508         51       0.98       0.95      0.977      0.754
             09B6 09C7       2508         48      0.977      0.888      0.987      0.776
             09B8 09BE       2508         48      0.471       0.75      0.741      0.511
             09B2 09BE       2508         48      0.979      0.969      0.972      0.568
             0996 09BE       2508         48      0.939      0.969       0.99       0.63
             09A6 09C0       2508         45          1     0.0582       0.39      0.305
             0995 09CB       2508         48      0.853      0.917      0.967      0.688
             09B2 09C7       2508         49      0.922      0.918      0.965      0.586
        09A4 09CD 09A4       2508         48      0.931      0.833      0.956      0.479
             09A4 09BF       2508         47      0.988          1      0.995      0.642
                  09AD       2508         48      0.906      0.605      0.791      0.455
             09DF 09C7       2508         48      0.819      0.979      0.968      0.712
             09AC 09C3       2508         48      0.936      0.979      0.983      0.762
        09A8 09CD 09A6       2508         48      0.841       0.55      0.758      0.407
        09A6 09CD 09A7       2508         47      0.929       0.84      0.912      0.608
             0995 09C3       2508         47      0.936      0.938      0.984      0.551
   09A8 09CD 09A4 09C7       2508         46      0.972      0.891      0.974      0.787
        09AA 09CD 09B0       2508         48      0.847      0.875      0.936       0.67
             09DF 09BE       2508         48      0.799      0.745      0.866      0.618
                  09DF       2508         45      0.853      0.533      0.716      0.512
             09A3 09C7       2508         26      0.495      0.231      0.509      0.386
   0996 09CD 09AF 09BE       2508         31       0.89          1      0.989      0.764
                  0993       2508         25       0.91       0.96      0.983      0.891
             09A6 09BF       2508         29      0.926      0.759        0.9      0.555
                  09A7       2508         24      0.907          1      0.995      0.649
             09AC 09C7       2508         26      0.963      0.885       0.96      0.664
   09B0 09CD 09AC 09C7       2508         24      0.726      0.958      0.961        0.7
                  0997       2508         24      0.975      0.875      0.935      0.583
        09A8 09CD 09AF       2508         24      0.665      0.958      0.972      0.797
                  09CE       2508         23      0.949      0.804       0.94      0.488
                  0990       2508         24      0.916      0.958      0.972      0.788
             09B0 09C2       2508         24      0.887      0.656      0.822       0.45
             09A8 09C1       2508         24      0.863          1      0.983      0.762
             09B7 09C7       2508         24      0.796          1      0.987      0.719
             09A2 09BE       2508         24      0.971      0.917      0.924      0.688
             099F 09BF       2508         24      0.871      0.958      0.986      0.719
             09A5 09C7       2508         25      0.973       0.92      0.964      0.802
        09A8 09CD 09A4       2508         25      0.747       0.92      0.967      0.548
             0995 09BE       2508         25          1      0.808      0.964      0.633
             099B 09CB       2508         24      0.851          1      0.995      0.758
             09AD 09BE       2508         25      0.691       0.96      0.957      0.758
                  09EC       2508         24          1      0.997      0.995      0.769
             09B9 09BF       2508         24      0.973          1      0.995      0.799
   09A8 09CD 09A6 09C1       2508         24      0.977          1      0.995      0.755
                  09E7       2508         24      0.923          1      0.995      0.707
             09B8 09CC       2508         24       0.93      0.958      0.975      0.745
             09B9 09C7       2508         23      0.914          1      0.993      0.757
             09A4 09C1       2508         22      0.876      0.864      0.951      0.633
   09A8 09CD 09A8 09C7       2508         23          1          0      0.654      0.457
             0995 09BF       2508         24      0.959      0.976      0.993      0.636
   09B6 09CD 099A 09BF       2508         24      0.666          1       0.93      0.706
                  098B       2508         22      0.922          1      0.995      0.796
             099B 09C7       2508         24        0.7      0.958      0.961      0.697
        0995 09CD 09AF       2508         24      0.956      0.899      0.972      0.681
             09A2 09CB       2508         24      0.959      0.975      0.993      0.695
             09AD 09C2       2508         23       0.95      0.825      0.944      0.642
        0995 09CD 09B8       2508         24      0.953      0.838      0.927      0.539
             09B9 09BE       2508         24       0.96      0.996      0.992      0.545
             09B8 09C1       2508         24       0.72      0.167      0.642      0.528
   09AA 09CD 09B2 09BE       2508         24      0.971          1      0.995      0.815
   09A6 09CD 09B0 09C7       2508         23      0.944       0.87      0.925      0.493
             09B8 09C8       2508         24      0.867      0.958      0.953      0.638
             09A1 09BE       2508         24      0.933      0.958      0.986      0.771
                  09AB       2508         22          1      0.892      0.995      0.716
             09B7 09BE       2508         24       0.96      0.995      0.983      0.594
             09B0 09C1       2508         23      0.893      0.724      0.878      0.726
             09A4 09BE       2508         22      0.979      0.955      0.993      0.559
                  09B7       2508         24      0.419     0.0833      0.478      0.197
             09AA 09BF       2508         23      0.905      0.957      0.972      0.742
                  09A0       2508         24      0.967      0.708       0.95      0.549
             09AC 09C1       2508         24          1          0       0.65      0.377
   09B0 09CD 09AF 09C7       2508         24          1      0.859      0.964      0.695
             09A0 09BE       2508         23      0.934       0.87      0.965      0.613
   09AE 09CD 09AF 09BE       2508         24      0.773      0.958      0.954      0.685
             09B6 09C0       2508         22      0.855      0.955      0.979      0.791
             09AB 09C1       2508         24      0.991      0.958       0.98      0.824
        09A6 09CD 09B0       2508         25          1      0.712      0.802        0.4
   0995 09CD 09B7 09C7       2508         24      0.825      0.958      0.979      0.733
             099A 09C0       2508         24          1     0.0573      0.712      0.417
             09AE 09C2       2508         24      0.786      0.875      0.913      0.732
                  0988       2508         23          1      0.628      0.774      0.523
             09B8 09C0       2508         24       0.92      0.958      0.957      0.677
             09B0 09BE       2508         24      0.874          1      0.977      0.714
             09A5 09C8       2508         23      0.957      0.957      0.993      0.849
             09AA 09C3       2508         22      0.808          1      0.995      0.713
             09B6 09BF       2508         26      0.768      0.923      0.891      0.673
             09AC 09C0       2508         23      0.539      0.957      0.965       0.64
        09B0 09CD 0998       2508         23          1          0      0.628      0.391
   0997 09CD 09B0 09C0       2508         23          1      0.161      0.934      0.824
   09B7 09CD 09AE 09C7       2508         23          1     0.0723      0.336      0.231
                  099D       2508         23      0.881          1      0.986      0.628
        09B7 09CD 09A3       2508         22      0.955      0.971      0.991      0.596
             09B0 09CB       2508         24          1      0.944      0.979      0.646
             09A5 09BF       2508         22      0.914      0.955      0.968      0.585
   0996 09CD 09B0 09BF       2508         24      0.858          1      0.995      0.829
             09A7 09BF       2508         23      0.877      0.619      0.886      0.628
             09AC 09CC       2508         24      0.958      0.917      0.973      0.862
             09A8 09BF       2508         20      0.426          1      0.961      0.693
   0997 09CD 09B0 09CB       2508         22      0.953      0.773       0.89      0.601
             09DD 09C7       2508         24      0.886       0.97      0.983       0.79
                  09DC       2508         22      0.938      0.955      0.988      0.562
   0999 09CD 0997 09CB       2508         24      0.921          1      0.978      0.683
                  0994       2508         23          1          0      0.095     0.0795
09B0 09CD 09A7 09CD 09AC 09C7       2508         21      0.865      0.917      0.921      0.737
   09B0 09CD 09A8 09BE       2508         24          1          0      0.399      0.228
        0996 09CD 09AF       2508         17      0.869      0.784      0.873      0.658
        099F 09CD 099F       2508         21      0.948      0.874      0.977      0.795
   09A6 09CD 09AC 09C0       2508         24      0.751          1      0.992      0.853
             0999 09C7       2508         18       0.86      0.686      0.903      0.705
             0999 09BE       2508         17      0.895      0.824      0.924      0.633
        09AA 09C7 0981       2508         22      0.897          1      0.981      0.813
   09B0 09CD 09AE 09C0       2508         21       0.92      0.952      0.992      0.745
   09B8 09CD 099F 09BE       2508         15      0.865      0.854      0.912       0.68
                  098A       2508         23      0.717      0.696      0.832       0.66
   09B7 09CD 099F 09BE       2508          9          1          0     0.0773     0.0528
   09B0 09CD 09AE 09C7       2508          2      0.638          1      0.995      0.795
   0999 09CD 0997 09BE       2508          5      0.515          1       0.92      0.674
   0999 09CD 0997 09C7       2508          6      0.421       0.61      0.546      0.403
                  099F       2508          2      0.314          1      0.497      0.473
   09A7 09CD 09AC 09C7       2508          2          0          0     0.0349     0.0244
             09B2 09C0       2508          1          0          0     0.0995     0.0697
             0997 09CB       2508          2          1          0          0          0
   09B0 09CD 09AC 09BE       2508          2          1          0      0.136     0.0272
             09A5 09C0       2508          1          0          0          0          0
        0999 09CD 0997       2508          1          1          0          0          0
        09AA 09CB 0981       2508          1          1          0      0.332      0.332
        09A8 09CD 09A7       2508          1          1          0          0          0
                  0999       2508          1          1          0          0          0
             099C 09CB       2508          2          1          0      0.276      0.228
             09AD 09C1       2508          2          0          0          0          0
   09B0 09CD 09A8 09C7       2508          2          1          0      0.298      0.269
             09AE 09BF       2508          2          0          0          0          0
             09B8 09C7       2508          1          0          0          0          0
             099D 09BE       2508          1          1          0      0.995      0.697
             09A7 09C7       2508          1          0          0          0          0
             09A7 09C8       2508          1          0          0          0          0
   099F 09CD 099F 09BE       2508          1          0          0          0          0
             09A6 09C8       2508          1          0          0          0          0
09B0 09CD 0998 09CD 09AF       2508          1          0          0          0          0
Speed: 0.2ms preprocess, 3.4ms inference, 0.0ms loss, 0.5ms postprocess per image
Results saved to [1m/lunarc/nobackup/projects/lu2023-17-41/carl/LTU/LTU_Thesis_v2/cdnet/cdnet_BSHBD_80-10-10-page_25/yolov9e/20240502_T1720[0m
Ultralytics YOLOv8.2.5 🚀 Python-3.11.4 torch-2.1.0+cu121 CUDA:0 (NVIDIA A100 80GB PCIe, 81038MiB)
YOLOv9e summary (fused): 687 layers, 57579173 parameters, 0 gradients, 190.3 GFLOPs

[34m[1mPyTorch:[0m starting from '/lunarc/nobackup/projects/lu2023-17-41/carl/LTU/LTU_Thesis_v2/cdnet/cdnet_BSHBD_80-10-10-page_25/yolov9e/20240502_T1720/weights/best.pt' with input shape (1, 3, 640, 640) BCHW and output shape(s) (1, 267, 8400) (112.2 MB)

[34m[1mONNX:[0m starting export with onnx 1.15.0 opset 17...
[34m[1mONNX:[0m export success ✅ 4.1s, saved as '/lunarc/nobackup/projects/lu2023-17-41/carl/LTU/LTU_Thesis_v2/cdnet/cdnet_BSHBD_80-10-10-page_25/yolov9e/20240502_T1720/weights/best.onnx' (220.1 MB)

Export complete (5.3s)
Results saved to [1m/lunarc/nobackup/projects/lu2023-17-41/carl/LTU/LTU_Thesis_v2/cdnet/cdnet_BSHBD_80-10-10-page_25/yolov9e/20240502_T1720/weights[0m
Predict:         yolo predict task=detect model=/lunarc/nobackup/projects/lu2023-17-41/carl/LTU/LTU_Thesis_v2/cdnet/cdnet_BSHBD_80-10-10-page_25/yolov9e/20240502_T1720/weights/best.onnx imgsz=640  
Validate:        yolo val task=detect model=/lunarc/nobackup/projects/lu2023-17-41/carl/LTU/LTU_Thesis_v2/cdnet/cdnet_BSHBD_80-10-10-page_25/yolov9e/20240502_T1720/weights/best.onnx imgsz=640 data=/lunarc/nobackup/projects/lu2023-17-41/carl/LTU/LTU_Thesis_v2/cdnet/cdnet_BSHBD_80-10-10-page_25/data.yaml  
Visualize:       https://netron.app
Total training time: 6493.480745792389 seconds
Finished processing.
