Starting processing work
Changing directory
Start work
Updated the 'path' in /lunarc/nobackup/projects/lu2023-17-41/carl/LTU/LTU_Thesis_v2/cdnet/cdnet_BSHBD_80-10-10-page_50/data.yaml
Ultralytics YOLOv8.2.5 🚀 Python-3.11.4 torch-2.1.0+cu121 CUDA:0 (NVIDIA A100 80GB PCIe, 81038MiB)
[34m[1mengine/trainer: [0mtask=detect, mode=train, model=/lunarc/nobackup/projects/lu2023-17-41/carl/LTU/LTU_Thesis_v2/yolov9e.pt, data=/lunarc/nobackup/projects/lu2023-17-41/carl/LTU/LTU_Thesis_v2/cdnet/cdnet_BSHBD_80-10-10-page_50/data.yaml, epochs=250, time=None, patience=15, batch=16, imgsz=640, save=True, save_period=-1, cache=False, device=0, workers=8, project=/lunarc/nobackup/projects/lu2023-17-41/carl/LTU/LTU_Thesis_v2/cdnet/cdnet_BSHBD_80-10-10-page_50/yolov9e, name=20240502_T1720, exist_ok=False, pretrained=True, optimizer=auto, verbose=True, seed=0, deterministic=True, single_cls=False, rect=False, cos_lr=False, close_mosaic=10, resume=False, amp=True, fraction=1.0, profile=False, freeze=None, multi_scale=False, overlap_mask=True, mask_ratio=4, dropout=0.0, val=True, split=val, save_json=False, save_hybrid=False, conf=None, iou=0.7, max_det=300, half=False, dnn=False, plots=True, source=None, vid_stride=1, stream_buffer=False, visualize=False, augment=False, agnostic_nms=False, classes=None, retina_masks=False, embed=None, show=False, save_frames=False, save_txt=False, save_conf=False, save_crop=False, show_labels=True, show_conf=True, show_boxes=True, line_width=None, format=torchscript, keras=False, optimize=False, int8=False, dynamic=False, simplify=False, opset=None, workspace=4, nms=False, lr0=0.01, lrf=0.01, momentum=0.937, weight_decay=0.0005, warmup_epochs=3.0, warmup_momentum=0.8, warmup_bias_lr=0.1, box=7.5, cls=0.5, dfl=1.5, pose=12.0, kobj=1.0, label_smoothing=0.0, nbs=64, hsv_h=0.015, hsv_s=0.7, hsv_v=0.4, degrees=5.0, translate=0.1, scale=0.5, shear=5.0, perspective=0.0, flipud=0.0, fliplr=0.0, bgr=0.0, mosaic=1.0, mixup=0.0, copy_paste=0.0, auto_augment=randaugment, erasing=0.4, crop_fraction=1.0, cfg=None, tracker=botsort.yaml, save_dir=/lunarc/nobackup/projects/lu2023-17-41/carl/LTU/LTU_Thesis_v2/cdnet/cdnet_BSHBD_80-10-10-page_50/yolov9e/20240502_T1720
Overriding model.yaml nc=80 with nc=263

                   from  n    params  module                                       arguments                     
  0                  -1  1         0  ultralytics.nn.modules.block.Silence         []                            
  1                  -1  1      1856  ultralytics.nn.modules.conv.Conv             [3, 64, 3, 2]                 
  2                  -1  1     73984  ultralytics.nn.modules.conv.Conv             [64, 128, 3, 2]               
  3                  -1  1    252160  ultralytics.nn.modules.block.RepNCSPELAN4    [128, 256, 128, 64, 2]        
  4                  -1  1    164352  ultralytics.nn.modules.block.ADown           [256, 256]                    
  5                  -1  1   1004032  ultralytics.nn.modules.block.RepNCSPELAN4    [256, 512, 256, 128, 2]       
  6                  -1  1    656384  ultralytics.nn.modules.block.ADown           [512, 512]                    
  7                  -1  1   4006912  ultralytics.nn.modules.block.RepNCSPELAN4    [512, 1024, 512, 256, 2]      
  8                  -1  1   2623488  ultralytics.nn.modules.block.ADown           [1024, 1024]                  
  9                  -1  1   4269056  ultralytics.nn.modules.block.RepNCSPELAN4    [1024, 1024, 512, 256, 2]     
 10                   1  1      4160  ultralytics.nn.modules.block.CBLinear        [64, [64]]                    
 11                   3  1     49344  ultralytics.nn.modules.block.CBLinear        [256, [64, 128]]              
 12                   5  1    229824  ultralytics.nn.modules.block.CBLinear        [512, [64, 128, 256]]         
 13                   7  1    984000  ultralytics.nn.modules.block.CBLinear        [1024, [64, 128, 256, 512]]   
 14                   9  1   2033600  ultralytics.nn.modules.block.CBLinear        [1024, [64, 128, 256, 512, 1024]]
 15                   0  1      1856  ultralytics.nn.modules.conv.Conv             [3, 64, 3, 2]                 
 16[10, 11, 12, 13, 14, -1]  1         0  ultralytics.nn.modules.block.CBFuse          [[0, 0, 0, 0, 0]]             
 17                  -1  1     73984  ultralytics.nn.modules.conv.Conv             [64, 128, 3, 2]               
 18[11, 12, 13, 14, -1]  1         0  ultralytics.nn.modules.block.CBFuse          [[1, 1, 1, 1]]                
 19                  -1  1    252160  ultralytics.nn.modules.block.RepNCSPELAN4    [128, 256, 128, 64, 2]        
 20                  -1  1    164352  ultralytics.nn.modules.block.ADown           [256, 256]                    
 21    [12, 13, 14, -1]  1         0  ultralytics.nn.modules.block.CBFuse          [[2, 2, 2]]                   
 22                  -1  1   1004032  ultralytics.nn.modules.block.RepNCSPELAN4    [256, 512, 256, 128, 2]       
 23                  -1  1    656384  ultralytics.nn.modules.block.ADown           [512, 512]                    
 24        [13, 14, -1]  1         0  ultralytics.nn.modules.block.CBFuse          [[3, 3]]                      
 25                  -1  1   4006912  ultralytics.nn.modules.block.RepNCSPELAN4    [512, 1024, 512, 256, 2]      
 26                  -1  1   2623488  ultralytics.nn.modules.block.ADown           [1024, 1024]                  
 27            [14, -1]  1         0  ultralytics.nn.modules.block.CBFuse          [[4]]                         
 28                  -1  1   4269056  ultralytics.nn.modules.block.RepNCSPELAN4    [1024, 1024, 512, 256, 2]     
 29                  -1  1    787968  ultralytics.nn.modules.block.SPPELAN         [1024, 512, 256]              
 30                  -1  1         0  torch.nn.modules.upsampling.Upsample         [None, 2, 'nearest']          
 31            [-1, 25]  1         0  ultralytics.nn.modules.conv.Concat           [1]                           
 32                  -1  1   4005888  ultralytics.nn.modules.block.RepNCSPELAN4    [1536, 512, 512, 256, 2]      
 33                  -1  1         0  torch.nn.modules.upsampling.Upsample         [None, 2, 'nearest']          
 34            [-1, 22]  1         0  ultralytics.nn.modules.conv.Concat           [1]                           
 35                  -1  1   1069056  ultralytics.nn.modules.block.RepNCSPELAN4    [1024, 256, 256, 128, 2]      
 36                  -1  1    164352  ultralytics.nn.modules.block.ADown           [256, 256]                    
 37            [-1, 32]  1         0  ultralytics.nn.modules.conv.Concat           [1]                           
 38                  -1  1   3612672  ultralytics.nn.modules.block.RepNCSPELAN4    [768, 512, 512, 256, 2]       
 39                  -1  1    656384  ultralytics.nn.modules.block.ADown           [512, 512]                    
 40            [-1, 29]  1         0  ultralytics.nn.modules.conv.Concat           [1]                           
 41                  -1  1  12860416  ultralytics.nn.modules.block.RepNCSPELAN4    [1024, 512, 1024, 512, 2]     
 42        [35, 38, 41]  1   5785573  ultralytics.nn.modules.head.Detect           [263, [256, 512, 512]]        
YOLOv9e summary: 1225 layers, 58347685 parameters, 58347669 gradients, 193.8 GFLOPs

Transferred 1805/1811 items from pretrained weights
[34m[1mTensorBoard: [0mStart with 'tensorboard --logdir /lunarc/nobackup/projects/lu2023-17-41/carl/LTU/LTU_Thesis_v2/cdnet/cdnet_BSHBD_80-10-10-page_50/yolov9e/20240502_T1720', view at http://localhost:6006/
Freezing layer 'model.42.dfl.conv.weight'
[34m[1mAMP: [0mrunning Automatic Mixed Precision (AMP) checks with YOLOv8n...
[34m[1mAMP: [0mchecks passed ✅
[34m[1mtrain: [0mWARNING ⚠️ /lunarc/nobackup/projects/lu2023-17-41/carl/LTU/LTU_Thesis_v2/data/BSHBD_80-10-10-page_50/train/images/Page014a_Word021.tif: ignoring corrupt image/label: negative label values [  -0.021333]
[34m[1mtrain: [0mWARNING ⚠️ /lunarc/nobackup/projects/lu2023-17-41/carl/LTU/LTU_Thesis_v2/data/BSHBD_80-10-10-page_50/train/images/Page058a_Word084.tif: ignoring corrupt image/label: negative label values [  -0.058537]
[34m[1mtrain: [0mWARNING ⚠️ /lunarc/nobackup/projects/lu2023-17-41/carl/LTU/LTU_Thesis_v2/data/BSHBD_80-10-10-page_50/train/images/Page059a_Word093.tif: ignoring corrupt image/label: non-normalized or out of bounds coordinates [     1.0063]
[34m[1mtrain: [0mWARNING ⚠️ /lunarc/nobackup/projects/lu2023-17-41/carl/LTU/LTU_Thesis_v2/data/BSHBD_80-10-10-page_50/train/images/Page062a_Word077.tif: ignoring corrupt image/label: negative label values [  -0.010929]
[34m[1mtrain: [0mWARNING ⚠️ /lunarc/nobackup/projects/lu2023-17-41/carl/LTU/LTU_Thesis_v2/data/BSHBD_80-10-10-page_50/train/images/Page071a_Word075.tif: ignoring corrupt image/label: negative label values [   -0.10959]
[34m[1mtrain: [0mWARNING ⚠️ /lunarc/nobackup/projects/lu2023-17-41/carl/LTU/LTU_Thesis_v2/data/BSHBD_80-10-10-page_50/train/images/Page147a_Word054.tif: ignoring corrupt image/label: negative label values [  -0.080169]
[34m[1mtrain: [0mWARNING ⚠️ /lunarc/nobackup/projects/lu2023-17-41/carl/LTU/LTU_Thesis_v2/data/BSHBD_80-10-10-page_50/train/images/Page150a_Word062.tif: ignoring corrupt image/label: negative label values [      -0.03]
[34m[1mtrain: [0mNew cache created: /lunarc/nobackup/projects/lu2023-17-41/carl/LTU/LTU_Thesis_v2/data/BSHBD_80-10-10-page_50/train/labels.cache
[34m[1mval: [0mWARNING ⚠️ /lunarc/nobackup/projects/lu2023-17-41/carl/LTU/LTU_Thesis_v2/data/BSHBD_80-10-10-page_50/validation/images/Page218a_Word063.tif: ignoring corrupt image/label: negative label values [  -0.038462]
[34m[1mval: [0mWARNING ⚠️ /lunarc/nobackup/projects/lu2023-17-41/carl/LTU/LTU_Thesis_v2/data/BSHBD_80-10-10-page_50/validation/images/Page223a_Word040.tif: ignoring corrupt image/label: non-normalized or out of bounds coordinates [     1.0053]
[34m[1mval: [0mWARNING ⚠️ /lunarc/nobackup/projects/lu2023-17-41/carl/LTU/LTU_Thesis_v2/data/BSHBD_80-10-10-page_50/validation/images/Page223a_Word054.tif: ignoring corrupt image/label: negative label values [  -0.057692]
[34m[1mval: [0mWARNING ⚠️ /lunarc/nobackup/projects/lu2023-17-41/carl/LTU/LTU_Thesis_v2/data/BSHBD_80-10-10-page_50/validation/images/Page223a_Word093.tif: ignoring corrupt image/label: negative label values [  -0.025641]
[34m[1mval: [0mWARNING ⚠️ /lunarc/nobackup/projects/lu2023-17-41/carl/LTU/LTU_Thesis_v2/data/BSHBD_80-10-10-page_50/validation/images/Page225a_Word045.tif: ignoring corrupt image/label: negative label values [  -0.079365]
[34m[1mval: [0mNew cache created: /lunarc/nobackup/projects/lu2023-17-41/carl/LTU/LTU_Thesis_v2/data/BSHBD_80-10-10-page_50/validation/labels.cache
Plotting labels to /lunarc/nobackup/projects/lu2023-17-41/carl/LTU/LTU_Thesis_v2/cdnet/cdnet_BSHBD_80-10-10-page_50/yolov9e/20240502_T1720/labels.jpg... 
[34m[1moptimizer:[0m 'optimizer=auto' found, ignoring 'lr0=0.01' and 'momentum=0.937' and determining best 'optimizer', 'lr0' and 'momentum' automatically... 
[34m[1moptimizer:[0m SGD(lr=0.01, momentum=0.9) with parameter groups 298 weight(decay=0.0), 310 weight(decay=0.0005), 309 bias(decay=0.0)
[34m[1mTensorBoard: [0mmodel graph visualization added ✅
Image sizes 640 train, 640 val
Using 8 dataloader workers
Logging results to [1m/lunarc/nobackup/projects/lu2023-17-41/carl/LTU/LTU_Thesis_v2/cdnet/cdnet_BSHBD_80-10-10-page_50/yolov9e/20240502_T1720[0m
Starting training for 250 epochs...

      Epoch    GPU_mem   box_loss   cls_loss   dfl_loss  Instances       Size
                   all       2508       8676      0.557      0.448      0.472       0.29

      Epoch    GPU_mem   box_loss   cls_loss   dfl_loss  Instances       Size
                   all       2508       8676      0.708       0.58      0.673      0.409

      Epoch    GPU_mem   box_loss   cls_loss   dfl_loss  Instances       Size
                   all       2508       8676      0.661      0.549      0.618      0.374

      Epoch    GPU_mem   box_loss   cls_loss   dfl_loss  Instances       Size
                   all       2508       8676      0.721      0.631       0.72       0.45

      Epoch    GPU_mem   box_loss   cls_loss   dfl_loss  Instances       Size
                   all       2508       8676       0.75      0.671      0.758      0.501

      Epoch    GPU_mem   box_loss   cls_loss   dfl_loss  Instances       Size
                   all       2508       8676      0.769      0.696      0.774      0.515

      Epoch    GPU_mem   box_loss   cls_loss   dfl_loss  Instances       Size
                   all       2508       8676      0.798      0.693      0.782      0.518

      Epoch    GPU_mem   box_loss   cls_loss   dfl_loss  Instances       Size
                   all       2508       8676      0.793      0.726      0.799      0.513

      Epoch    GPU_mem   box_loss   cls_loss   dfl_loss  Instances       Size
                   all       2508       8676      0.804      0.701      0.796       0.53

      Epoch    GPU_mem   box_loss   cls_loss   dfl_loss  Instances       Size
                   all       2508       8676      0.801      0.711      0.801      0.523

      Epoch    GPU_mem   box_loss   cls_loss   dfl_loss  Instances       Size
                   all       2508       8676      0.823      0.698        0.8      0.537

      Epoch    GPU_mem   box_loss   cls_loss   dfl_loss  Instances       Size
                   all       2508       8676      0.803      0.731      0.804      0.557

      Epoch    GPU_mem   box_loss   cls_loss   dfl_loss  Instances       Size
                   all       2508       8676      0.821      0.713      0.809      0.545

      Epoch    GPU_mem   box_loss   cls_loss   dfl_loss  Instances       Size
                   all       2508       8676      0.809      0.734       0.82      0.568

      Epoch    GPU_mem   box_loss   cls_loss   dfl_loss  Instances       Size
                   all       2508       8676      0.837      0.731      0.805       0.56

      Epoch    GPU_mem   box_loss   cls_loss   dfl_loss  Instances       Size
                   all       2508       8676      0.831      0.725      0.811       0.56

      Epoch    GPU_mem   box_loss   cls_loss   dfl_loss  Instances       Size
                   all       2508       8676      0.837      0.727      0.814      0.572

      Epoch    GPU_mem   box_loss   cls_loss   dfl_loss  Instances       Size
                   all       2508       8676      0.843      0.726      0.806       0.56

      Epoch    GPU_mem   box_loss   cls_loss   dfl_loss  Instances       Size
                   all       2508       8676      0.804      0.726      0.809      0.563

      Epoch    GPU_mem   box_loss   cls_loss   dfl_loss  Instances       Size
                   all       2508       8676      0.824      0.747      0.817      0.564

      Epoch    GPU_mem   box_loss   cls_loss   dfl_loss  Instances       Size
                   all       2508       8676      0.826      0.732      0.819      0.575

      Epoch    GPU_mem   box_loss   cls_loss   dfl_loss  Instances       Size
                   all       2508       8676      0.845      0.723      0.822      0.577

      Epoch    GPU_mem   box_loss   cls_loss   dfl_loss  Instances       Size
                   all       2508       8676      0.836      0.739      0.816      0.573

      Epoch    GPU_mem   box_loss   cls_loss   dfl_loss  Instances       Size
                   all       2508       8676       0.85      0.737      0.824      0.579

      Epoch    GPU_mem   box_loss   cls_loss   dfl_loss  Instances       Size
                   all       2508       8676      0.838      0.735      0.817      0.571

      Epoch    GPU_mem   box_loss   cls_loss   dfl_loss  Instances       Size
                   all       2508       8676      0.838      0.727      0.817      0.573

      Epoch    GPU_mem   box_loss   cls_loss   dfl_loss  Instances       Size
                   all       2508       8676      0.833      0.736      0.826      0.586

      Epoch    GPU_mem   box_loss   cls_loss   dfl_loss  Instances       Size
                   all       2508       8676      0.833      0.742      0.814      0.576

      Epoch    GPU_mem   box_loss   cls_loss   dfl_loss  Instances       Size
                   all       2508       8676      0.826      0.745      0.822       0.58

      Epoch    GPU_mem   box_loss   cls_loss   dfl_loss  Instances       Size
                   all       2508       8676      0.844      0.738      0.826      0.581

      Epoch    GPU_mem   box_loss   cls_loss   dfl_loss  Instances       Size
                   all       2508       8676      0.841      0.742      0.811      0.564

      Epoch    GPU_mem   box_loss   cls_loss   dfl_loss  Instances       Size
                   all       2508       8676      0.869      0.732      0.823      0.581

      Epoch    GPU_mem   box_loss   cls_loss   dfl_loss  Instances       Size
                   all       2508       8676       0.86      0.728      0.814      0.569

      Epoch    GPU_mem   box_loss   cls_loss   dfl_loss  Instances       Size
                   all       2508       8676      0.839      0.732      0.826      0.586

      Epoch    GPU_mem   box_loss   cls_loss   dfl_loss  Instances       Size
                   all       2508       8676       0.86      0.736      0.824      0.585

      Epoch    GPU_mem   box_loss   cls_loss   dfl_loss  Instances       Size
                   all       2508       8676      0.857      0.733      0.818      0.578

      Epoch    GPU_mem   box_loss   cls_loss   dfl_loss  Instances       Size
                   all       2508       8676      0.867      0.733      0.815      0.574

      Epoch    GPU_mem   box_loss   cls_loss   dfl_loss  Instances       Size
                   all       2508       8676      0.864       0.72      0.814      0.577

      Epoch    GPU_mem   box_loss   cls_loss   dfl_loss  Instances       Size
                   all       2508       8676      0.873      0.717      0.814      0.577

      Epoch    GPU_mem   box_loss   cls_loss   dfl_loss  Instances       Size
                   all       2508       8676      0.848      0.729      0.815      0.576

      Epoch    GPU_mem   box_loss   cls_loss   dfl_loss  Instances       Size
                   all       2508       8676      0.846      0.728      0.834      0.591

      Epoch    GPU_mem   box_loss   cls_loss   dfl_loss  Instances       Size
                   all       2508       8676      0.858      0.728       0.82      0.583

      Epoch    GPU_mem   box_loss   cls_loss   dfl_loss  Instances       Size
                   all       2508       8676      0.835      0.744      0.825      0.579

      Epoch    GPU_mem   box_loss   cls_loss   dfl_loss  Instances       Size
                   all       2508       8676      0.853      0.732      0.811      0.576

      Epoch    GPU_mem   box_loss   cls_loss   dfl_loss  Instances       Size
                   all       2508       8676      0.848      0.743      0.813      0.575

      Epoch    GPU_mem   box_loss   cls_loss   dfl_loss  Instances       Size
                   all       2508       8676      0.856      0.733       0.83      0.588

      Epoch    GPU_mem   box_loss   cls_loss   dfl_loss  Instances       Size
                   all       2508       8676      0.849      0.734      0.826      0.584

      Epoch    GPU_mem   box_loss   cls_loss   dfl_loss  Instances       Size
                   all       2508       8676      0.849      0.731      0.823      0.585

      Epoch    GPU_mem   box_loss   cls_loss   dfl_loss  Instances       Size
                   all       2508       8676      0.845      0.738      0.817      0.577

      Epoch    GPU_mem   box_loss   cls_loss   dfl_loss  Instances       Size
                   all       2508       8676      0.853      0.742      0.826      0.589

      Epoch    GPU_mem   box_loss   cls_loss   dfl_loss  Instances       Size
                   all       2508       8676      0.853      0.729      0.817      0.581

      Epoch    GPU_mem   box_loss   cls_loss   dfl_loss  Instances       Size
                   all       2508       8676       0.86      0.738      0.822      0.585

      Epoch    GPU_mem   box_loss   cls_loss   dfl_loss  Instances       Size
                   all       2508       8676      0.857      0.727      0.818      0.579

      Epoch    GPU_mem   box_loss   cls_loss   dfl_loss  Instances       Size
                   all       2508       8676      0.859      0.737       0.82       0.58

      Epoch    GPU_mem   box_loss   cls_loss   dfl_loss  Instances       Size
                   all       2508       8676      0.859      0.742       0.82      0.583

      Epoch    GPU_mem   box_loss   cls_loss   dfl_loss  Instances       Size
                   all       2508       8676      0.857      0.732      0.817      0.578
[34m[1mEarlyStopping: [0mTraining stopped early as no improvement observed in last 15 epochs. Best results observed at epoch 41, best model saved as best.pt.
To update EarlyStopping(patience=15) pass a new patience value, i.e. `patience=300` or use `patience=0` to disable EarlyStopping.

56 epochs completed in 2.688 hours.
Optimizer stripped from /lunarc/nobackup/projects/lu2023-17-41/carl/LTU/LTU_Thesis_v2/cdnet/cdnet_BSHBD_80-10-10-page_50/yolov9e/20240502_T1720/weights/last.pt, 117.7MB
Optimizer stripped from /lunarc/nobackup/projects/lu2023-17-41/carl/LTU/LTU_Thesis_v2/cdnet/cdnet_BSHBD_80-10-10-page_50/yolov9e/20240502_T1720/weights/best.pt, 117.7MB

Validating /lunarc/nobackup/projects/lu2023-17-41/carl/LTU/LTU_Thesis_v2/cdnet/cdnet_BSHBD_80-10-10-page_50/yolov9e/20240502_T1720/weights/best.pt...
Ultralytics YOLOv8.2.5 🚀 Python-3.11.4 torch-2.1.0+cu121 CUDA:0 (NVIDIA A100 80GB PCIe, 81038MiB)
YOLOv9e summary (fused): 687 layers, 57579173 parameters, 0 gradients, 190.3 GFLOPs
                   all       2508       8676      0.847      0.728      0.834      0.592
                  09B0       2508        627      0.942      0.925      0.962      0.634
                  002C       2508        377      0.923      0.861      0.906      0.412
                  09B8       2508        310      0.958      0.585       0.82      0.495
                  09A8       2508        282      0.934      0.502      0.778      0.438
                  0964       2508        205      0.884      0.849      0.834      0.355
                  09AC       2508        195      0.872      0.513      0.823      0.468
             09AC 09BE       2508        188      0.962      0.811      0.936      0.596
                  002D       2508        222        0.8      0.757      0.714      0.215
                  098F       2508        168      0.966      0.837      0.964      0.678
             09A8 09BE       2508        146      0.842     0.0369      0.673      0.507
                  0986       2508        140       0.99      0.723      0.961      0.716
                  09A6       2508        142      0.988      0.586      0.887      0.525
                  0995       2508        121      0.899      0.934      0.959      0.535
                  099C       2508        120      0.976        0.8      0.919      0.642
                  09AE       2508        117      0.822      0.838      0.897      0.552
                  09AA       2508        122      0.899      0.873      0.902      0.547
                  09B2       2508         96      0.869      0.896      0.951      0.585
                  0982       2508         97      0.925      0.891      0.894      0.412
                  09A4       2508         95      0.959      0.745      0.912      0.542
             09AE 09BE       2508         93      0.814       0.72      0.829      0.569
             0995 09C7       2508         95      0.957      0.935      0.976      0.783
             099C 09BE       2508         93      0.908      0.892      0.935      0.563
   0995 09CD 09B7 09BF       2508         96          1      0.426      0.764      0.542
             09AA 09C2       2508         91      0.882      0.985      0.963      0.657
                  0989       2508         70      0.811      0.943       0.95      0.745
             09AE 09C7       2508         72      0.932      0.956      0.983      0.694
   09AA 09CD 09B0 09BE       2508         71      0.942      0.944      0.986      0.681
             09AE 09C1       2508         72       0.98      0.677      0.887      0.515
             09A6 09C7       2508         72      0.994          1      0.995      0.663
                  0998       2508         71      0.932      0.718      0.865      0.639
                  0985       2508         72       0.75      0.944       0.94      0.713
             09A4 09C7       2508         73      0.959      0.986      0.989      0.779
             09AA 09BE       2508         71      0.965      0.831      0.936      0.587
                  09B6       2508         72      0.972      0.681      0.836       0.53
             09B0 09C7       2508         73      0.971      0.907      0.981      0.821
                  09B9       2508         72      0.976      0.889      0.973      0.491
             09B2 09BF       2508         70      0.997      0.914      0.991      0.716
             09A5 09BE       2508         71      0.922      0.997      0.992      0.748
        09B0 09CD 09AC       2508         67      0.916      0.649      0.715      0.363
             09A8 09C7       2508         70      0.946      0.686      0.822      0.633
                  09A3       2508         46      0.621      0.543      0.569      0.345
             09AA 09C1       2508         51      0.935      0.863      0.925      0.632
                  0987       2508         51      0.972      0.961      0.982      0.784
             09B6 09C7       2508         48      0.925      0.979      0.988      0.787
             09B8 09BE       2508         48      0.644      0.875      0.869       0.62
             09B2 09BE       2508         48      0.972      0.938      0.961      0.585
             0996 09BE       2508         48      0.952      0.979       0.98      0.689
             09A6 09C0       2508         45          1      0.102      0.664      0.487
             0995 09CB       2508         48      0.997          1      0.995       0.75
             09B2 09C7       2508         49      0.966      0.878      0.958      0.622
        09A4 09CD 09A4       2508         48      0.931      0.938      0.951      0.522
             09A4 09BF       2508         47       0.99          1      0.995       0.66
                  09AD       2508         48      0.916      0.683      0.869       0.51
             09DF 09C7       2508         48      0.783      0.938      0.952      0.763
             09AC 09C3       2508         48      0.979      0.959      0.981      0.718
        09A8 09CD 09A6       2508         48      0.934      0.594      0.859      0.481
        09A6 09CD 09A7       2508         47      0.821      0.979      0.978      0.676
             0995 09C3       2508         47      0.978      0.942      0.991      0.641
   09A8 09CD 09A4 09C7       2508         46      0.948      0.935      0.965      0.827
        09AA 09CD 09B0       2508         48      0.858      0.938      0.964      0.735
             09DF 09BE       2508         48      0.793       0.75      0.874      0.601
                  09DF       2508         45      0.814      0.486      0.657       0.47
             09A3 09C7       2508         26       0.57      0.269      0.374      0.282
   0996 09CD 09AF 09BE       2508         31      0.943      0.935      0.981      0.735
                  0993       2508         25      0.934       0.96      0.976      0.908
             09A6 09BF       2508         29      0.947      0.931       0.98      0.552
                  09A7       2508         24      0.979          1      0.995      0.688
             09AC 09C7       2508         26      0.919      0.885      0.949      0.656
   09B0 09CD 09AC 09C7       2508         24      0.787      0.917      0.919      0.601
                  0997       2508         24      0.953      0.846      0.931      0.553
        09A8 09CD 09AF       2508         24      0.894          1      0.987      0.854
                  09CE       2508         23      0.937      0.826      0.944      0.511
                  0990       2508         24      0.929      0.958      0.969      0.787
             09B0 09C2       2508         24      0.949       0.77        0.9      0.539
             09A8 09C1       2508         24        0.8          1      0.995      0.733
             09B7 09C7       2508         24      0.641          1      0.989      0.756
             09A2 09BE       2508         24      0.957      0.958      0.959      0.721
             099F 09BF       2508         24      0.942      0.958      0.955      0.698
             09A5 09C7       2508         25      0.814       0.96      0.968      0.836
        09A8 09CD 09A4       2508         25      0.929       0.96      0.988      0.556
             0995 09BE       2508         25      0.958       0.88      0.974      0.668
             099B 09CB       2508         24      0.941          1      0.995      0.782
             09AD 09BE       2508         25      0.734       0.96      0.939      0.733
                  09EC       2508         24      0.959      0.974      0.993      0.763
             09B9 09BF       2508         24      0.959      0.979      0.992      0.874
   09A8 09CD 09A6 09C1       2508         24      0.981          1      0.995      0.778
                  09E7       2508         24      0.979          1      0.995      0.763
             09B8 09CC       2508         24      0.939          1      0.995      0.808
             09B9 09C7       2508         23      0.966      0.913      0.972      0.777
             09A4 09C1       2508         22      0.693          1      0.966      0.626
   09A8 09CD 09A8 09C7       2508         23          1          0      0.861      0.639
             0995 09BF       2508         24      0.959      0.981      0.993      0.682
   09B6 09CD 099A 09BF       2508         24      0.529      0.958      0.896      0.694
                  098B       2508         22      0.871      0.955      0.985      0.827
             099B 09C7       2508         24      0.917      0.958      0.986      0.812
        0995 09CD 09AF       2508         24          1      0.808      0.984      0.711
             09A2 09CB       2508         24      0.954          1      0.995      0.754
             09AD 09C2       2508         23      0.814          1      0.913      0.685
        0995 09CD 09B8       2508         24      0.907      0.917      0.924      0.502
             09B9 09BE       2508         24          1      0.956      0.993      0.555
             09B8 09C1       2508         24          1     0.0625      0.853      0.727
   09AA 09CD 09B2 09BE       2508         24      0.555      0.885       0.92      0.772
   09A6 09CD 09B0 09C7       2508         23      0.954      0.907      0.957      0.528
             09B8 09C8       2508         24      0.737      0.958      0.947      0.658
             09A1 09BE       2508         24          1       0.95      0.995      0.825
                  09AB       2508         22      0.811          1      0.995      0.724
             09B7 09BE       2508         24      0.985          1      0.995      0.603
             09B0 09C1       2508         23      0.879      0.957      0.868      0.707
             09A4 09BE       2508         22      0.945          1      0.995      0.573
                  09B7       2508         24          1          0      0.564      0.202
             09AA 09BF       2508         23          1       0.98      0.995      0.759
                  09A0       2508         24          1      0.755      0.947      0.516
             09AC 09C1       2508         24          1       0.13      0.642      0.369
   09B0 09CD 09AF 09C7       2508         24      0.953      0.845      0.954      0.668
             09A0 09BE       2508         23      0.957      0.913      0.981      0.576
   09AE 09CD 09AF 09BE       2508         24       0.96      0.997      0.992      0.762
             09B6 09C0       2508         22      0.843          1      0.993      0.865
             09AB 09C1       2508         24      0.949          1      0.995      0.858
        09A6 09CD 09B0       2508         25      0.886       0.72      0.772      0.403
   0995 09CD 09B7 09C7       2508         24      0.895          1      0.995      0.775
             099A 09C0       2508         24          1      0.102      0.895      0.553
             09AE 09C2       2508         24      0.715      0.917      0.925       0.79
                  0988       2508         23          1      0.782      0.807      0.611
             09B8 09C0       2508         24      0.894      0.958      0.961      0.693
             09B0 09BE       2508         24       0.96      0.998      0.993      0.771
             09A5 09C8       2508         23      0.929          1      0.995       0.88
             09AA 09C3       2508         22      0.956      0.999      0.993      0.763
             09B6 09BF       2508         26      0.978      0.923      0.977      0.789
             09AC 09C0       2508         23      0.796          1      0.982      0.604
        09B0 09CD 0998       2508         23          1      0.126      0.755      0.432
   0997 09CD 09B0 09C0       2508         23          1          0      0.935      0.821
   09B7 09CD 09AE 09C7       2508         23      0.619     0.0746      0.548      0.412
                  099D       2508         23       0.91      0.913      0.981      0.604
        09B7 09CD 09A3       2508         22      0.833      0.955      0.975      0.598
             09B0 09CB       2508         24       0.98      0.917      0.992      0.691
             09A5 09BF       2508         22      0.939      0.955      0.964      0.591
   0996 09CD 09B0 09BF       2508         24      0.853          1      0.995      0.838
             09A7 09BF       2508         23      0.757      0.136      0.706      0.522
             09AC 09CC       2508         24          1      0.933      0.973      0.899
             09A8 09BF       2508         20      0.909       0.95      0.983      0.733
   0997 09CD 09B0 09CB       2508         22      0.953      0.915      0.988      0.656
             09DD 09C7       2508         24       0.95          1      0.993      0.837
                  09DC       2508         22      0.941          1      0.956      0.558
   0999 09CD 0997 09CB       2508         24      0.974      0.958      0.992      0.725
                  0994       2508         23          1          0      0.258      0.178
09B0 09CD 09A7 09CD 09AC 09C7       2508         21      0.878      0.857      0.914      0.736
   09B0 09CD 09A8 09BE       2508         24          1      0.136      0.825      0.481
        0996 09CD 09AF       2508         17      0.735          1      0.962      0.763
        099F 09CD 099F       2508         21          1       0.93       0.99      0.777
   09A6 09CD 09AC 09C0       2508         24      0.798          1      0.983      0.838
             0999 09C7       2508         18      0.974      0.944      0.948      0.757
             0999 09BE       2508         17      0.927      0.743      0.867      0.535
        09AA 09C7 0981       2508         22      0.913          1      0.964      0.833
   09B0 09CD 09AE 09C0       2508         21      0.939          1      0.995       0.74
   09B8 09CD 099F 09BE       2508         15      0.641      0.933      0.864      0.617
                  098A       2508         23      0.831      0.783      0.889      0.676
   09B7 09CD 099F 09BE       2508          9          1      0.124      0.478      0.294
   09B0 09CD 09AE 09C7       2508          2      0.494          1      0.995      0.895
   0999 09CD 0997 09BE       2508          5      0.538          1      0.895      0.707
   0999 09CD 0997 09C7       2508          6      0.595        0.5      0.591      0.484
                  099F       2508          2       0.28          1      0.828      0.712
   09A7 09CD 09AC 09C7       2508          2          0          0     0.0257     0.0154
             09B2 09C0       2508          1          1          0      0.995      0.796
             0997 09CB       2508          2          1          0      0.554      0.482
   09B0 09CD 09AC 09BE       2508          2          1          0      0.311     0.0934
             09A5 09C0       2508          1          0          0          0          0
        0999 09CD 0997       2508          1          1          0          0          0
        09AA 09CB 0981       2508          1          1          0      0.995      0.995
        09A8 09CD 09A7       2508          1          1          0      0.995      0.796
                  0999       2508          1          1          0          0          0
             099C 09CB       2508          2          1          0          0          0
             09AD 09C1       2508          2          0          0          0          0
   09B0 09CD 09A8 09C7       2508          2          1          0      0.108      0.108
             09AE 09BF       2508          2          0          0          0          0
             09B8 09C7       2508          1          0          0          0          0
             099D 09BE       2508          1          0          0          0          0
             09A7 09C7       2508          1          0          0          0          0
             09A7 09C8       2508          1          0          0          0          0
   099F 09CD 099F 09BE       2508          1          0          0          0          0
             09A6 09C8       2508          1          0          0          0          0
09B0 09CD 0998 09CD 09AF       2508          1          0          0          0          0
Speed: 0.2ms preprocess, 3.4ms inference, 0.0ms loss, 0.5ms postprocess per image
Results saved to [1m/lunarc/nobackup/projects/lu2023-17-41/carl/LTU/LTU_Thesis_v2/cdnet/cdnet_BSHBD_80-10-10-page_50/yolov9e/20240502_T1720[0m
Ultralytics YOLOv8.2.5 🚀 Python-3.11.4 torch-2.1.0+cu121 CUDA:0 (NVIDIA A100 80GB PCIe, 81038MiB)
YOLOv9e summary (fused): 687 layers, 57579173 parameters, 0 gradients, 190.3 GFLOPs

[34m[1mPyTorch:[0m starting from '/lunarc/nobackup/projects/lu2023-17-41/carl/LTU/LTU_Thesis_v2/cdnet/cdnet_BSHBD_80-10-10-page_50/yolov9e/20240502_T1720/weights/best.pt' with input shape (1, 3, 640, 640) BCHW and output shape(s) (1, 267, 8400) (112.2 MB)

[34m[1mONNX:[0m starting export with onnx 1.15.0 opset 17...
[34m[1mONNX:[0m export success ✅ 3.6s, saved as '/lunarc/nobackup/projects/lu2023-17-41/carl/LTU/LTU_Thesis_v2/cdnet/cdnet_BSHBD_80-10-10-page_50/yolov9e/20240502_T1720/weights/best.onnx' (220.1 MB)

Export complete (4.8s)
Results saved to [1m/lunarc/nobackup/projects/lu2023-17-41/carl/LTU/LTU_Thesis_v2/cdnet/cdnet_BSHBD_80-10-10-page_50/yolov9e/20240502_T1720/weights[0m
Predict:         yolo predict task=detect model=/lunarc/nobackup/projects/lu2023-17-41/carl/LTU/LTU_Thesis_v2/cdnet/cdnet_BSHBD_80-10-10-page_50/yolov9e/20240502_T1720/weights/best.onnx imgsz=640  
Validate:        yolo val task=detect model=/lunarc/nobackup/projects/lu2023-17-41/carl/LTU/LTU_Thesis_v2/cdnet/cdnet_BSHBD_80-10-10-page_50/yolov9e/20240502_T1720/weights/best.onnx imgsz=640 data=/lunarc/nobackup/projects/lu2023-17-41/carl/LTU/LTU_Thesis_v2/cdnet/cdnet_BSHBD_80-10-10-page_50/data.yaml  
Visualize:       https://netron.app
Total training time: 9746.740067481995 seconds
Finished processing.
