Starting processing work
Changing directory
Start work
Updated the 'path' in /lunarc/nobackup/projects/lu2023-17-41/carl/LTU/LTU_Thesis_v2/cdnet/cdnet_dataset_80-10-10-page_full-2019_unconstrained_single/data.yaml
Ultralytics YOLOv8.2.5 🚀 Python-3.11.4 torch-2.1.0+cu121 CUDA:0 (NVIDIA A100 80GB PCIe, 81038MiB)
[34m[1mengine/trainer: [0mtask=detect, mode=train, model=/lunarc/nobackup/projects/lu2023-17-41/carl/LTU/LTU_Thesis_v2/yolov9e.pt, data=/lunarc/nobackup/projects/lu2023-17-41/carl/LTU/LTU_Thesis_v2/cdnet/cdnet_dataset_80-10-10-page_full-2019_unconstrained_single/data.yaml, epochs=250, time=None, patience=15, batch=16, imgsz=640, save=True, save_period=-1, cache=False, device=0, workers=8, project=/lunarc/nobackup/projects/lu2023-17-41/carl/LTU/LTU_Thesis_v2/cdnet/cdnet_dataset_80-10-10-page_full-2019_unconstrained_single/yolov9e, name=20240430_T19192, exist_ok=False, pretrained=True, optimizer=auto, verbose=True, seed=0, deterministic=True, single_cls=False, rect=False, cos_lr=False, close_mosaic=10, resume=False, amp=True, fraction=1.0, profile=False, freeze=None, multi_scale=False, overlap_mask=True, mask_ratio=4, dropout=0.0, val=True, split=val, save_json=False, save_hybrid=False, conf=None, iou=0.7, max_det=300, half=False, dnn=False, plots=True, source=None, vid_stride=1, stream_buffer=False, visualize=False, augment=False, agnostic_nms=False, classes=None, retina_masks=False, embed=None, show=False, save_frames=False, save_txt=False, save_conf=False, save_crop=False, show_labels=True, show_conf=True, show_boxes=True, line_width=None, format=torchscript, keras=False, optimize=False, int8=False, dynamic=False, simplify=False, opset=None, workspace=4, nms=False, lr0=0.01, lrf=0.01, momentum=0.937, weight_decay=0.0005, warmup_epochs=3.0, warmup_momentum=0.8, warmup_bias_lr=0.1, box=7.5, cls=0.5, dfl=1.5, pose=12.0, kobj=1.0, label_smoothing=0.0, nbs=64, hsv_h=0.015, hsv_s=0.7, hsv_v=0.4, degrees=5.0, translate=0.1, scale=0.5, shear=5.0, perspective=0.0, flipud=0.0, fliplr=0.0, bgr=0.0, mosaic=1.0, mixup=0.0, copy_paste=0.0, auto_augment=randaugment, erasing=0.4, crop_fraction=1.0, cfg=None, tracker=botsort.yaml, save_dir=/lunarc/nobackup/projects/lu2023-17-41/carl/LTU/LTU_Thesis_v2/cdnet/cdnet_dataset_80-10-10-page_full-2019_unconstrained_single/yolov9e/20240430_T19192
Overriding model.yaml nc=80 with nc=263

                   from  n    params  module                                       arguments                     
  0                  -1  1         0  ultralytics.nn.modules.block.Silence         []                            
  1                  -1  1      1856  ultralytics.nn.modules.conv.Conv             [3, 64, 3, 2]                 
  2                  -1  1     73984  ultralytics.nn.modules.conv.Conv             [64, 128, 3, 2]               
  3                  -1  1    252160  ultralytics.nn.modules.block.RepNCSPELAN4    [128, 256, 128, 64, 2]        
  4                  -1  1    164352  ultralytics.nn.modules.block.ADown           [256, 256]                    
  5                  -1  1   1004032  ultralytics.nn.modules.block.RepNCSPELAN4    [256, 512, 256, 128, 2]       
  6                  -1  1    656384  ultralytics.nn.modules.block.ADown           [512, 512]                    
  7                  -1  1   4006912  ultralytics.nn.modules.block.RepNCSPELAN4    [512, 1024, 512, 256, 2]      
  8                  -1  1   2623488  ultralytics.nn.modules.block.ADown           [1024, 1024]                  
  9                  -1  1   4269056  ultralytics.nn.modules.block.RepNCSPELAN4    [1024, 1024, 512, 256, 2]     
 10                   1  1      4160  ultralytics.nn.modules.block.CBLinear        [64, [64]]                    
 11                   3  1     49344  ultralytics.nn.modules.block.CBLinear        [256, [64, 128]]              
 12                   5  1    229824  ultralytics.nn.modules.block.CBLinear        [512, [64, 128, 256]]         
 13                   7  1    984000  ultralytics.nn.modules.block.CBLinear        [1024, [64, 128, 256, 512]]   
 14                   9  1   2033600  ultralytics.nn.modules.block.CBLinear        [1024, [64, 128, 256, 512, 1024]]
 15                   0  1      1856  ultralytics.nn.modules.conv.Conv             [3, 64, 3, 2]                 
 16[10, 11, 12, 13, 14, -1]  1         0  ultralytics.nn.modules.block.CBFuse          [[0, 0, 0, 0, 0]]             
 17                  -1  1     73984  ultralytics.nn.modules.conv.Conv             [64, 128, 3, 2]               
 18[11, 12, 13, 14, -1]  1         0  ultralytics.nn.modules.block.CBFuse          [[1, 1, 1, 1]]                
 19                  -1  1    252160  ultralytics.nn.modules.block.RepNCSPELAN4    [128, 256, 128, 64, 2]        
 20                  -1  1    164352  ultralytics.nn.modules.block.ADown           [256, 256]                    
 21    [12, 13, 14, -1]  1         0  ultralytics.nn.modules.block.CBFuse          [[2, 2, 2]]                   
 22                  -1  1   1004032  ultralytics.nn.modules.block.RepNCSPELAN4    [256, 512, 256, 128, 2]       
 23                  -1  1    656384  ultralytics.nn.modules.block.ADown           [512, 512]                    
 24        [13, 14, -1]  1         0  ultralytics.nn.modules.block.CBFuse          [[3, 3]]                      
 25                  -1  1   4006912  ultralytics.nn.modules.block.RepNCSPELAN4    [512, 1024, 512, 256, 2]      
 26                  -1  1   2623488  ultralytics.nn.modules.block.ADown           [1024, 1024]                  
 27            [14, -1]  1         0  ultralytics.nn.modules.block.CBFuse          [[4]]                         
 28                  -1  1   4269056  ultralytics.nn.modules.block.RepNCSPELAN4    [1024, 1024, 512, 256, 2]     
 29                  -1  1    787968  ultralytics.nn.modules.block.SPPELAN         [1024, 512, 256]              
 30                  -1  1         0  torch.nn.modules.upsampling.Upsample         [None, 2, 'nearest']          
 31            [-1, 25]  1         0  ultralytics.nn.modules.conv.Concat           [1]                           
 32                  -1  1   4005888  ultralytics.nn.modules.block.RepNCSPELAN4    [1536, 512, 512, 256, 2]      
 33                  -1  1         0  torch.nn.modules.upsampling.Upsample         [None, 2, 'nearest']          
 34            [-1, 22]  1         0  ultralytics.nn.modules.conv.Concat           [1]                           
 35                  -1  1   1069056  ultralytics.nn.modules.block.RepNCSPELAN4    [1024, 256, 256, 128, 2]      
 36                  -1  1    164352  ultralytics.nn.modules.block.ADown           [256, 256]                    
 37            [-1, 32]  1         0  ultralytics.nn.modules.conv.Concat           [1]                           
 38                  -1  1   3612672  ultralytics.nn.modules.block.RepNCSPELAN4    [768, 512, 512, 256, 2]       
 39                  -1  1    656384  ultralytics.nn.modules.block.ADown           [512, 512]                    
 40            [-1, 29]  1         0  ultralytics.nn.modules.conv.Concat           [1]                           
 41                  -1  1  12860416  ultralytics.nn.modules.block.RepNCSPELAN4    [1024, 512, 1024, 512, 2]     
 42        [35, 38, 41]  1   5785573  ultralytics.nn.modules.head.Detect           [263, [256, 512, 512]]        
YOLOv9e summary: 1225 layers, 58347685 parameters, 58347669 gradients, 193.8 GFLOPs

Transferred 1805/1811 items from pretrained weights
[34m[1mTensorBoard: [0mStart with 'tensorboard --logdir /lunarc/nobackup/projects/lu2023-17-41/carl/LTU/LTU_Thesis_v2/cdnet/cdnet_dataset_80-10-10-page_full-2019_unconstrained_single/yolov9e/20240430_T19192', view at http://localhost:6006/
Freezing layer 'model.42.dfl.conv.weight'
[34m[1mAMP: [0mrunning Automatic Mixed Precision (AMP) checks with YOLOv8n...
[34m[1mAMP: [0mchecks passed ✅
[34m[1mtrain: [0mWARNING ⚠️ /lunarc/nobackup/projects/lu2023-17-41/carl/LTU/LTU_Thesis_v2/data/dataset_80-10-10-page_full-2019_unconstrained_single/train/images/Page014a_Word021.tif: ignoring corrupt image/label: negative label values [  -0.021333]
[34m[1mtrain: [0mWARNING ⚠️ /lunarc/nobackup/projects/lu2023-17-41/carl/LTU/LTU_Thesis_v2/data/dataset_80-10-10-page_full-2019_unconstrained_single/train/images/Page014a_Word047.tif: ignoring corrupt image/label: negative label values [  -0.040724]
[34m[1mtrain: [0mWARNING ⚠️ /lunarc/nobackup/projects/lu2023-17-41/carl/LTU/LTU_Thesis_v2/data/dataset_80-10-10-page_full-2019_unconstrained_single/train/images/Page058a_Word084.tif: ignoring corrupt image/label: negative label values [  -0.058537]
[34m[1mtrain: [0mWARNING ⚠️ /lunarc/nobackup/projects/lu2023-17-41/carl/LTU/LTU_Thesis_v2/data/dataset_80-10-10-page_full-2019_unconstrained_single/train/images/Page059a_Word045.tif: ignoring corrupt image/label: non-normalized or out of bounds coordinates [     1.0075]
[34m[1mtrain: [0mWARNING ⚠️ /lunarc/nobackup/projects/lu2023-17-41/carl/LTU/LTU_Thesis_v2/data/dataset_80-10-10-page_full-2019_unconstrained_single/train/images/Page059a_Word093.tif: ignoring corrupt image/label: non-normalized or out of bounds coordinates [     1.0063]
[34m[1mtrain: [0mWARNING ⚠️ /lunarc/nobackup/projects/lu2023-17-41/carl/LTU/LTU_Thesis_v2/data/dataset_80-10-10-page_full-2019_unconstrained_single/train/images/Page062a_Word060.tif: ignoring corrupt image/label: negative label values [  -0.014545]
[34m[1mtrain: [0mWARNING ⚠️ /lunarc/nobackup/projects/lu2023-17-41/carl/LTU/LTU_Thesis_v2/data/dataset_80-10-10-page_full-2019_unconstrained_single/train/images/Page062a_Word077.tif: ignoring corrupt image/label: negative label values [  -0.010929]
[34m[1mtrain: [0mWARNING ⚠️ /lunarc/nobackup/projects/lu2023-17-41/carl/LTU/LTU_Thesis_v2/data/dataset_80-10-10-page_full-2019_unconstrained_single/train/images/Page064a_Word041.tif: ignoring corrupt image/label: negative label values [  -0.079812]
[34m[1mtrain: [0mWARNING ⚠️ /lunarc/nobackup/projects/lu2023-17-41/carl/LTU/LTU_Thesis_v2/data/dataset_80-10-10-page_full-2019_unconstrained_single/train/images/Page064a_Word093.tif: ignoring corrupt image/label: negative label values [  -0.032698]
[34m[1mtrain: [0mWARNING ⚠️ /lunarc/nobackup/projects/lu2023-17-41/carl/LTU/LTU_Thesis_v2/data/dataset_80-10-10-page_full-2019_unconstrained_single/train/images/Page066a_Word051.tif: ignoring corrupt image/label: negative label values [  -0.011321]
[34m[1mtrain: [0mWARNING ⚠️ /lunarc/nobackup/projects/lu2023-17-41/carl/LTU/LTU_Thesis_v2/data/dataset_80-10-10-page_full-2019_unconstrained_single/train/images/Page067a_Word046.tif: ignoring corrupt image/label: negative label values [ -0.0086957]
[34m[1mtrain: [0mWARNING ⚠️ /lunarc/nobackup/projects/lu2023-17-41/carl/LTU/LTU_Thesis_v2/data/dataset_80-10-10-page_full-2019_unconstrained_single/train/images/Page071a_Word075.tif: ignoring corrupt image/label: negative label values [   -0.10959]
[34m[1mtrain: [0mWARNING ⚠️ /lunarc/nobackup/projects/lu2023-17-41/carl/LTU/LTU_Thesis_v2/data/dataset_80-10-10-page_full-2019_unconstrained_single/train/images/Page075a_Word093.tif: ignoring corrupt image/label: negative label values [  -0.073733]
[34m[1mtrain: [0mWARNING ⚠️ /lunarc/nobackup/projects/lu2023-17-41/carl/LTU/LTU_Thesis_v2/data/dataset_80-10-10-page_full-2019_unconstrained_single/train/images/Page086a_Word106.tif: ignoring corrupt image/label: non-normalized or out of bounds coordinates [     1.0063]
[34m[1mtrain: [0mWARNING ⚠️ /lunarc/nobackup/projects/lu2023-17-41/carl/LTU/LTU_Thesis_v2/data/dataset_80-10-10-page_full-2019_unconstrained_single/train/images/Page088a_Word088.tif: ignoring corrupt image/label: negative label values [  -0.018727]
[34m[1mtrain: [0mWARNING ⚠️ /lunarc/nobackup/projects/lu2023-17-41/carl/LTU/LTU_Thesis_v2/data/dataset_80-10-10-page_full-2019_unconstrained_single/train/images/Page091a_Word039.tif: ignoring corrupt image/label: negative label values [  -0.052632]
[34m[1mtrain: [0mWARNING ⚠️ /lunarc/nobackup/projects/lu2023-17-41/carl/LTU/LTU_Thesis_v2/data/dataset_80-10-10-page_full-2019_unconstrained_single/train/images/Page099a_Word067.tif: ignoring corrupt image/label: negative label values [  -0.049587]
[34m[1mtrain: [0mWARNING ⚠️ /lunarc/nobackup/projects/lu2023-17-41/carl/LTU/LTU_Thesis_v2/data/dataset_80-10-10-page_full-2019_unconstrained_single/train/images/Page119a_Word052.tif: ignoring corrupt image/label: negative label values [  -0.035971]
[34m[1mtrain: [0mWARNING ⚠️ /lunarc/nobackup/projects/lu2023-17-41/carl/LTU/LTU_Thesis_v2/data/dataset_80-10-10-page_full-2019_unconstrained_single/train/images/Page119a_Word091.tif: ignoring corrupt image/label: non-normalized or out of bounds coordinates [     1.0015]
[34m[1mtrain: [0mWARNING ⚠️ /lunarc/nobackup/projects/lu2023-17-41/carl/LTU/LTU_Thesis_v2/data/dataset_80-10-10-page_full-2019_unconstrained_single/train/images/Page130a_Word092.tif: ignoring corrupt image/label: negative label values [   -0.13542]
[34m[1mtrain: [0mWARNING ⚠️ /lunarc/nobackup/projects/lu2023-17-41/carl/LTU/LTU_Thesis_v2/data/dataset_80-10-10-page_full-2019_unconstrained_single/train/images/Page147a_Word054.tif: ignoring corrupt image/label: negative label values [  -0.080169]
[34m[1mtrain: [0mWARNING ⚠️ /lunarc/nobackup/projects/lu2023-17-41/carl/LTU/LTU_Thesis_v2/data/dataset_80-10-10-page_full-2019_unconstrained_single/train/images/Page150a_Word062.tif: ignoring corrupt image/label: negative label values [      -0.03]
[34m[1mtrain: [0mWARNING ⚠️ /lunarc/nobackup/projects/lu2023-17-41/carl/LTU/LTU_Thesis_v2/data/dataset_80-10-10-page_full-2019_unconstrained_single/train/images/Page150a_Word069.tif: ignoring corrupt image/label: negative label values [ -0.0083102]
[34m[1mtrain: [0mWARNING ⚠️ /lunarc/nobackup/projects/lu2023-17-41/carl/LTU/LTU_Thesis_v2/data/dataset_80-10-10-page_full-2019_unconstrained_single/train/images/Page150a_Word082.tif: ignoring corrupt image/label: negative label values [  -0.040609]
[34m[1mtrain: [0mWARNING ⚠️ /lunarc/nobackup/projects/lu2023-17-41/carl/LTU/LTU_Thesis_v2/data/dataset_80-10-10-page_full-2019_unconstrained_single/train/images/Page180a_Word041.tif: ignoring corrupt image/label: non-normalized or out of bounds coordinates [     1.0249]
[34m[1mtrain: [0mWARNING ⚠️ /lunarc/nobackup/projects/lu2023-17-41/carl/LTU/LTU_Thesis_v2/data/dataset_80-10-10-page_full-2019_unconstrained_single/train/images/Page193a_Word104.tif: ignoring corrupt image/label: negative label values [  -0.043165]
[34m[1mval: [0mWARNING ⚠️ /lunarc/nobackup/projects/lu2023-17-41/carl/LTU/LTU_Thesis_v2/data/dataset_80-10-10-page_full-2019_unconstrained_single/validation/images/Page218a_Word063.tif: ignoring corrupt image/label: negative label values [  -0.038462]
[34m[1mval: [0mWARNING ⚠️ /lunarc/nobackup/projects/lu2023-17-41/carl/LTU/LTU_Thesis_v2/data/dataset_80-10-10-page_full-2019_unconstrained_single/validation/images/Page223a_Word040.tif: ignoring corrupt image/label: non-normalized or out of bounds coordinates [     1.0053]
[34m[1mval: [0mWARNING ⚠️ /lunarc/nobackup/projects/lu2023-17-41/carl/LTU/LTU_Thesis_v2/data/dataset_80-10-10-page_full-2019_unconstrained_single/validation/images/Page223a_Word054.tif: ignoring corrupt image/label: negative label values [  -0.057692]
[34m[1mval: [0mWARNING ⚠️ /lunarc/nobackup/projects/lu2023-17-41/carl/LTU/LTU_Thesis_v2/data/dataset_80-10-10-page_full-2019_unconstrained_single/validation/images/Page223a_Word093.tif: ignoring corrupt image/label: negative label values [  -0.025641]
[34m[1mval: [0mWARNING ⚠️ /lunarc/nobackup/projects/lu2023-17-41/carl/LTU/LTU_Thesis_v2/data/dataset_80-10-10-page_full-2019_unconstrained_single/validation/images/Page225a_Word045.tif: ignoring corrupt image/label: negative label values [  -0.079365]
Plotting labels to /lunarc/nobackup/projects/lu2023-17-41/carl/LTU/LTU_Thesis_v2/cdnet/cdnet_dataset_80-10-10-page_full-2019_unconstrained_single/yolov9e/20240430_T19192/labels.jpg... 
[34m[1moptimizer:[0m 'optimizer=auto' found, ignoring 'lr0=0.01' and 'momentum=0.937' and determining best 'optimizer', 'lr0' and 'momentum' automatically... 
[34m[1moptimizer:[0m SGD(lr=0.01, momentum=0.9) with parameter groups 298 weight(decay=0.0), 310 weight(decay=0.0005), 309 bias(decay=0.0)
[34m[1mTensorBoard: [0mmodel graph visualization added ✅
Image sizes 640 train, 640 val
Using 8 dataloader workers
Logging results to [1m/lunarc/nobackup/projects/lu2023-17-41/carl/LTU/LTU_Thesis_v2/cdnet/cdnet_dataset_80-10-10-page_full-2019_unconstrained_single/yolov9e/20240430_T19192[0m
Starting training for 250 epochs...

      Epoch    GPU_mem   box_loss   cls_loss   dfl_loss  Instances       Size
                   all       2508       8676      0.898      0.746      0.814      0.534

      Epoch    GPU_mem   box_loss   cls_loss   dfl_loss  Instances       Size
                   all       2508       8676      0.847      0.779      0.834      0.563

      Epoch    GPU_mem   box_loss   cls_loss   dfl_loss  Instances       Size
                   all       2508       8676      0.822      0.768      0.825      0.556

      Epoch    GPU_mem   box_loss   cls_loss   dfl_loss  Instances       Size
                   all       2508       8676      0.847      0.806      0.857      0.591

      Epoch    GPU_mem   box_loss   cls_loss   dfl_loss  Instances       Size
                   all       2508       8676      0.846      0.834      0.866      0.582

      Epoch    GPU_mem   box_loss   cls_loss   dfl_loss  Instances       Size
                   all       2508       8676      0.848      0.809      0.859      0.563

      Epoch    GPU_mem   box_loss   cls_loss   dfl_loss  Instances       Size
                   all       2508       8676       0.86      0.852      0.872      0.624

      Epoch    GPU_mem   box_loss   cls_loss   dfl_loss  Instances       Size
                   all       2508       8676      0.872       0.84      0.874      0.595

      Epoch    GPU_mem   box_loss   cls_loss   dfl_loss  Instances       Size
                   all       2508       8676      0.881      0.853      0.876      0.654

      Epoch    GPU_mem   box_loss   cls_loss   dfl_loss  Instances       Size
                   all       2508       8676      0.881      0.854      0.885      0.662

      Epoch    GPU_mem   box_loss   cls_loss   dfl_loss  Instances       Size
                   all       2508       8676      0.879      0.861      0.887       0.67

      Epoch    GPU_mem   box_loss   cls_loss   dfl_loss  Instances       Size
                   all       2508       8676      0.893      0.867      0.891      0.675

      Epoch    GPU_mem   box_loss   cls_loss   dfl_loss  Instances       Size
                   all       2508       8676       0.89      0.867      0.896      0.689

      Epoch    GPU_mem   box_loss   cls_loss   dfl_loss  Instances       Size
                   all       2508       8676      0.865      0.871      0.893       0.68

      Epoch    GPU_mem   box_loss   cls_loss   dfl_loss  Instances       Size
                   all       2508       8676      0.901      0.861      0.899      0.692

      Epoch    GPU_mem   box_loss   cls_loss   dfl_loss  Instances       Size
                   all       2508       8676       0.91      0.861      0.902      0.691

      Epoch    GPU_mem   box_loss   cls_loss   dfl_loss  Instances       Size
                   all       2508       8676      0.901       0.87      0.897      0.702

      Epoch    GPU_mem   box_loss   cls_loss   dfl_loss  Instances       Size
                   all       2508       8676      0.901      0.869      0.904      0.709

      Epoch    GPU_mem   box_loss   cls_loss   dfl_loss  Instances       Size
                   all       2508       8676      0.905      0.866        0.9      0.703

      Epoch    GPU_mem   box_loss   cls_loss   dfl_loss  Instances       Size
                   all       2508       8676      0.907      0.863      0.905      0.712

      Epoch    GPU_mem   box_loss   cls_loss   dfl_loss  Instances       Size
                   all       2508       8676      0.903      0.877      0.907      0.716

      Epoch    GPU_mem   box_loss   cls_loss   dfl_loss  Instances       Size
                   all       2508       8676      0.911      0.875      0.907      0.717

      Epoch    GPU_mem   box_loss   cls_loss   dfl_loss  Instances       Size
                   all       2508       8676      0.901      0.883      0.909       0.72

      Epoch    GPU_mem   box_loss   cls_loss   dfl_loss  Instances       Size
                   all       2508       8676      0.919      0.873      0.918      0.733

      Epoch    GPU_mem   box_loss   cls_loss   dfl_loss  Instances       Size
                   all       2508       8676      0.911      0.869      0.907      0.725

      Epoch    GPU_mem   box_loss   cls_loss   dfl_loss  Instances       Size
                   all       2508       8676      0.911      0.873      0.908      0.724

      Epoch    GPU_mem   box_loss   cls_loss   dfl_loss  Instances       Size
                   all       2508       8676      0.902      0.873      0.905      0.727

      Epoch    GPU_mem   box_loss   cls_loss   dfl_loss  Instances       Size
                   all       2508       8676      0.893      0.883      0.906      0.725

      Epoch    GPU_mem   box_loss   cls_loss   dfl_loss  Instances       Size
                   all       2508       8676      0.912      0.877      0.908      0.729

      Epoch    GPU_mem   box_loss   cls_loss   dfl_loss  Instances       Size
                   all       2508       8676      0.906      0.878      0.905       0.73

      Epoch    GPU_mem   box_loss   cls_loss   dfl_loss  Instances       Size
                   all       2508       8676      0.908      0.882       0.91      0.734

      Epoch    GPU_mem   box_loss   cls_loss   dfl_loss  Instances       Size
                   all       2508       8676      0.917      0.877      0.906      0.731

      Epoch    GPU_mem   box_loss   cls_loss   dfl_loss  Instances       Size
                   all       2508       8676      0.905      0.881      0.898      0.725

      Epoch    GPU_mem   box_loss   cls_loss   dfl_loss  Instances       Size
                   all       2508       8676      0.898      0.883      0.904      0.731

      Epoch    GPU_mem   box_loss   cls_loss   dfl_loss  Instances       Size
                   all       2508       8676      0.918      0.878      0.904      0.733

      Epoch    GPU_mem   box_loss   cls_loss   dfl_loss  Instances       Size
                   all       2508       8676      0.904      0.886      0.906      0.733

      Epoch    GPU_mem   box_loss   cls_loss   dfl_loss  Instances       Size
                   all       2508       8676      0.906      0.887       0.91      0.738

      Epoch    GPU_mem   box_loss   cls_loss   dfl_loss  Instances       Size
                   all       2508       8676      0.919      0.878      0.914      0.741

      Epoch    GPU_mem   box_loss   cls_loss   dfl_loss  Instances       Size
                   all       2508       8676       0.92       0.88      0.914      0.742

      Epoch    GPU_mem   box_loss   cls_loss   dfl_loss  Instances       Size
                   all       2508       8676      0.915      0.882      0.912       0.74

      Epoch    GPU_mem   box_loss   cls_loss   dfl_loss  Instances       Size
                   all       2508       8676      0.906      0.887      0.909      0.741

      Epoch    GPU_mem   box_loss   cls_loss   dfl_loss  Instances       Size
                   all       2508       8676      0.909      0.887      0.917      0.745

      Epoch    GPU_mem   box_loss   cls_loss   dfl_loss  Instances       Size
                   all       2508       8676      0.907      0.886      0.915      0.745

      Epoch    GPU_mem   box_loss   cls_loss   dfl_loss  Instances       Size
                   all       2508       8676      0.899       0.89      0.917      0.746

      Epoch    GPU_mem   box_loss   cls_loss   dfl_loss  Instances       Size
                   all       2508       8676       0.91      0.883      0.919      0.748

      Epoch    GPU_mem   box_loss   cls_loss   dfl_loss  Instances       Size
                   all       2508       8676      0.911      0.883      0.916      0.747

      Epoch    GPU_mem   box_loss   cls_loss   dfl_loss  Instances       Size
                   all       2508       8676       0.91      0.883      0.912      0.743

      Epoch    GPU_mem   box_loss   cls_loss   dfl_loss  Instances       Size
                   all       2508       8676      0.912      0.882       0.91      0.742

      Epoch    GPU_mem   box_loss   cls_loss   dfl_loss  Instances       Size
                   all       2508       8676      0.913      0.882       0.91      0.742

      Epoch    GPU_mem   box_loss   cls_loss   dfl_loss  Instances       Size
                   all       2508       8676      0.913      0.882      0.911      0.743

      Epoch    GPU_mem   box_loss   cls_loss   dfl_loss  Instances       Size
                   all       2508       8676      0.916      0.881      0.911      0.742

      Epoch    GPU_mem   box_loss   cls_loss   dfl_loss  Instances       Size
                   all       2508       8676      0.914      0.879      0.905      0.738

      Epoch    GPU_mem   box_loss   cls_loss   dfl_loss  Instances       Size
                   all       2508       8676      0.919      0.879      0.905      0.738

      Epoch    GPU_mem   box_loss   cls_loss   dfl_loss  Instances       Size
                   all       2508       8676       0.92      0.878      0.906      0.739

      Epoch    GPU_mem   box_loss   cls_loss   dfl_loss  Instances       Size
                   all       2508       8676       0.92      0.878      0.906      0.739

      Epoch    GPU_mem   box_loss   cls_loss   dfl_loss  Instances       Size
                   all       2508       8676      0.921      0.878      0.902      0.736

      Epoch    GPU_mem   box_loss   cls_loss   dfl_loss  Instances       Size
                   all       2508       8676       0.92      0.878      0.902      0.736

      Epoch    GPU_mem   box_loss   cls_loss   dfl_loss  Instances       Size
                   all       2508       8676      0.894      0.895      0.902      0.736

      Epoch    GPU_mem   box_loss   cls_loss   dfl_loss  Instances       Size
                   all       2508       8676       0.92      0.879      0.902      0.736

      Epoch    GPU_mem   box_loss   cls_loss   dfl_loss  Instances       Size
                   all       2508       8676      0.896      0.894      0.902      0.736
[34m[1mEarlyStopping: [0mTraining stopped early as no improvement observed in last 15 epochs. Best results observed at epoch 45, best model saved as best.pt.
To update EarlyStopping(patience=15) pass a new patience value, i.e. `patience=300` or use `patience=0` to disable EarlyStopping.

60 epochs completed in 8.540 hours.
Optimizer stripped from /lunarc/nobackup/projects/lu2023-17-41/carl/LTU/LTU_Thesis_v2/cdnet/cdnet_dataset_80-10-10-page_full-2019_unconstrained_single/yolov9e/20240430_T19192/weights/last.pt, 117.7MB
Optimizer stripped from /lunarc/nobackup/projects/lu2023-17-41/carl/LTU/LTU_Thesis_v2/cdnet/cdnet_dataset_80-10-10-page_full-2019_unconstrained_single/yolov9e/20240430_T19192/weights/best.pt, 117.7MB

Validating /lunarc/nobackup/projects/lu2023-17-41/carl/LTU/LTU_Thesis_v2/cdnet/cdnet_dataset_80-10-10-page_full-2019_unconstrained_single/yolov9e/20240430_T19192/weights/best.pt...
Ultralytics YOLOv8.2.5 🚀 Python-3.11.4 torch-2.1.0+cu121 CUDA:0 (NVIDIA A100 80GB PCIe, 81038MiB)
YOLOv9e summary (fused): 687 layers, 57579173 parameters, 0 gradients, 190.3 GFLOPs
                   all       2508       8676       0.91      0.883      0.919      0.748
                  09B0       2508        627      0.989      0.981      0.993      0.778
                  002C       2508        377      0.967       0.96      0.978      0.556
                  09B8       2508        310      0.991          1      0.995      0.768
                  09A8       2508        282      0.974      0.936      0.988      0.697
                  0964       2508        205      0.951      0.951      0.979      0.486
                  09AC       2508        195      0.986      0.985      0.988      0.748
             09AC 09BE       2508        188      0.989      0.989      0.995      0.794
                  002D       2508        222      0.916      0.896      0.911      0.337
                  098F       2508        168      0.988      0.991      0.995      0.823
             09A8 09BE       2508        146       0.99      0.986      0.991      0.878
                  0986       2508        140      0.994          1      0.995      0.866
                  09A6       2508        142      0.999          1      0.995       0.76
                  0995       2508        121      0.989      0.992      0.995      0.733
                  099C       2508        120      0.979          1      0.995      0.802
                  09AE       2508        117      0.991      0.981      0.995      0.741
                  09AA       2508        122      0.967       0.96      0.989      0.741
                  09B2       2508         96       0.99      0.983      0.995      0.738
                  0982       2508         97      0.974      0.979      0.985      0.601
                  09A4       2508         95      0.991      0.989      0.995      0.717
             09AE 09BE       2508         93      0.975          1      0.995      0.807
             0995 09C7       2508         95      0.974      0.989      0.992      0.903
             099C 09BE       2508         93      0.966          1      0.975      0.753
   0995 09CD 09B7 09BF       2508         96      0.994          1      0.995      0.831
             09AA 09C2       2508         91      0.943          1      0.968      0.766
                  0989       2508         70      0.945      0.986      0.994      0.849
             09AE 09C7       2508         72       0.98          1      0.995       0.85
   09AA 09CD 09B0 09BE       2508         71      0.976      0.986      0.995      0.814
             09AE 09C1       2508         72      0.974      0.972      0.983      0.777
             09A6 09C7       2508         72      0.991          1      0.995      0.804
                  0998       2508         71      0.974          1      0.995      0.798
                  0985       2508         72      0.986      0.995      0.993      0.866
             09A4 09C7       2508         73      0.993          1      0.995      0.897
             09AA 09BE       2508         71      0.973          1      0.995      0.765
                  09B6       2508         72      0.993          1      0.995      0.806
             09B0 09C7       2508         73      0.991      0.986      0.995      0.932
                  09B9       2508         72      0.995          1      0.995      0.684
             09B2 09BF       2508         70      0.986          1      0.995       0.84
             09A5 09BE       2508         71      0.988          1      0.995      0.885
        09B0 09CD 09AC       2508         67      0.926          1      0.973      0.666
             09A8 09C7       2508         70      0.906      0.829      0.956      0.786
                  09A3       2508         46      0.678      0.935      0.887      0.664
             09AA 09C1       2508         51      0.951      0.922      0.981      0.798
                  0987       2508         51      0.966      0.961      0.976       0.88
             09B6 09C7       2508         48      0.972          1      0.995      0.892
             09B8 09BE       2508         48      0.974          1      0.995      0.814
             09B2 09BE       2508         48      0.978      0.979      0.983      0.749
             0996 09BE       2508         48      0.994          1      0.995      0.774
             09A6 09C0       2508         45      0.922      0.978      0.993      0.841
             0995 09CB       2508         48      0.988          1      0.995      0.845
             09B2 09C7       2508         49      0.991          1      0.995      0.743
        09A4 09CD 09A4       2508         48      0.955      0.979      0.985      0.665
             09A4 09BF       2508         47      0.988          1      0.995      0.793
                  09AD       2508         48      0.968      0.958      0.983      0.736
             09DF 09C7       2508         48      0.967          1      0.995      0.893
             09AC 09C3       2508         48      0.987          1      0.995      0.882
        09A8 09CD 09A6       2508         48       0.99          1      0.995      0.729
        09A6 09CD 09A7       2508         47      0.969          1      0.993      0.861
             0995 09C3       2508         47      0.989          1      0.995      0.772
   09A8 09CD 09A4 09C7       2508         46      0.972          1      0.995      0.937
        09AA 09CD 09B0       2508         48      0.997          1      0.995      0.849
             09DF 09BE       2508         48      0.989          1      0.995      0.788
                  09DF       2508         45      0.852          1       0.98      0.801
             09A3 09C7       2508         26      0.552      0.962      0.805       0.68
   0996 09CD 09AF 09BE       2508         31      0.956          1      0.995      0.909
                  0993       2508         25       0.91          1      0.992      0.978
             09A6 09BF       2508         29      0.947      0.966      0.986      0.746
                  09A7       2508         24      0.978          1      0.995      0.744
             09AC 09C7       2508         26      0.971          1      0.995      0.803
   09B0 09CD 09AC 09C7       2508         24      0.943          1      0.995      0.819
                  0997       2508         24      0.968      0.917      0.987      0.673
        09A8 09CD 09AF       2508         24      0.978          1      0.995      0.896
                  09CE       2508         23       0.94          1      0.988      0.604
                  0990       2508         24      0.977          1      0.995      0.891
             09B0 09C2       2508         24      0.937      0.917      0.908      0.675
             09A8 09C1       2508         24      0.979          1      0.995      0.808
             09B7 09C7       2508         24      0.978          1      0.995      0.815
             09A2 09BE       2508         24      0.902      0.958       0.93      0.803
             099F 09BF       2508         24      0.976          1      0.995      0.764
             09A5 09C7       2508         25      0.982       0.96      0.991       0.96
        09A8 09CD 09A4       2508         25       0.99          1      0.995      0.692
             0995 09BE       2508         25      0.989          1      0.995      0.785
             099B 09CB       2508         24      0.978          1      0.995      0.867
             09AD 09BE       2508         25      0.978       0.96      0.972      0.831
                  09EC       2508         24      0.978          1      0.995       0.88
             09B9 09BF       2508         24      0.958          1      0.995      0.893
   09A8 09CD 09A6 09C1       2508         24      0.979          1      0.995      0.835
                  09E7       2508         24      0.977          1      0.995      0.847
             09B8 09CC       2508         24      0.927          1      0.995      0.897
             09B9 09C7       2508         23      0.977          1      0.995      0.848
             09A4 09C1       2508         22      0.976          1      0.995      0.763
   09A8 09CD 09A8 09C7       2508         23       0.94          1      0.993       0.82
             0995 09BF       2508         24          1      0.987      0.995      0.796
   09B6 09CD 099A 09BF       2508         24      0.979          1      0.995      0.894
                  098B       2508         22      0.974          1      0.995      0.873
             099B 09C7       2508         24      0.941          1      0.995       0.91
        0995 09CD 09AF       2508         24      0.979          1      0.995      0.832
             09A2 09CB       2508         24      0.978          1      0.995      0.834
             09AD 09C2       2508         23      0.901          1      0.947      0.828
        0995 09CD 09B8       2508         24      0.977          1      0.995      0.683
             09B9 09BE       2508         24       0.98          1      0.995       0.67
             09B8 09C1       2508         24      0.978          1      0.995      0.862
   09AA 09CD 09B2 09BE       2508         24      0.944          1      0.995      0.916
   09A6 09CD 09B0 09C7       2508         23      0.937          1      0.995      0.707
             09B8 09C8       2508         24      0.975          1      0.995      0.789
             09A1 09BE       2508         24      0.959          1      0.993        0.9
                  09AB       2508         22      0.979          1      0.995       0.84
             09B7 09BE       2508         24       0.98          1      0.995      0.797
             09B0 09C1       2508         23      0.896      0.957      0.979      0.884
             09A4 09BE       2508         22      0.978          1      0.995      0.697
                  09B7       2508         24      0.977          1      0.995      0.629
             09AA 09BF       2508         23      0.977          1      0.995      0.813
                  09A0       2508         24      0.987          1      0.995        0.7
             09AC 09C1       2508         24      0.994          1      0.995      0.717
   09B0 09CD 09AF 09C7       2508         24          1      0.986      0.995      0.838
             09A0 09BE       2508         23      0.987          1      0.995      0.702
   09AE 09CD 09AF 09BE       2508         24      0.978          1      0.995      0.846
             09B6 09C0       2508         22      0.939          1      0.995      0.897
             09AB 09C1       2508         24      0.944          1      0.995      0.922
        09A6 09CD 09B0       2508         25      0.984       0.96       0.97      0.597
   0995 09CD 09B7 09C7       2508         24      0.941          1      0.995      0.838
             099A 09C0       2508         24      0.977          1      0.995      0.764
             09AE 09C2       2508         24      0.905      0.958      0.952      0.886
                  0988       2508         23      0.939          1      0.966      0.838
             09B8 09C0       2508         24      0.976      0.958      0.968      0.851
             09B0 09BE       2508         24      0.923          1      0.993      0.874
             09A5 09C8       2508         23      0.937          1      0.986      0.928
             09AA 09C3       2508         22      0.976          1      0.995      0.858
             09B6 09BF       2508         26      0.962      0.976      0.994       0.86
             09AC 09C0       2508         23       0.98          1      0.995      0.802
        09B0 09CD 0998       2508         23      0.934      0.957      0.968      0.638
   0997 09CD 09B0 09C0       2508         23      0.972          1      0.995      0.951
   09B7 09CD 09AE 09C7       2508         23      0.978          1      0.995      0.828
                  099D       2508         23      0.903          1      0.995      0.684
        09B7 09CD 09A3       2508         22      0.978          1      0.995      0.771
             09B0 09CB       2508         24       0.98          1      0.995      0.843
             09A5 09BF       2508         22      0.942          1      0.995      0.729
   0996 09CD 09B0 09BF       2508         24      0.944          1      0.995        0.9
             09A7 09BF       2508         23      0.904          1      0.992      0.871
             09AC 09CC       2508         24      0.979          1      0.995      0.958
             09A8 09BF       2508         20      0.964          1      0.995      0.859
   0997 09CD 09B0 09CB       2508         22      0.938          1      0.991      0.772
             09DD 09C7       2508         24      0.978          1      0.995      0.916
                  09DC       2508         22      0.939          1      0.978      0.595
   0999 09CD 0997 09CB       2508         24      0.979          1      0.995      0.822
                  0994       2508         23      0.934          1      0.972      0.805
09B0 09CD 09A7 09CD 09AC 09C7       2508         21      0.893          1      0.965      0.835
   09B0 09CD 09A8 09BE       2508         24      0.979          1      0.995      0.729
        0996 09CD 09AF       2508         17      0.965          1      0.995      0.887
        099F 09CD 099F       2508         21      0.934          1      0.986      0.871
   09A6 09CD 09AC 09C0       2508         24      0.975          1      0.995       0.95
             0999 09C7       2508         18      0.915      0.944      0.957      0.897
             0999 09BE       2508         17      0.718          1      0.932      0.772
        09AA 09C7 0981       2508         22      0.934          1      0.995      0.937
   09B0 09CD 09AE 09C0       2508         21      0.975          1      0.995      0.822
   09B8 09CD 099F 09BE       2508         15      0.947          1      0.995      0.823
                  098A       2508         23      0.981          1      0.995      0.875
   09B7 09CD 099F 09BE       2508          9      0.915          1      0.995       0.83
   09B0 09CD 09AE 09C7       2508          2      0.824          1      0.995      0.901
   0999 09CD 0997 09BE       2508          5      0.847        0.6      0.866      0.702
   0999 09CD 0997 09C7       2508          6      0.985      0.833      0.972      0.909
                  099F       2508          2      0.551          1      0.663      0.615
   09A7 09CD 09AC 09C7       2508          2          1          0      0.586      0.474
             09B2 09C0       2508          1      0.939          1      0.995      0.796
             0997 09CB       2508          2          1          0      0.995      0.826
   09B0 09CD 09AC 09BE       2508          2          1          0       0.58      0.522
             09A5 09C0       2508          1          0          0          0          0
        0999 09CD 0997       2508          1          1          0          0          0
        09AA 09CB 0981       2508          1          1          0      0.995      0.895
        09A8 09CD 09A7       2508          1          1          0      0.995      0.895
                  0999       2508          1          1          0      0.995      0.597
             099C 09CB       2508          2          1          0      0.175      0.157
             09AD 09C1       2508          2          0          0          0          0
   09B0 09CD 09A8 09C7       2508          2          1          0      0.606      0.537
             09AE 09BF       2508          2          0          0          0          0
             09B8 09C7       2508          1          0          0          0          0
             099D 09BE       2508          1          1          0      0.995      0.697
             09A7 09C7       2508          1          0          0          0          0
             09A7 09C8       2508          1          0          0          0          0
   099F 09CD 099F 09BE       2508          1          0          0          0          0
             09A6 09C8       2508          1          0          0          0          0
09B0 09CD 0998 09CD 09AF       2508          1          0          0          0          0
Speed: 0.1ms preprocess, 3.4ms inference, 0.0ms loss, 0.5ms postprocess per image
Results saved to [1m/lunarc/nobackup/projects/lu2023-17-41/carl/LTU/LTU_Thesis_v2/cdnet/cdnet_dataset_80-10-10-page_full-2019_unconstrained_single/yolov9e/20240430_T19192[0m
Ultralytics YOLOv8.2.5 🚀 Python-3.11.4 torch-2.1.0+cu121 CUDA:0 (NVIDIA A100 80GB PCIe, 81038MiB)
YOLOv9e summary (fused): 687 layers, 57579173 parameters, 0 gradients, 190.3 GFLOPs

[34m[1mPyTorch:[0m starting from '/lunarc/nobackup/projects/lu2023-17-41/carl/LTU/LTU_Thesis_v2/cdnet/cdnet_dataset_80-10-10-page_full-2019_unconstrained_single/yolov9e/20240430_T19192/weights/best.pt' with input shape (1, 3, 640, 640) BCHW and output shape(s) (1, 267, 8400) (112.2 MB)

[34m[1mONNX:[0m starting export with onnx 1.15.0 opset 17...
[34m[1mONNX:[0m export success ✅ 4.2s, saved as '/lunarc/nobackup/projects/lu2023-17-41/carl/LTU/LTU_Thesis_v2/cdnet/cdnet_dataset_80-10-10-page_full-2019_unconstrained_single/yolov9e/20240430_T19192/weights/best.onnx' (220.1 MB)

Export complete (5.6s)
Results saved to [1m/lunarc/nobackup/projects/lu2023-17-41/carl/LTU/LTU_Thesis_v2/cdnet/cdnet_dataset_80-10-10-page_full-2019_unconstrained_single/yolov9e/20240430_T19192/weights[0m
Predict:         yolo predict task=detect model=/lunarc/nobackup/projects/lu2023-17-41/carl/LTU/LTU_Thesis_v2/cdnet/cdnet_dataset_80-10-10-page_full-2019_unconstrained_single/yolov9e/20240430_T19192/weights/best.onnx imgsz=640  
Validate:        yolo val task=detect model=/lunarc/nobackup/projects/lu2023-17-41/carl/LTU/LTU_Thesis_v2/cdnet/cdnet_dataset_80-10-10-page_full-2019_unconstrained_single/yolov9e/20240430_T19192/weights/best.onnx imgsz=640 data=/lunarc/nobackup/projects/lu2023-17-41/carl/LTU/LTU_Thesis_v2/cdnet/cdnet_dataset_80-10-10-page_full-2019_unconstrained_single/data.yaml  
Visualize:       https://netron.app
Total training time: 30813.86860513687 seconds
Finished processing.
