Starting processing work
Changing directory
Start work
Updated the 'path' in /lunarc/nobackup/projects/lu2023-17-41/carl/LTU/LTU_Thesis_v2/cdnet/cdnet_BSHBD_80-10-10-page_200/data.yaml
Ultralytics YOLOv8.2.5 🚀 Python-3.11.4 torch-2.1.0+cu121 CUDA:0 (NVIDIA A100 80GB PCIe, 81038MiB)
[34m[1mengine/trainer: [0mtask=detect, mode=train, model=/lunarc/nobackup/projects/lu2023-17-41/carl/LTU/LTU_Thesis_v2/yolov9e.pt, data=/lunarc/nobackup/projects/lu2023-17-41/carl/LTU/LTU_Thesis_v2/cdnet/cdnet_BSHBD_80-10-10-page_200/data.yaml, epochs=250, time=None, patience=15, batch=16, imgsz=640, save=True, save_period=-1, cache=False, device=0, workers=8, project=/lunarc/nobackup/projects/lu2023-17-41/carl/LTU/LTU_Thesis_v2/cdnet/cdnet_BSHBD_80-10-10-page_200/yolov9e, name=20240502_T1720, exist_ok=False, pretrained=True, optimizer=auto, verbose=True, seed=0, deterministic=True, single_cls=False, rect=False, cos_lr=False, close_mosaic=10, resume=False, amp=True, fraction=1.0, profile=False, freeze=None, multi_scale=False, overlap_mask=True, mask_ratio=4, dropout=0.0, val=True, split=val, save_json=False, save_hybrid=False, conf=None, iou=0.7, max_det=300, half=False, dnn=False, plots=True, source=None, vid_stride=1, stream_buffer=False, visualize=False, augment=False, agnostic_nms=False, classes=None, retina_masks=False, embed=None, show=False, save_frames=False, save_txt=False, save_conf=False, save_crop=False, show_labels=True, show_conf=True, show_boxes=True, line_width=None, format=torchscript, keras=False, optimize=False, int8=False, dynamic=False, simplify=False, opset=None, workspace=4, nms=False, lr0=0.01, lrf=0.01, momentum=0.937, weight_decay=0.0005, warmup_epochs=3.0, warmup_momentum=0.8, warmup_bias_lr=0.1, box=7.5, cls=0.5, dfl=1.5, pose=12.0, kobj=1.0, label_smoothing=0.0, nbs=64, hsv_h=0.015, hsv_s=0.7, hsv_v=0.4, degrees=5.0, translate=0.1, scale=0.5, shear=5.0, perspective=0.0, flipud=0.0, fliplr=0.0, bgr=0.0, mosaic=1.0, mixup=0.0, copy_paste=0.0, auto_augment=randaugment, erasing=0.4, crop_fraction=1.0, cfg=None, tracker=botsort.yaml, save_dir=/lunarc/nobackup/projects/lu2023-17-41/carl/LTU/LTU_Thesis_v2/cdnet/cdnet_BSHBD_80-10-10-page_200/yolov9e/20240502_T1720
Overriding model.yaml nc=80 with nc=263

                   from  n    params  module                                       arguments                     
  0                  -1  1         0  ultralytics.nn.modules.block.Silence         []                            
  1                  -1  1      1856  ultralytics.nn.modules.conv.Conv             [3, 64, 3, 2]                 
  2                  -1  1     73984  ultralytics.nn.modules.conv.Conv             [64, 128, 3, 2]               
  3                  -1  1    252160  ultralytics.nn.modules.block.RepNCSPELAN4    [128, 256, 128, 64, 2]        
  4                  -1  1    164352  ultralytics.nn.modules.block.ADown           [256, 256]                    
  5                  -1  1   1004032  ultralytics.nn.modules.block.RepNCSPELAN4    [256, 512, 256, 128, 2]       
  6                  -1  1    656384  ultralytics.nn.modules.block.ADown           [512, 512]                    
  7                  -1  1   4006912  ultralytics.nn.modules.block.RepNCSPELAN4    [512, 1024, 512, 256, 2]      
  8                  -1  1   2623488  ultralytics.nn.modules.block.ADown           [1024, 1024]                  
  9                  -1  1   4269056  ultralytics.nn.modules.block.RepNCSPELAN4    [1024, 1024, 512, 256, 2]     
 10                   1  1      4160  ultralytics.nn.modules.block.CBLinear        [64, [64]]                    
 11                   3  1     49344  ultralytics.nn.modules.block.CBLinear        [256, [64, 128]]              
 12                   5  1    229824  ultralytics.nn.modules.block.CBLinear        [512, [64, 128, 256]]         
 13                   7  1    984000  ultralytics.nn.modules.block.CBLinear        [1024, [64, 128, 256, 512]]   
 14                   9  1   2033600  ultralytics.nn.modules.block.CBLinear        [1024, [64, 128, 256, 512, 1024]]
 15                   0  1      1856  ultralytics.nn.modules.conv.Conv             [3, 64, 3, 2]                 
 16[10, 11, 12, 13, 14, -1]  1         0  ultralytics.nn.modules.block.CBFuse          [[0, 0, 0, 0, 0]]             
 17                  -1  1     73984  ultralytics.nn.modules.conv.Conv             [64, 128, 3, 2]               
 18[11, 12, 13, 14, -1]  1         0  ultralytics.nn.modules.block.CBFuse          [[1, 1, 1, 1]]                
 19                  -1  1    252160  ultralytics.nn.modules.block.RepNCSPELAN4    [128, 256, 128, 64, 2]        
 20                  -1  1    164352  ultralytics.nn.modules.block.ADown           [256, 256]                    
 21    [12, 13, 14, -1]  1         0  ultralytics.nn.modules.block.CBFuse          [[2, 2, 2]]                   
 22                  -1  1   1004032  ultralytics.nn.modules.block.RepNCSPELAN4    [256, 512, 256, 128, 2]       
 23                  -1  1    656384  ultralytics.nn.modules.block.ADown           [512, 512]                    
 24        [13, 14, -1]  1         0  ultralytics.nn.modules.block.CBFuse          [[3, 3]]                      
 25                  -1  1   4006912  ultralytics.nn.modules.block.RepNCSPELAN4    [512, 1024, 512, 256, 2]      
 26                  -1  1   2623488  ultralytics.nn.modules.block.ADown           [1024, 1024]                  
 27            [14, -1]  1         0  ultralytics.nn.modules.block.CBFuse          [[4]]                         
 28                  -1  1   4269056  ultralytics.nn.modules.block.RepNCSPELAN4    [1024, 1024, 512, 256, 2]     
 29                  -1  1    787968  ultralytics.nn.modules.block.SPPELAN         [1024, 512, 256]              
 30                  -1  1         0  torch.nn.modules.upsampling.Upsample         [None, 2, 'nearest']          
 31            [-1, 25]  1         0  ultralytics.nn.modules.conv.Concat           [1]                           
 32                  -1  1   4005888  ultralytics.nn.modules.block.RepNCSPELAN4    [1536, 512, 512, 256, 2]      
 33                  -1  1         0  torch.nn.modules.upsampling.Upsample         [None, 2, 'nearest']          
 34            [-1, 22]  1         0  ultralytics.nn.modules.conv.Concat           [1]                           
 35                  -1  1   1069056  ultralytics.nn.modules.block.RepNCSPELAN4    [1024, 256, 256, 128, 2]      
 36                  -1  1    164352  ultralytics.nn.modules.block.ADown           [256, 256]                    
 37            [-1, 32]  1         0  ultralytics.nn.modules.conv.Concat           [1]                           
 38                  -1  1   3612672  ultralytics.nn.modules.block.RepNCSPELAN4    [768, 512, 512, 256, 2]       
 39                  -1  1    656384  ultralytics.nn.modules.block.ADown           [512, 512]                    
 40            [-1, 29]  1         0  ultralytics.nn.modules.conv.Concat           [1]                           
 41                  -1  1  12860416  ultralytics.nn.modules.block.RepNCSPELAN4    [1024, 512, 1024, 512, 2]     
 42        [35, 38, 41]  1   5785573  ultralytics.nn.modules.head.Detect           [263, [256, 512, 512]]        
YOLOv9e summary: 1225 layers, 58347685 parameters, 58347669 gradients, 193.8 GFLOPs

Transferred 1805/1811 items from pretrained weights
[34m[1mTensorBoard: [0mStart with 'tensorboard --logdir /lunarc/nobackup/projects/lu2023-17-41/carl/LTU/LTU_Thesis_v2/cdnet/cdnet_BSHBD_80-10-10-page_200/yolov9e/20240502_T1720', view at http://localhost:6006/
Freezing layer 'model.42.dfl.conv.weight'
[34m[1mAMP: [0mrunning Automatic Mixed Precision (AMP) checks with YOLOv8n...
[34m[1mAMP: [0mchecks passed ✅
[34m[1mtrain: [0mWARNING ⚠️ /lunarc/nobackup/projects/lu2023-17-41/carl/LTU/LTU_Thesis_v2/data/BSHBD_80-10-10-page_200/train/images/Page014a_Word021.tif: ignoring corrupt image/label: negative label values [  -0.021333]
[34m[1mtrain: [0mWARNING ⚠️ /lunarc/nobackup/projects/lu2023-17-41/carl/LTU/LTU_Thesis_v2/data/BSHBD_80-10-10-page_200/train/images/Page058a_Word084.tif: ignoring corrupt image/label: negative label values [  -0.058537]
[34m[1mtrain: [0mWARNING ⚠️ /lunarc/nobackup/projects/lu2023-17-41/carl/LTU/LTU_Thesis_v2/data/BSHBD_80-10-10-page_200/train/images/Page059a_Word093.tif: ignoring corrupt image/label: non-normalized or out of bounds coordinates [     1.0063]
[34m[1mtrain: [0mWARNING ⚠️ /lunarc/nobackup/projects/lu2023-17-41/carl/LTU/LTU_Thesis_v2/data/BSHBD_80-10-10-page_200/train/images/Page062a_Word060.tif: ignoring corrupt image/label: negative label values [  -0.014545]
[34m[1mtrain: [0mWARNING ⚠️ /lunarc/nobackup/projects/lu2023-17-41/carl/LTU/LTU_Thesis_v2/data/BSHBD_80-10-10-page_200/train/images/Page062a_Word077.tif: ignoring corrupt image/label: negative label values [  -0.010929]
[34m[1mtrain: [0mWARNING ⚠️ /lunarc/nobackup/projects/lu2023-17-41/carl/LTU/LTU_Thesis_v2/data/BSHBD_80-10-10-page_200/train/images/Page064a_Word093.tif: ignoring corrupt image/label: negative label values [  -0.032698]
[34m[1mtrain: [0mWARNING ⚠️ /lunarc/nobackup/projects/lu2023-17-41/carl/LTU/LTU_Thesis_v2/data/BSHBD_80-10-10-page_200/train/images/Page071a_Word075.tif: ignoring corrupt image/label: negative label values [   -0.10959]
[34m[1mtrain: [0mWARNING ⚠️ /lunarc/nobackup/projects/lu2023-17-41/carl/LTU/LTU_Thesis_v2/data/BSHBD_80-10-10-page_200/train/images/Page088a_Word088.tif: ignoring corrupt image/label: negative label values [  -0.018727]
[34m[1mtrain: [0mWARNING ⚠️ /lunarc/nobackup/projects/lu2023-17-41/carl/LTU/LTU_Thesis_v2/data/BSHBD_80-10-10-page_200/train/images/Page119a_Word052.tif: ignoring corrupt image/label: negative label values [  -0.035971]
[34m[1mtrain: [0mWARNING ⚠️ /lunarc/nobackup/projects/lu2023-17-41/carl/LTU/LTU_Thesis_v2/data/BSHBD_80-10-10-page_200/train/images/Page119a_Word091.tif: ignoring corrupt image/label: non-normalized or out of bounds coordinates [     1.0015]
[34m[1mtrain: [0mWARNING ⚠️ /lunarc/nobackup/projects/lu2023-17-41/carl/LTU/LTU_Thesis_v2/data/BSHBD_80-10-10-page_200/train/images/Page130a_Word092.tif: ignoring corrupt image/label: negative label values [   -0.13542]
[34m[1mtrain: [0mWARNING ⚠️ /lunarc/nobackup/projects/lu2023-17-41/carl/LTU/LTU_Thesis_v2/data/BSHBD_80-10-10-page_200/train/images/Page147a_Word054.tif: ignoring corrupt image/label: negative label values [  -0.080169]
[34m[1mtrain: [0mWARNING ⚠️ /lunarc/nobackup/projects/lu2023-17-41/carl/LTU/LTU_Thesis_v2/data/BSHBD_80-10-10-page_200/train/images/Page150a_Word069.tif: ignoring corrupt image/label: negative label values [ -0.0083102]
[34m[1mtrain: [0mWARNING ⚠️ /lunarc/nobackup/projects/lu2023-17-41/carl/LTU/LTU_Thesis_v2/data/BSHBD_80-10-10-page_200/train/images/Page150a_Word082.tif: ignoring corrupt image/label: negative label values [  -0.040609]
[34m[1mtrain: [0mNew cache created: /lunarc/nobackup/projects/lu2023-17-41/carl/LTU/LTU_Thesis_v2/data/BSHBD_80-10-10-page_200/train/labels.cache
[34m[1mval: [0mWARNING ⚠️ /lunarc/nobackup/projects/lu2023-17-41/carl/LTU/LTU_Thesis_v2/data/BSHBD_80-10-10-page_200/validation/images/Page218a_Word063.tif: ignoring corrupt image/label: negative label values [  -0.038462]
[34m[1mval: [0mWARNING ⚠️ /lunarc/nobackup/projects/lu2023-17-41/carl/LTU/LTU_Thesis_v2/data/BSHBD_80-10-10-page_200/validation/images/Page223a_Word040.tif: ignoring corrupt image/label: non-normalized or out of bounds coordinates [     1.0053]
[34m[1mval: [0mWARNING ⚠️ /lunarc/nobackup/projects/lu2023-17-41/carl/LTU/LTU_Thesis_v2/data/BSHBD_80-10-10-page_200/validation/images/Page223a_Word054.tif: ignoring corrupt image/label: negative label values [  -0.057692]
[34m[1mval: [0mWARNING ⚠️ /lunarc/nobackup/projects/lu2023-17-41/carl/LTU/LTU_Thesis_v2/data/BSHBD_80-10-10-page_200/validation/images/Page223a_Word093.tif: ignoring corrupt image/label: negative label values [  -0.025641]
[34m[1mval: [0mWARNING ⚠️ /lunarc/nobackup/projects/lu2023-17-41/carl/LTU/LTU_Thesis_v2/data/BSHBD_80-10-10-page_200/validation/images/Page225a_Word045.tif: ignoring corrupt image/label: negative label values [  -0.079365]
[34m[1mval: [0mNew cache created: /lunarc/nobackup/projects/lu2023-17-41/carl/LTU/LTU_Thesis_v2/data/BSHBD_80-10-10-page_200/validation/labels.cache
Plotting labels to /lunarc/nobackup/projects/lu2023-17-41/carl/LTU/LTU_Thesis_v2/cdnet/cdnet_BSHBD_80-10-10-page_200/yolov9e/20240502_T1720/labels.jpg... 
[34m[1moptimizer:[0m 'optimizer=auto' found, ignoring 'lr0=0.01' and 'momentum=0.937' and determining best 'optimizer', 'lr0' and 'momentum' automatically... 
[34m[1moptimizer:[0m SGD(lr=0.01, momentum=0.9) with parameter groups 298 weight(decay=0.0), 310 weight(decay=0.0005), 309 bias(decay=0.0)
[34m[1mTensorBoard: [0mmodel graph visualization added ✅
Image sizes 640 train, 640 val
Using 8 dataloader workers
Logging results to [1m/lunarc/nobackup/projects/lu2023-17-41/carl/LTU/LTU_Thesis_v2/cdnet/cdnet_BSHBD_80-10-10-page_200/yolov9e/20240502_T1720[0m
Starting training for 250 epochs...

      Epoch    GPU_mem   box_loss   cls_loss   dfl_loss  Instances       Size
                   all       2508       8676      0.805      0.621      0.721      0.483

      Epoch    GPU_mem   box_loss   cls_loss   dfl_loss  Instances       Size
                   all       2508       8676      0.787      0.671      0.755      0.509

      Epoch    GPU_mem   box_loss   cls_loss   dfl_loss  Instances       Size
                   all       2508       8676      0.791      0.628       0.73      0.468

      Epoch    GPU_mem   box_loss   cls_loss   dfl_loss  Instances       Size
                   all       2508       8676      0.823      0.702       0.81       0.55

      Epoch    GPU_mem   box_loss   cls_loss   dfl_loss  Instances       Size
                   all       2508       8676      0.844      0.731      0.825      0.587

      Epoch    GPU_mem   box_loss   cls_loss   dfl_loss  Instances       Size
                   all       2508       8676      0.861      0.746      0.838      0.584

      Epoch    GPU_mem   box_loss   cls_loss   dfl_loss  Instances       Size
                   all       2508       8676      0.863      0.746      0.843      0.601

      Epoch    GPU_mem   box_loss   cls_loss   dfl_loss  Instances       Size
                   all       2508       8676      0.858       0.75       0.83      0.603

      Epoch    GPU_mem   box_loss   cls_loss   dfl_loss  Instances       Size
                   all       2508       8676      0.861      0.762      0.835      0.607

      Epoch    GPU_mem   box_loss   cls_loss   dfl_loss  Instances       Size
                   all       2508       8676      0.845      0.762       0.84      0.615

      Epoch    GPU_mem   box_loss   cls_loss   dfl_loss  Instances       Size
                   all       2508       8676      0.873       0.75      0.845      0.623

      Epoch    GPU_mem   box_loss   cls_loss   dfl_loss  Instances       Size
                   all       2508       8676      0.871      0.752      0.839      0.623

      Epoch    GPU_mem   box_loss   cls_loss   dfl_loss  Instances       Size
                   all       2508       8676      0.876      0.745      0.835      0.624

      Epoch    GPU_mem   box_loss   cls_loss   dfl_loss  Instances       Size
                   all       2508       8676      0.874      0.755      0.843      0.634

      Epoch    GPU_mem   box_loss   cls_loss   dfl_loss  Instances       Size
                   all       2508       8676      0.853      0.779      0.857      0.653

      Epoch    GPU_mem   box_loss   cls_loss   dfl_loss  Instances       Size
                   all       2508       8676      0.883      0.767       0.85      0.649

      Epoch    GPU_mem   box_loss   cls_loss   dfl_loss  Instances       Size
                   all       2508       8676      0.879      0.765      0.856      0.654

      Epoch    GPU_mem   box_loss   cls_loss   dfl_loss  Instances       Size
                   all       2508       8676      0.876      0.763      0.844      0.644

      Epoch    GPU_mem   box_loss   cls_loss   dfl_loss  Instances       Size
                   all       2508       8676      0.879      0.762      0.849      0.656

      Epoch    GPU_mem   box_loss   cls_loss   dfl_loss  Instances       Size
                   all       2508       8676      0.867      0.777      0.853      0.656

      Epoch    GPU_mem   box_loss   cls_loss   dfl_loss  Instances       Size
                   all       2508       8676      0.867      0.784      0.856      0.661

      Epoch    GPU_mem   box_loss   cls_loss   dfl_loss  Instances       Size
                   all       2508       8676      0.875      0.768      0.848      0.654

      Epoch    GPU_mem   box_loss   cls_loss   dfl_loss  Instances       Size
                   all       2508       8676      0.866       0.77      0.842      0.652

      Epoch    GPU_mem   box_loss   cls_loss   dfl_loss  Instances       Size
                   all       2508       8676      0.876      0.778      0.851      0.663

      Epoch    GPU_mem   box_loss   cls_loss   dfl_loss  Instances       Size
                   all       2508       8676      0.882      0.764      0.847      0.659

      Epoch    GPU_mem   box_loss   cls_loss   dfl_loss  Instances       Size
                   all       2508       8676      0.878      0.766      0.844      0.655

      Epoch    GPU_mem   box_loss   cls_loss   dfl_loss  Instances       Size
                   all       2508       8676      0.883      0.769      0.845      0.656

      Epoch    GPU_mem   box_loss   cls_loss   dfl_loss  Instances       Size
                   all       2508       8676      0.877      0.765      0.848       0.66

      Epoch    GPU_mem   box_loss   cls_loss   dfl_loss  Instances       Size
                   all       2508       8676      0.874      0.767      0.842      0.656

      Epoch    GPU_mem   box_loss   cls_loss   dfl_loss  Instances       Size
                   all       2508       8676      0.855      0.782      0.846      0.659

      Epoch    GPU_mem   box_loss   cls_loss   dfl_loss  Instances       Size
                   all       2508       8676      0.878      0.768      0.842      0.656

      Epoch    GPU_mem   box_loss   cls_loss   dfl_loss  Instances       Size
                   all       2508       8676      0.884      0.768      0.843      0.659

      Epoch    GPU_mem   box_loss   cls_loss   dfl_loss  Instances       Size
                   all       2508       8676       0.88       0.77      0.844       0.66

      Epoch    GPU_mem   box_loss   cls_loss   dfl_loss  Instances       Size
                   all       2508       8676      0.871      0.773      0.843      0.657

      Epoch    GPU_mem   box_loss   cls_loss   dfl_loss  Instances       Size
                   all       2508       8676      0.866      0.771      0.844      0.659

      Epoch    GPU_mem   box_loss   cls_loss   dfl_loss  Instances       Size
                   all       2508       8676       0.87      0.772      0.843      0.658

      Epoch    GPU_mem   box_loss   cls_loss   dfl_loss  Instances       Size
                   all       2508       8676      0.869      0.772      0.844       0.66

      Epoch    GPU_mem   box_loss   cls_loss   dfl_loss  Instances       Size
                   all       2508       8676       0.87      0.772      0.843      0.658

      Epoch    GPU_mem   box_loss   cls_loss   dfl_loss  Instances       Size
                   all       2508       8676      0.879       0.77      0.842      0.658
[34m[1mEarlyStopping: [0mTraining stopped early as no improvement observed in last 15 epochs. Best results observed at epoch 24, best model saved as best.pt.
To update EarlyStopping(patience=15) pass a new patience value, i.e. `patience=300` or use `patience=0` to disable EarlyStopping.

39 epochs completed in 6.972 hours.
Optimizer stripped from /lunarc/nobackup/projects/lu2023-17-41/carl/LTU/LTU_Thesis_v2/cdnet/cdnet_BSHBD_80-10-10-page_200/yolov9e/20240502_T1720/weights/last.pt, 117.7MB
Optimizer stripped from /lunarc/nobackup/projects/lu2023-17-41/carl/LTU/LTU_Thesis_v2/cdnet/cdnet_BSHBD_80-10-10-page_200/yolov9e/20240502_T1720/weights/best.pt, 117.7MB

Validating /lunarc/nobackup/projects/lu2023-17-41/carl/LTU/LTU_Thesis_v2/cdnet/cdnet_BSHBD_80-10-10-page_200/yolov9e/20240502_T1720/weights/best.pt...
Ultralytics YOLOv8.2.5 🚀 Python-3.11.4 torch-2.1.0+cu121 CUDA:0 (NVIDIA A100 80GB PCIe, 81038MiB)
YOLOv9e summary (fused): 687 layers, 57579173 parameters, 0 gradients, 190.3 GFLOPs
                   all       2508       8676      0.876      0.778      0.851      0.663
                  09B0       2508        627       0.91      0.949       0.96      0.707
                  002C       2508        377      0.955      0.903      0.956       0.53
                  09B8       2508        310      0.971       0.65       0.86      0.591
                  09A8       2508        282      0.925      0.749      0.924      0.595
                  0964       2508        205      0.907      0.905      0.951      0.472
                  09AC       2508        195      0.943       0.59      0.852      0.569
             09AC 09BE       2508        188      0.987       0.83       0.97      0.705
                  002D       2508        222      0.875      0.785      0.771      0.273
                  098F       2508        168      0.991      0.935      0.986      0.763
             09A8 09BE       2508        146          1     0.0676      0.716      0.594
                  0986       2508        140          1      0.903      0.989      0.805
                  09A6       2508        142      0.991      0.804      0.942       0.59
                  0995       2508        121      0.959      0.992      0.994      0.683
                  099C       2508        120      0.981      0.853      0.958       0.74
                  09AE       2508        117      0.736      0.872      0.847      0.584
                  09AA       2508        122      0.943      0.959      0.975      0.681
                  09B2       2508         96      0.938      0.944      0.971      0.675
                  0982       2508         97      0.989      0.969      0.982      0.578
                  09A4       2508         95      0.955      0.897      0.952      0.644
             09AE 09BE       2508         93      0.895      0.828      0.913      0.706
             0995 09C7       2508         95      0.963      0.989      0.988      0.868
             099C 09BE       2508         93      0.965      0.896      0.965      0.649
   0995 09CD 09B7 09BF       2508         96          1      0.741      0.953      0.767
             09AA 09C2       2508         91      0.934      0.989      0.971      0.717
                  0989       2508         70      0.861          1      0.991      0.831
             09AE 09C7       2508         72      0.941      0.972      0.991      0.814
   09AA 09CD 09B0 09BE       2508         71      0.984      0.944      0.988      0.764
             09AE 09C1       2508         72      0.979      0.643       0.88      0.545
             09A6 09C7       2508         72      0.993          1      0.995       0.76
                  0998       2508         71      0.861      0.901      0.942      0.701
                  0985       2508         72      0.889      0.986      0.964      0.782
             09A4 09C7       2508         73      0.986      0.999      0.994      0.872
             09AA 09BE       2508         71      0.985      0.938      0.985      0.648
                  09B6       2508         72          1      0.882      0.992      0.763
             09B0 09C7       2508         73      0.874      0.959      0.977      0.894
                  09B9       2508         72      0.986       0.98      0.987       0.64
             09B2 09BF       2508         70          1      0.965      0.993      0.804
             09A5 09BE       2508         71      0.926          1      0.993      0.829
        09B0 09CD 09AC       2508         67      0.907      0.724      0.844      0.481
             09A8 09C7       2508         70      0.846      0.786      0.825      0.675
                  09A3       2508         46      0.634      0.587      0.673      0.442
             09AA 09C1       2508         51          1      0.919      0.975      0.751
                  0987       2508         51      0.971      0.961      0.968       0.83
             09B6 09C7       2508         48       0.96      0.979      0.994      0.862
             09B8 09BE       2508         48      0.667      0.958      0.891      0.667
             09B2 09BE       2508         48      0.979      0.973      0.972      0.717
             0996 09BE       2508         48      0.972          1      0.995      0.746
             09A6 09C0       2508         45       0.98      0.289      0.848      0.642
             0995 09CB       2508         48      0.973          1      0.995      0.816
             09B2 09C7       2508         49      0.723      0.959      0.941      0.689
        09A4 09CD 09A4       2508         48      0.939      0.979       0.97      0.617
             09A4 09BF       2508         47      0.952          1      0.995       0.77
                  09AD       2508         48      0.995      0.938      0.958      0.667
             09DF 09C7       2508         48      0.787          1      0.961      0.828
             09AC 09C3       2508         48      0.959      0.987      0.993      0.845
        09A8 09CD 09A6       2508         48          1      0.651      0.944      0.609
        09A6 09CD 09A7       2508         47      0.885      0.979      0.969       0.79
             0995 09C3       2508         47      0.965      0.979      0.994      0.745
   09A8 09CD 09A4 09C7       2508         46      0.982      0.957      0.978      0.883
        09AA 09CD 09B0       2508         48      0.908      0.958      0.981      0.811
             09DF 09BE       2508         48      0.924      0.979      0.986      0.783
                  09DF       2508         45      0.788      0.489      0.585       0.46
             09A3 09C7       2508         26      0.479      0.283      0.473      0.393
   0996 09CD 09AF 09BE       2508         31      0.963      0.968      0.989      0.851
                  0993       2508         25      0.757          1      0.913      0.881
             09A6 09BF       2508         29      0.965          1      0.973      0.679
                  09A7       2508         24      0.975          1      0.995      0.745
             09AC 09C7       2508         26       0.98      0.923      0.992      0.798
   09B0 09CD 09AC 09C7       2508         24      0.745          1      0.972      0.787
                  0997       2508         24      0.988      0.958      0.966      0.677
        09A8 09CD 09AF       2508         24      0.961          1      0.995      0.895
                  09CE       2508         23      0.947          1      0.966      0.583
                  0990       2508         24      0.937          1      0.992      0.872
             09B0 09C2       2508         24      0.941      0.917      0.884        0.6
             09A8 09C1       2508         24      0.787          1      0.948      0.729
             09B7 09C7       2508         24      0.802          1      0.995      0.791
             09A2 09BE       2508         24       0.95      0.958      0.957      0.822
             099F 09BF       2508         24      0.982          1      0.995      0.766
             09A5 09C7       2508         25      0.921       0.96      0.965      0.907
        09A8 09CD 09A4       2508         25      0.932          1      0.961      0.641
             0995 09BE       2508         25      0.961          1      0.995      0.712
             099B 09CB       2508         24      0.947          1      0.995      0.822
             09AD 09BE       2508         25      0.906       0.96      0.957      0.813
                  09EC       2508         24      0.962          1      0.995      0.864
             09B9 09BF       2508         24      0.976          1      0.995      0.889
   09A8 09CD 09A6 09C1       2508         24      0.976          1      0.995      0.841
                  09E7       2508         24      0.982          1      0.995      0.809
             09B8 09CC       2508         24      0.944          1      0.993      0.844
             09B9 09C7       2508         23      0.965          1      0.995      0.828
             09A4 09C1       2508         22      0.964          1      0.995      0.761
   09A8 09CD 09A8 09C7       2508         23          1          0      0.783      0.617
             0995 09BF       2508         24      0.863      0.958      0.974      0.734
   09B6 09CD 099A 09BF       2508         24      0.697          1      0.863      0.753
                  098B       2508         22       0.97          1      0.995      0.892
             099B 09C7       2508         24      0.911          1      0.992      0.891
        0995 09CD 09AF       2508         24      0.986          1      0.995      0.841
             09A2 09CB       2508         24      0.983          1      0.995      0.799
             09AD 09C2       2508         23      0.899          1       0.97       0.77
        0995 09CD 09B8       2508         24      0.995          1      0.995      0.635
             09B9 09BE       2508         24      0.984      0.958      0.992      0.658
             09B8 09C1       2508         24          1      0.133      0.818      0.708
   09AA 09CD 09B2 09BE       2508         24      0.967          1      0.995       0.88
   09A6 09CD 09B0 09C7       2508         23      0.945      0.957       0.96      0.537
             09B8 09C8       2508         24      0.934          1      0.995      0.771
             09A1 09BE       2508         24      0.918          1      0.995      0.861
                  09AB       2508         22      0.978          1      0.995      0.783
             09B7 09BE       2508         24      0.946          1      0.995      0.745
             09B0 09C1       2508         23      0.858      0.913      0.925      0.814
             09A4 09BE       2508         22      0.978          1      0.995      0.658
                  09B7       2508         24       0.94       0.65      0.873      0.403
             09AA 09BF       2508         23      0.964          1      0.995      0.802
                  09A0       2508         24      0.932          1      0.993      0.629
             09AC 09C1       2508         24          1          0       0.88      0.646
   09B0 09CD 09AF 09C7       2508         24      0.964          1      0.995      0.809
             09A0 09BE       2508         23      0.932          1      0.995      0.676
   09AE 09CD 09AF 09BE       2508         24      0.994          1      0.995      0.818
             09B6 09C0       2508         22       0.82          1      0.995      0.884
             09AB 09C1       2508         24      0.917          1      0.995       0.93
        09A6 09CD 09B0       2508         25      0.912       0.68      0.707      0.457
   0995 09CD 09B7 09C7       2508         24       0.97          1      0.995      0.818
             099A 09C0       2508         24          1       0.41      0.986       0.73
             09AE 09C2       2508         24      0.569      0.958      0.953      0.872
                  0988       2508         23          1      0.711      0.828      0.583
             09B8 09C0       2508         24       0.78      0.958      0.944      0.756
             09B0 09BE       2508         24      0.925          1      0.982      0.779
             09A5 09C8       2508         23      0.932          1      0.995      0.919
             09AA 09C3       2508         22      0.934          1      0.995      0.816
             09B6 09BF       2508         26      0.981      0.962      0.983      0.863
             09AC 09C0       2508         23       0.65      0.957      0.935      0.675
        09B0 09CD 0998       2508         23          1          0      0.831      0.501
   0997 09CD 09B0 09C0       2508         23          1       0.22      0.977      0.915
   09B7 09CD 09AE 09C7       2508         23          1          0      0.398      0.327
                  099D       2508         23       0.92      0.998      0.984      0.609
        09B7 09CD 09A3       2508         22      0.963          1      0.995      0.724
             09B0 09CB       2508         24      0.981          1      0.995      0.816
             09A5 09BF       2508         22      0.946          1      0.993      0.706
   0996 09CD 09B0 09BF       2508         24      0.887          1      0.995      0.877
             09A7 09BF       2508         23      0.935      0.622      0.936       0.75
             09AC 09CC       2508         24      0.977      0.958      0.993      0.963
             09A8 09BF       2508         20      0.894          1      0.995      0.828
   0997 09CD 09B0 09CB       2508         22      0.932      0.909      0.986      0.732
             09DD 09C7       2508         24      0.978          1      0.995      0.885
                  09DC       2508         22      0.889          1      0.962      0.625
   0999 09CD 0997 09CB       2508         24      0.978          1      0.995      0.821
                  0994       2508         23          1          0      0.597      0.467
09B0 09CD 09A7 09CD 09AC 09C7       2508         21      0.839          1      0.969      0.841
   09B0 09CD 09A8 09BE       2508         24          1     0.0593      0.216      0.131
        0996 09CD 09AF       2508         17      0.909          1      0.992      0.884
        099F 09CD 099F       2508         21      0.867      0.936      0.953      0.805
   09A6 09CD 09AC 09C0       2508         24      0.734          1      0.967      0.882
             0999 09C7       2508         18      0.945      0.944       0.95      0.826
             0999 09BE       2508         17       0.87      0.824      0.956      0.718
        09AA 09C7 0981       2508         22      0.938          1      0.985      0.911
   09B0 09CD 09AE 09C0       2508         21      0.938          1      0.995       0.79
   09B8 09CD 099F 09BE       2508         15      0.615          1      0.661      0.506
                  098A       2508         23          1      0.956      0.995      0.822
   09B7 09CD 099F 09BE       2508          9          1          0      0.114     0.0675
   09B0 09CD 09AE 09C7       2508          2      0.804          1      0.995      0.895
   0999 09CD 0997 09BE       2508          5      0.543          1      0.962      0.722
   0999 09CD 0997 09C7       2508          6      0.837      0.667      0.794      0.733
                  099F       2508          2      0.465      0.894      0.497      0.448
   09A7 09CD 09AC 09C7       2508          2      0.741        0.5      0.505      0.404
             09B2 09C0       2508          1          1          0      0.332      0.265
             0997 09CB       2508          2          1          0      0.995      0.726
   09B0 09CD 09AC 09BE       2508          2          1          0          0          0
             09A5 09C0       2508          1          0          0          0          0
        0999 09CD 0997       2508          1          1          0          0          0
        09AA 09CB 0981       2508          1          1          0      0.995      0.995
        09A8 09CD 09A7       2508          1          1          0          0          0
                  0999       2508          1          1          0          0          0
             099C 09CB       2508          2          1          0          0          0
             09AD 09C1       2508          2          0          0          0          0
   09B0 09CD 09A8 09C7       2508          2          1          0      0.284      0.256
             09AE 09BF       2508          2          0          0          0          0
             09B8 09C7       2508          1          0          0          0          0
             099D 09BE       2508          1          1          0      0.995      0.796
             09A7 09C7       2508          1          0          0          0          0
             09A7 09C8       2508          1          0          0          0          0
   099F 09CD 099F 09BE       2508          1          0          0          0          0
             09A6 09C8       2508          1          0          0          0          0
09B0 09CD 0998 09CD 09AF       2508          1          0          0          0          0
Speed: 0.2ms preprocess, 3.4ms inference, 0.0ms loss, 0.5ms postprocess per image
Results saved to [1m/lunarc/nobackup/projects/lu2023-17-41/carl/LTU/LTU_Thesis_v2/cdnet/cdnet_BSHBD_80-10-10-page_200/yolov9e/20240502_T1720[0m
Ultralytics YOLOv8.2.5 🚀 Python-3.11.4 torch-2.1.0+cu121 CUDA:0 (NVIDIA A100 80GB PCIe, 81038MiB)
YOLOv9e summary (fused): 687 layers, 57579173 parameters, 0 gradients, 190.3 GFLOPs

[34m[1mPyTorch:[0m starting from '/lunarc/nobackup/projects/lu2023-17-41/carl/LTU/LTU_Thesis_v2/cdnet/cdnet_BSHBD_80-10-10-page_200/yolov9e/20240502_T1720/weights/best.pt' with input shape (1, 3, 640, 640) BCHW and output shape(s) (1, 267, 8400) (112.2 MB)

[34m[1mONNX:[0m starting export with onnx 1.15.0 opset 17...
[34m[1mONNX:[0m export success ✅ 3.7s, saved as '/lunarc/nobackup/projects/lu2023-17-41/carl/LTU/LTU_Thesis_v2/cdnet/cdnet_BSHBD_80-10-10-page_200/yolov9e/20240502_T1720/weights/best.onnx' (220.1 MB)

Export complete (4.9s)
Results saved to [1m/lunarc/nobackup/projects/lu2023-17-41/carl/LTU/LTU_Thesis_v2/cdnet/cdnet_BSHBD_80-10-10-page_200/yolov9e/20240502_T1720/weights[0m
Predict:         yolo predict task=detect model=/lunarc/nobackup/projects/lu2023-17-41/carl/LTU/LTU_Thesis_v2/cdnet/cdnet_BSHBD_80-10-10-page_200/yolov9e/20240502_T1720/weights/best.onnx imgsz=640  
Validate:        yolo val task=detect model=/lunarc/nobackup/projects/lu2023-17-41/carl/LTU/LTU_Thesis_v2/cdnet/cdnet_BSHBD_80-10-10-page_200/yolov9e/20240502_T1720/weights/best.onnx imgsz=640 data=/lunarc/nobackup/projects/lu2023-17-41/carl/LTU/LTU_Thesis_v2/cdnet/cdnet_BSHBD_80-10-10-page_200/data.yaml  
Visualize:       https://netron.app
Total training time: 25213.577528715134 seconds
Finished processing.
