Starting processing work
Changing directory
Start work
Updated the 'path' in /lunarc/nobackup/projects/lu2023-17-41/carl/LTU/LTU_Thesis_v2/dnet/dnet_dataset_80-10-10-page_full-2019/d_data.yaml
Previous training time: 700.2528789043427 seconds
Ultralytics YOLOv8.1.43 🚀 Python-3.11.4 torch-2.1.0+cu121 CUDA:0 (NVIDIA A100 80GB PCIe, 81038MiB)
[34m[1mengine/trainer: [0mtask=detect, mode=train, model=/lunarc/nobackup/projects/lu2023-17-41/carl/LTU/LTU_Thesis_v2/yolov8x.pt, data=/lunarc/nobackup/projects/lu2023-17-41/carl/LTU/LTU_Thesis_v2/dnet/dnet_dataset_80-10-10-page_full-2019/d_data.yaml, epochs=250, time=None, patience=15, batch=16, imgsz=640, save=True, save_period=-1, cache=False, device=0, workers=8, project=/lunarc/nobackup/projects/lu2023-17-41/carl/LTU/LTU_Thesis_v2/dnet/dnet_dataset_80-10-10-page_full-2019/yolov8x, name=20240405_T21123, exist_ok=False, pretrained=True, optimizer=auto, verbose=True, seed=0, deterministic=True, single_cls=False, rect=False, cos_lr=False, close_mosaic=10, resume=False, amp=True, fraction=1.0, profile=False, freeze=None, multi_scale=False, overlap_mask=True, mask_ratio=4, dropout=0.0, val=True, split=val, save_json=False, save_hybrid=False, conf=None, iou=0.7, max_det=300, half=False, dnn=False, plots=True, source=None, vid_stride=1, stream_buffer=False, visualize=False, augment=False, agnostic_nms=False, classes=None, retina_masks=False, embed=None, show=False, save_frames=False, save_txt=False, save_conf=False, save_crop=False, show_labels=True, show_conf=True, show_boxes=True, line_width=None, format=torchscript, keras=False, optimize=False, int8=False, dynamic=False, simplify=False, opset=None, workspace=4, nms=False, lr0=0.01, lrf=0.01, momentum=0.937, weight_decay=0.0005, warmup_epochs=3.0, warmup_momentum=0.8, warmup_bias_lr=0.1, box=7.5, cls=0.5, dfl=1.5, pose=12.0, kobj=1.0, label_smoothing=0.0, nbs=64, hsv_h=0.015, hsv_s=0.7, hsv_v=0.4, degrees=5.0, translate=0.1, scale=0.5, shear=5.0, perspective=0.0, flipud=0.0, fliplr=0.0, bgr=0.0, mosaic=1.0, mixup=0.0, copy_paste=0.0, auto_augment=randaugment, erasing=0.4, crop_fraction=1.0, cfg=None, tracker=botsort.yaml, save_dir=/lunarc/nobackup/projects/lu2023-17-41/carl/LTU/LTU_Thesis_v2/dnet/dnet_dataset_80-10-10-page_full-2019/yolov8x/20240405_T21123
Overriding model.yaml nc=80 with nc=17

                   from  n    params  module                                       arguments                     
  0                  -1  1      2320  ultralytics.nn.modules.conv.Conv             [3, 80, 3, 2]                 
  1                  -1  1    115520  ultralytics.nn.modules.conv.Conv             [80, 160, 3, 2]               
  2                  -1  3    436800  ultralytics.nn.modules.block.C2f             [160, 160, 3, True]           
  3                  -1  1    461440  ultralytics.nn.modules.conv.Conv             [160, 320, 3, 2]              
  4                  -1  6   3281920  ultralytics.nn.modules.block.C2f             [320, 320, 6, True]           
  5                  -1  1   1844480  ultralytics.nn.modules.conv.Conv             [320, 640, 3, 2]              
  6                  -1  6  13117440  ultralytics.nn.modules.block.C2f             [640, 640, 6, True]           
  7                  -1  1   3687680  ultralytics.nn.modules.conv.Conv             [640, 640, 3, 2]              
  8                  -1  3   6969600  ultralytics.nn.modules.block.C2f             [640, 640, 3, True]           
  9                  -1  1   1025920  ultralytics.nn.modules.block.SPPF            [640, 640, 5]                 
 10                  -1  1         0  torch.nn.modules.upsampling.Upsample         [None, 2, 'nearest']          
 11             [-1, 6]  1         0  ultralytics.nn.modules.conv.Concat           [1]                           
 12                  -1  3   7379200  ultralytics.nn.modules.block.C2f             [1280, 640, 3]                
 13                  -1  1         0  torch.nn.modules.upsampling.Upsample         [None, 2, 'nearest']          
 14             [-1, 4]  1         0  ultralytics.nn.modules.conv.Concat           [1]                           
 15                  -1  3   1948800  ultralytics.nn.modules.block.C2f             [960, 320, 3]                 
 16                  -1  1    922240  ultralytics.nn.modules.conv.Conv             [320, 320, 3, 2]              
 17            [-1, 12]  1         0  ultralytics.nn.modules.conv.Concat           [1]                           
 18                  -1  3   7174400  ultralytics.nn.modules.block.C2f             [960, 640, 3]                 
 19                  -1  1   3687680  ultralytics.nn.modules.conv.Conv             [640, 640, 3, 2]              
 20             [-1, 9]  1         0  ultralytics.nn.modules.conv.Concat           [1]                           
 21                  -1  3   7379200  ultralytics.nn.modules.block.C2f             [1280, 640, 3]                
 22        [15, 18, 21]  1   8734339  ultralytics.nn.modules.head.Detect           [17, [320, 640, 640]]         
Model summary: 365 layers, 68168979 parameters, 68168963 gradients, 258.2 GFLOPs

Transferred 589/595 items from pretrained weights
[34m[1mTensorBoard: [0mStart with 'tensorboard --logdir /lunarc/nobackup/projects/lu2023-17-41/carl/LTU/LTU_Thesis_v2/dnet/dnet_dataset_80-10-10-page_full-2019/yolov8x/20240405_T21123', view at http://localhost:6006/
Freezing layer 'model.22.dfl.conv.weight'
[34m[1mAMP: [0mrunning Automatic Mixed Precision (AMP) checks with YOLOv8n...
[34m[1mAMP: [0mchecks passed ✅
Plotting labels to /lunarc/nobackup/projects/lu2023-17-41/carl/LTU/LTU_Thesis_v2/dnet/dnet_dataset_80-10-10-page_full-2019/yolov8x/20240405_T21123/labels.jpg... 
[34m[1moptimizer:[0m 'optimizer=auto' found, ignoring 'lr0=0.01' and 'momentum=0.937' and determining best 'optimizer', 'lr0' and 'momentum' automatically... 
[34m[1moptimizer:[0m SGD(lr=0.01, momentum=0.9) with parameter groups 97 weight(decay=0.0), 104 weight(decay=0.0005), 103 bias(decay=0.0)
[34m[1mTensorBoard: [0mmodel graph visualization added ✅
Image sizes 640 train, 640 val
Using 8 dataloader workers
Logging results to [1m/lunarc/nobackup/projects/lu2023-17-41/carl/LTU/LTU_Thesis_v2/dnet/dnet_dataset_80-10-10-page_full-2019/yolov8x/20240405_T21123[0m
Starting training for 250 epochs...

      Epoch    GPU_mem   box_loss   cls_loss   dfl_loss  Instances       Size
                   all       1860       3168      0.853      0.818      0.906      0.572

      Epoch    GPU_mem   box_loss   cls_loss   dfl_loss  Instances       Size
                   all       1860       3168      0.903      0.903      0.955      0.643

      Epoch    GPU_mem   box_loss   cls_loss   dfl_loss  Instances       Size
                   all       1860       3168      0.881       0.73      0.855      0.494

      Epoch    GPU_mem   box_loss   cls_loss   dfl_loss  Instances       Size
                   all       1860       3168      0.946      0.926       0.97       0.64

      Epoch    GPU_mem   box_loss   cls_loss   dfl_loss  Instances       Size
                   all       1860       3168      0.954       0.95      0.979      0.691

      Epoch    GPU_mem   box_loss   cls_loss   dfl_loss  Instances       Size
                   all       1860       3168       0.95      0.959      0.982      0.707

      Epoch    GPU_mem   box_loss   cls_loss   dfl_loss  Instances       Size
                   all       1860       3168      0.961      0.959      0.979      0.709

      Epoch    GPU_mem   box_loss   cls_loss   dfl_loss  Instances       Size
                   all       1860       3168      0.962      0.978      0.982      0.721

      Epoch    GPU_mem   box_loss   cls_loss   dfl_loss  Instances       Size
                   all       1860       3168      0.961      0.961      0.983      0.735

      Epoch    GPU_mem   box_loss   cls_loss   dfl_loss  Instances       Size
                   all       1860       3168      0.981      0.964      0.984       0.75

      Epoch    GPU_mem   box_loss   cls_loss   dfl_loss  Instances       Size
                   all       1860       3168      0.963       0.97      0.984      0.753

      Epoch    GPU_mem   box_loss   cls_loss   dfl_loss  Instances       Size
                   all       1860       3168      0.976      0.977      0.988      0.768

      Epoch    GPU_mem   box_loss   cls_loss   dfl_loss  Instances       Size
                   all       1860       3168      0.967      0.974      0.989      0.766

      Epoch    GPU_mem   box_loss   cls_loss   dfl_loss  Instances       Size
                   all       1860       3168      0.975      0.977      0.986      0.764

      Epoch    GPU_mem   box_loss   cls_loss   dfl_loss  Instances       Size
                   all       1860       3168      0.984      0.979       0.99      0.773

      Epoch    GPU_mem   box_loss   cls_loss   dfl_loss  Instances       Size
                   all       1860       3168      0.978      0.981      0.989      0.788

      Epoch    GPU_mem   box_loss   cls_loss   dfl_loss  Instances       Size
                   all       1860       3168      0.985      0.977      0.992      0.792

      Epoch    GPU_mem   box_loss   cls_loss   dfl_loss  Instances       Size
                   all       1860       3168      0.984      0.981      0.989      0.794

      Epoch    GPU_mem   box_loss   cls_loss   dfl_loss  Instances       Size
                   all       1860       3168      0.987      0.979       0.99      0.797

      Epoch    GPU_mem   box_loss   cls_loss   dfl_loss  Instances       Size
                   all       1860       3168      0.978      0.982       0.99      0.804

      Epoch    GPU_mem   box_loss   cls_loss   dfl_loss  Instances       Size
                   all       1860       3168      0.985      0.974      0.989      0.808

      Epoch    GPU_mem   box_loss   cls_loss   dfl_loss  Instances       Size
                   all       1860       3168       0.98      0.981      0.987      0.801

      Epoch    GPU_mem   box_loss   cls_loss   dfl_loss  Instances       Size
                   all       1860       3168      0.987       0.98       0.99      0.809

      Epoch    GPU_mem   box_loss   cls_loss   dfl_loss  Instances       Size
                   all       1860       3168      0.982       0.98       0.99      0.817

      Epoch    GPU_mem   box_loss   cls_loss   dfl_loss  Instances       Size
                   all       1860       3168      0.982      0.987      0.989      0.807

      Epoch    GPU_mem   box_loss   cls_loss   dfl_loss  Instances       Size
                   all       1860       3168      0.982      0.983      0.988      0.812

      Epoch    GPU_mem   box_loss   cls_loss   dfl_loss  Instances       Size
                   all       1860       3168      0.988      0.981      0.991       0.82

      Epoch    GPU_mem   box_loss   cls_loss   dfl_loss  Instances       Size
                   all       1860       3168      0.983      0.981      0.989      0.821

      Epoch    GPU_mem   box_loss   cls_loss   dfl_loss  Instances       Size
                   all       1860       3168      0.985      0.984      0.989      0.817

      Epoch    GPU_mem   box_loss   cls_loss   dfl_loss  Instances       Size
                   all       1860       3168      0.982      0.987      0.988      0.817

      Epoch    GPU_mem   box_loss   cls_loss   dfl_loss  Instances       Size
                   all       1860       3168      0.987      0.981      0.989       0.82

      Epoch    GPU_mem   box_loss   cls_loss   dfl_loss  Instances       Size
                   all       1860       3168      0.982      0.985      0.989      0.818

      Epoch    GPU_mem   box_loss   cls_loss   dfl_loss  Instances       Size
                   all       1860       3168      0.985      0.982      0.989      0.823

      Epoch    GPU_mem   box_loss   cls_loss   dfl_loss  Instances       Size
                   all       1860       3168      0.987      0.986       0.99      0.823

      Epoch    GPU_mem   box_loss   cls_loss   dfl_loss  Instances       Size
                   all       1860       3168      0.989      0.986       0.99      0.824

      Epoch    GPU_mem   box_loss   cls_loss   dfl_loss  Instances       Size
                   all       1860       3168      0.987      0.989      0.991      0.828

      Epoch    GPU_mem   box_loss   cls_loss   dfl_loss  Instances       Size
                   all       1860       3168      0.986      0.985       0.99      0.825

      Epoch    GPU_mem   box_loss   cls_loss   dfl_loss  Instances       Size
                   all       1860       3168      0.986      0.987      0.989      0.828

      Epoch    GPU_mem   box_loss   cls_loss   dfl_loss  Instances       Size
                   all       1860       3168      0.989      0.985      0.991      0.829

      Epoch    GPU_mem   box_loss   cls_loss   dfl_loss  Instances       Size
                   all       1860       3168      0.982      0.988      0.991      0.825

      Epoch    GPU_mem   box_loss   cls_loss   dfl_loss  Instances       Size
                   all       1860       3168      0.984      0.983       0.99      0.828

      Epoch    GPU_mem   box_loss   cls_loss   dfl_loss  Instances       Size
                   all       1860       3168      0.985      0.985       0.99      0.826

      Epoch    GPU_mem   box_loss   cls_loss   dfl_loss  Instances       Size
                   all       1860       3168      0.988      0.986       0.99      0.829

      Epoch    GPU_mem   box_loss   cls_loss   dfl_loss  Instances       Size
                   all       1860       3168      0.986      0.984       0.99       0.83

      Epoch    GPU_mem   box_loss   cls_loss   dfl_loss  Instances       Size
                   all       1860       3168      0.988      0.985       0.99      0.833

      Epoch    GPU_mem   box_loss   cls_loss   dfl_loss  Instances       Size
                   all       1860       3168      0.989      0.986       0.99      0.831

      Epoch    GPU_mem   box_loss   cls_loss   dfl_loss  Instances       Size
                   all       1860       3168      0.988      0.985      0.989       0.83

      Epoch    GPU_mem   box_loss   cls_loss   dfl_loss  Instances       Size
                   all       1860       3168      0.985      0.984      0.989      0.831

      Epoch    GPU_mem   box_loss   cls_loss   dfl_loss  Instances       Size
                   all       1860       3168      0.988      0.985      0.989       0.83

      Epoch    GPU_mem   box_loss   cls_loss   dfl_loss  Instances       Size
                   all       1860       3168      0.987      0.987      0.989      0.831

      Epoch    GPU_mem   box_loss   cls_loss   dfl_loss  Instances       Size
                   all       1860       3168      0.987      0.986      0.989      0.831

      Epoch    GPU_mem   box_loss   cls_loss   dfl_loss  Instances       Size
                   all       1860       3168      0.987      0.986       0.99      0.831

      Epoch    GPU_mem   box_loss   cls_loss   dfl_loss  Instances       Size
                   all       1860       3168      0.987      0.985      0.989      0.831

      Epoch    GPU_mem   box_loss   cls_loss   dfl_loss  Instances       Size
                   all       1860       3168      0.987      0.985       0.99      0.833

      Epoch    GPU_mem   box_loss   cls_loss   dfl_loss  Instances       Size
                   all       1860       3168      0.987      0.986       0.99      0.834

      Epoch    GPU_mem   box_loss   cls_loss   dfl_loss  Instances       Size
                   all       1860       3168      0.987      0.986       0.99      0.832

      Epoch    GPU_mem   box_loss   cls_loss   dfl_loss  Instances       Size
                   all       1860       3168      0.987      0.987       0.99      0.832

      Epoch    GPU_mem   box_loss   cls_loss   dfl_loss  Instances       Size
                   all       1860       3168      0.989      0.986       0.99      0.832

      Epoch    GPU_mem   box_loss   cls_loss   dfl_loss  Instances       Size
                   all       1860       3168      0.989      0.986       0.99      0.831

      Epoch    GPU_mem   box_loss   cls_loss   dfl_loss  Instances       Size
                   all       1860       3168      0.989      0.987       0.99       0.83

      Epoch    GPU_mem   box_loss   cls_loss   dfl_loss  Instances       Size
                   all       1860       3168      0.987      0.986       0.99      0.833

      Epoch    GPU_mem   box_loss   cls_loss   dfl_loss  Instances       Size
                   all       1860       3168      0.987      0.987       0.99      0.834

      Epoch    GPU_mem   box_loss   cls_loss   dfl_loss  Instances       Size
                   all       1860       3168      0.986      0.987       0.99      0.833

      Epoch    GPU_mem   box_loss   cls_loss   dfl_loss  Instances       Size
                   all       1860       3168      0.986      0.987       0.99      0.833

      Epoch    GPU_mem   box_loss   cls_loss   dfl_loss  Instances       Size
                   all       1860       3168      0.986      0.987       0.99      0.833

      Epoch    GPU_mem   box_loss   cls_loss   dfl_loss  Instances       Size
                   all       1860       3168      0.987      0.986       0.99      0.833

      Epoch    GPU_mem   box_loss   cls_loss   dfl_loss  Instances       Size
                   all       1860       3168      0.987      0.986       0.99      0.833

      Epoch    GPU_mem   box_loss   cls_loss   dfl_loss  Instances       Size
                   all       1860       3168      0.987      0.986       0.99      0.833

      Epoch    GPU_mem   box_loss   cls_loss   dfl_loss  Instances       Size
                   all       1860       3168      0.987      0.986       0.99      0.832

      Epoch    GPU_mem   box_loss   cls_loss   dfl_loss  Instances       Size
                   all       1860       3168      0.986      0.987       0.99      0.832

      Epoch    GPU_mem   box_loss   cls_loss   dfl_loss  Instances       Size
                   all       1860       3168      0.987      0.985       0.99      0.831

      Epoch    GPU_mem   box_loss   cls_loss   dfl_loss  Instances       Size
                   all       1860       3168      0.987      0.986       0.99      0.831

      Epoch    GPU_mem   box_loss   cls_loss   dfl_loss  Instances       Size
                   all       1860       3168      0.988      0.985       0.99       0.83

      Epoch    GPU_mem   box_loss   cls_loss   dfl_loss  Instances       Size
                   all       1860       3168      0.988      0.985       0.99       0.83

      Epoch    GPU_mem   box_loss   cls_loss   dfl_loss  Instances       Size
                   all       1860       3168      0.987      0.985       0.99      0.829

      Epoch    GPU_mem   box_loss   cls_loss   dfl_loss  Instances       Size
                   all       1860       3168      0.987      0.985       0.99      0.829

      Epoch    GPU_mem   box_loss   cls_loss   dfl_loss  Instances       Size
                   all       1860       3168      0.987      0.985       0.99      0.829
[34m[1mEarlyStopping: [0mTraining stopped early as no improvement observed in last 15 epochs. Best results observed at epoch 62, best model saved as best.pt.
To update EarlyStopping(patience=15) pass a new patience value, i.e. `patience=300` or use `patience=0` to disable EarlyStopping.

77 epochs completed in 4.436 hours.
Optimizer stripped from /lunarc/nobackup/projects/lu2023-17-41/carl/LTU/LTU_Thesis_v2/dnet/dnet_dataset_80-10-10-page_full-2019/yolov8x/20240405_T21123/weights/last.pt, 136.8MB
Optimizer stripped from /lunarc/nobackup/projects/lu2023-17-41/carl/LTU/LTU_Thesis_v2/dnet/dnet_dataset_80-10-10-page_full-2019/yolov8x/20240405_T21123/weights/best.pt, 136.8MB

Validating /lunarc/nobackup/projects/lu2023-17-41/carl/LTU/LTU_Thesis_v2/dnet/dnet_dataset_80-10-10-page_full-2019/yolov8x/20240405_T21123/weights/best.pt...
Ultralytics YOLOv8.1.43 🚀 Python-3.11.4 torch-2.1.0+cu121 CUDA:0 (NVIDIA A100 80GB PCIe, 81038MiB)
Model summary (fused): 268 layers, 68139939 parameters, 0 gradients, 257.5 GFLOPs
                   all       1860       3168      0.987      0.987       0.99      0.834
                  09BE       1860       1089      0.992      0.983      0.993      0.808
                  09BF       1860        334      0.997          1      0.995      0.824
                  09C0       1860        140      0.993       0.99      0.995      0.817
                  09C1       1860        267      0.983      0.966      0.985      0.807
                  09C2       1860        162      0.934      0.967      0.957      0.779
                  09C7       1860        792      0.991       0.99      0.994      0.871
                  09C8       1860         47      0.997          1      0.995      0.872
                  09CB       1860        124      0.984      0.976      0.995      0.827
                  09CC       1860         48      0.995          1      0.995      0.924
                  09C3       1860        117      0.999          1      0.995       0.83
        09AA 09CD 09B0       1860         48      0.996      0.979      0.994      0.815
Speed: 0.1ms preprocess, 1.9ms inference, 0.0ms loss, 0.6ms postprocess per image
Results saved to [1m/lunarc/nobackup/projects/lu2023-17-41/carl/LTU/LTU_Thesis_v2/dnet/dnet_dataset_80-10-10-page_full-2019/yolov8x/20240405_T21123[0m
Ultralytics YOLOv8.1.43 🚀 Python-3.11.4 torch-2.1.0+cu121 CUDA:0 (NVIDIA A100 80GB PCIe, 81038MiB)
Model summary (fused): 268 layers, 68139939 parameters, 0 gradients, 257.5 GFLOPs

[34m[1mPyTorch:[0m starting from '/lunarc/nobackup/projects/lu2023-17-41/carl/LTU/LTU_Thesis_v2/dnet/dnet_dataset_80-10-10-page_full-2019/yolov8x/20240405_T21123/weights/best.pt' with input shape (1, 3, 640, 640) BCHW and output shape(s) (1, 21, 8400) (130.4 MB)

[34m[1mONNX:[0m starting export with onnx 1.15.0 opset 17...
[34m[1mONNX:[0m export success ✅ 2.2s, saved as '/lunarc/nobackup/projects/lu2023-17-41/carl/LTU/LTU_Thesis_v2/dnet/dnet_dataset_80-10-10-page_full-2019/yolov8x/20240405_T21123/weights/best.onnx' (260.2 MB)

Export complete (3.1s)
Results saved to [1m/lunarc/nobackup/projects/lu2023-17-41/carl/LTU/LTU_Thesis_v2/dnet/dnet_dataset_80-10-10-page_full-2019/yolov8x/20240405_T21123/weights[0m
Predict:         yolo predict task=detect model=/lunarc/nobackup/projects/lu2023-17-41/carl/LTU/LTU_Thesis_v2/dnet/dnet_dataset_80-10-10-page_full-2019/yolov8x/20240405_T21123/weights/best.onnx imgsz=640  
Validate:        yolo val task=detect model=/lunarc/nobackup/projects/lu2023-17-41/carl/LTU/LTU_Thesis_v2/dnet/dnet_dataset_80-10-10-page_full-2019/yolov8x/20240405_T21123/weights/best.onnx imgsz=640 data=/lunarc/nobackup/projects/lu2023-17-41/carl/LTU/LTU_Thesis_v2/dnet/dnet_dataset_80-10-10-page_full-2019/d_data.yaml  
Visualize:       https://netron.app
Total training time: 16732.982957601547 seconds
Finished processing.
