Starting processing work
Changing directory
Start work
Updated the 'path' in /lunarc/nobackup/projects/lu2023-17-41/carl/LTU/LTU_Thesis_v2/dnet/dnet_dataset_80-10-10-page_400/d_data.yaml
New https://pypi.org/project/ultralytics/8.2.2 available 😃 Update with 'pip install -U ultralytics'
Ultralytics YOLOv8.1.43 🚀 Python-3.11.4 torch-2.1.0+cu121 CUDA:0 (NVIDIA A100 80GB PCIe, 81038MiB)
[34m[1mengine/trainer: [0mtask=detect, mode=train, model=/lunarc/nobackup/projects/lu2023-17-41/carl/LTU/LTU_Thesis_v2/yolov8x.pt, data=/lunarc/nobackup/projects/lu2023-17-41/carl/LTU/LTU_Thesis_v2/dnet/dnet_dataset_80-10-10-page_400/d_data.yaml, epochs=250, time=None, patience=15, batch=16, imgsz=640, save=True, save_period=-1, cache=False, device=0, workers=8, project=/lunarc/nobackup/projects/lu2023-17-41/carl/LTU/LTU_Thesis_v2/dnet/dnet_dataset_80-10-10-page_400/yolov8x, name=20240421_T1320_400, exist_ok=False, pretrained=True, optimizer=auto, verbose=True, seed=0, deterministic=True, single_cls=False, rect=False, cos_lr=False, close_mosaic=10, resume=False, amp=True, fraction=1.0, profile=False, freeze=None, multi_scale=False, overlap_mask=True, mask_ratio=4, dropout=0.0, val=True, split=val, save_json=False, save_hybrid=False, conf=None, iou=0.7, max_det=300, half=False, dnn=False, plots=True, source=None, vid_stride=1, stream_buffer=False, visualize=False, augment=False, agnostic_nms=False, classes=None, retina_masks=False, embed=None, show=False, save_frames=False, save_txt=False, save_conf=False, save_crop=False, show_labels=True, show_conf=True, show_boxes=True, line_width=None, format=torchscript, keras=False, optimize=False, int8=False, dynamic=False, simplify=False, opset=None, workspace=4, nms=False, lr0=0.01, lrf=0.01, momentum=0.937, weight_decay=0.0005, warmup_epochs=3.0, warmup_momentum=0.8, warmup_bias_lr=0.1, box=7.5, cls=0.5, dfl=1.5, pose=12.0, kobj=1.0, label_smoothing=0.0, nbs=64, hsv_h=0.015, hsv_s=0.7, hsv_v=0.4, degrees=5.0, translate=0.1, scale=0.5, shear=5.0, perspective=0.0, flipud=0.0, fliplr=0.0, bgr=0.0, mosaic=1.0, mixup=0.0, copy_paste=0.0, auto_augment=randaugment, erasing=0.4, crop_fraction=1.0, cfg=None, tracker=botsort.yaml, save_dir=/lunarc/nobackup/projects/lu2023-17-41/carl/LTU/LTU_Thesis_v2/dnet/dnet_dataset_80-10-10-page_400/yolov8x/20240421_T1320_400
Overriding model.yaml nc=80 with nc=17

                   from  n    params  module                                       arguments                     
  0                  -1  1      2320  ultralytics.nn.modules.conv.Conv             [3, 80, 3, 2]                 
  1                  -1  1    115520  ultralytics.nn.modules.conv.Conv             [80, 160, 3, 2]               
  2                  -1  3    436800  ultralytics.nn.modules.block.C2f             [160, 160, 3, True]           
  3                  -1  1    461440  ultralytics.nn.modules.conv.Conv             [160, 320, 3, 2]              
  4                  -1  6   3281920  ultralytics.nn.modules.block.C2f             [320, 320, 6, True]           
  5                  -1  1   1844480  ultralytics.nn.modules.conv.Conv             [320, 640, 3, 2]              
  6                  -1  6  13117440  ultralytics.nn.modules.block.C2f             [640, 640, 6, True]           
  7                  -1  1   3687680  ultralytics.nn.modules.conv.Conv             [640, 640, 3, 2]              
  8                  -1  3   6969600  ultralytics.nn.modules.block.C2f             [640, 640, 3, True]           
  9                  -1  1   1025920  ultralytics.nn.modules.block.SPPF            [640, 640, 5]                 
 10                  -1  1         0  torch.nn.modules.upsampling.Upsample         [None, 2, 'nearest']          
 11             [-1, 6]  1         0  ultralytics.nn.modules.conv.Concat           [1]                           
 12                  -1  3   7379200  ultralytics.nn.modules.block.C2f             [1280, 640, 3]                
 13                  -1  1         0  torch.nn.modules.upsampling.Upsample         [None, 2, 'nearest']          
 14             [-1, 4]  1         0  ultralytics.nn.modules.conv.Concat           [1]                           
 15                  -1  3   1948800  ultralytics.nn.modules.block.C2f             [960, 320, 3]                 
 16                  -1  1    922240  ultralytics.nn.modules.conv.Conv             [320, 320, 3, 2]              
 17            [-1, 12]  1         0  ultralytics.nn.modules.conv.Concat           [1]                           
 18                  -1  3   7174400  ultralytics.nn.modules.block.C2f             [960, 640, 3]                 
 19                  -1  1   3687680  ultralytics.nn.modules.conv.Conv             [640, 640, 3, 2]              
 20             [-1, 9]  1         0  ultralytics.nn.modules.conv.Concat           [1]                           
 21                  -1  3   7379200  ultralytics.nn.modules.block.C2f             [1280, 640, 3]                
 22        [15, 18, 21]  1   8734339  ultralytics.nn.modules.head.Detect           [17, [320, 640, 640]]         
Model summary: 365 layers, 68168979 parameters, 68168963 gradients, 258.2 GFLOPs

Transferred 589/595 items from pretrained weights
[34m[1mTensorBoard: [0mStart with 'tensorboard --logdir /lunarc/nobackup/projects/lu2023-17-41/carl/LTU/LTU_Thesis_v2/dnet/dnet_dataset_80-10-10-page_400/yolov8x/20240421_T1320_400', view at http://localhost:6006/
Freezing layer 'model.22.dfl.conv.weight'
[34m[1mAMP: [0mrunning Automatic Mixed Precision (AMP) checks with YOLOv8n...
[34m[1mAMP: [0mchecks passed ✅
[34m[1mtrain: [0mNew cache created: /lunarc/nobackup/projects/lu2023-17-41/carl/LTU/LTU_Thesis_v2/data/dataset_80-10-10-page_400/d_data/train/labels.cache
[34m[1mval: [0mNew cache created: /lunarc/nobackup/projects/lu2023-17-41/carl/LTU/LTU_Thesis_v2/data/dataset_80-10-10-page_400/d_data/validation/labels.cache
Plotting labels to /lunarc/nobackup/projects/lu2023-17-41/carl/LTU/LTU_Thesis_v2/dnet/dnet_dataset_80-10-10-page_400/yolov8x/20240421_T1320_400/labels.jpg... 
[34m[1moptimizer:[0m 'optimizer=auto' found, ignoring 'lr0=0.01' and 'momentum=0.937' and determining best 'optimizer', 'lr0' and 'momentum' automatically... 
[34m[1moptimizer:[0m SGD(lr=0.01, momentum=0.9) with parameter groups 97 weight(decay=0.0), 104 weight(decay=0.0005), 103 bias(decay=0.0)
[34m[1mTensorBoard: [0mmodel graph visualization added ✅
Image sizes 640 train, 640 val
Using 8 dataloader workers
Logging results to [1m/lunarc/nobackup/projects/lu2023-17-41/carl/LTU/LTU_Thesis_v2/dnet/dnet_dataset_80-10-10-page_400/yolov8x/20240421_T1320_400[0m
Starting training for 250 epochs...

      Epoch    GPU_mem   box_loss   cls_loss   dfl_loss  Instances       Size
                   all       4815       9370      0.874      0.914      0.929      0.656

      Epoch    GPU_mem   box_loss   cls_loss   dfl_loss  Instances       Size
                   all       4815       9370      0.669      0.858      0.824      0.539

      Epoch    GPU_mem   box_loss   cls_loss   dfl_loss  Instances       Size
                   all       4815       9370      0.916      0.912      0.948      0.683

      Epoch    GPU_mem   box_loss   cls_loss   dfl_loss  Instances       Size
                   all       4815       9370      0.901      0.853       0.89      0.676

      Epoch    GPU_mem   box_loss   cls_loss   dfl_loss  Instances       Size
                   all       4815       9370      0.922      0.835       0.92      0.692

      Epoch    GPU_mem   box_loss   cls_loss   dfl_loss  Instances       Size
                   all       4815       9370      0.834        0.9      0.908      0.705

      Epoch    GPU_mem   box_loss   cls_loss   dfl_loss  Instances       Size
                   all       4815       9370      0.877      0.878      0.897      0.688

      Epoch    GPU_mem   box_loss   cls_loss   dfl_loss  Instances       Size
                   all       4815       9370      0.889      0.891      0.898        0.7

      Epoch    GPU_mem   box_loss   cls_loss   dfl_loss  Instances       Size
                   all       4815       9370      0.808      0.902      0.901       0.71

      Epoch    GPU_mem   box_loss   cls_loss   dfl_loss  Instances       Size
                   all       4815       9370      0.944      0.911      0.937      0.733

      Epoch    GPU_mem   box_loss   cls_loss   dfl_loss  Instances       Size
                   all       4815       9370      0.912      0.897      0.902      0.717

      Epoch    GPU_mem   box_loss   cls_loss   dfl_loss  Instances       Size
                   all       4815       9370      0.923      0.899      0.906      0.727

      Epoch    GPU_mem   box_loss   cls_loss   dfl_loss  Instances       Size
                   all       4815       9370      0.907      0.889      0.908      0.734

      Epoch    GPU_mem   box_loss   cls_loss   dfl_loss  Instances       Size
                   all       4815       9370      0.941      0.858      0.924      0.748

      Epoch    GPU_mem   box_loss   cls_loss   dfl_loss  Instances       Size
                   all       4815       9370      0.937      0.894      0.922      0.737

      Epoch    GPU_mem   box_loss   cls_loss   dfl_loss  Instances       Size
                   all       4815       9370      0.926      0.869      0.922      0.747

      Epoch    GPU_mem   box_loss   cls_loss   dfl_loss  Instances       Size
                   all       4815       9370      0.931      0.881      0.905      0.735

      Epoch    GPU_mem   box_loss   cls_loss   dfl_loss  Instances       Size
                   all       4815       9370      0.919      0.904      0.913      0.742

      Epoch    GPU_mem   box_loss   cls_loss   dfl_loss  Instances       Size
                   all       4815       9370      0.944      0.886      0.923      0.756

      Epoch    GPU_mem   box_loss   cls_loss   dfl_loss  Instances       Size
                   all       4815       9370      0.847      0.906      0.882      0.714

      Epoch    GPU_mem   box_loss   cls_loss   dfl_loss  Instances       Size
                   all       4815       9370      0.892      0.915      0.904      0.733

      Epoch    GPU_mem   box_loss   cls_loss   dfl_loss  Instances       Size
                   all       4815       9370      0.899      0.913      0.901      0.729

      Epoch    GPU_mem   box_loss   cls_loss   dfl_loss  Instances       Size
                   all       4815       9370      0.905      0.909      0.902      0.725

      Epoch    GPU_mem   box_loss   cls_loss   dfl_loss  Instances       Size
                   all       4815       9370      0.907      0.909      0.905      0.735

      Epoch    GPU_mem   box_loss   cls_loss   dfl_loss  Instances       Size
                   all       4815       9370      0.905      0.909      0.904      0.728

      Epoch    GPU_mem   box_loss   cls_loss   dfl_loss  Instances       Size
                   all       4815       9370      0.905      0.905      0.907      0.734

      Epoch    GPU_mem   box_loss   cls_loss   dfl_loss  Instances       Size
                   all       4815       9370      0.908      0.901      0.907       0.74

      Epoch    GPU_mem   box_loss   cls_loss   dfl_loss  Instances       Size
                   all       4815       9370      0.909      0.899      0.906      0.733

      Epoch    GPU_mem   box_loss   cls_loss   dfl_loss  Instances       Size
                   all       4815       9370      0.907      0.901      0.906      0.732

      Epoch    GPU_mem   box_loss   cls_loss   dfl_loss  Instances       Size
                   all       4815       9370      0.909      0.901      0.906      0.735

      Epoch    GPU_mem   box_loss   cls_loss   dfl_loss  Instances       Size
                   all       4815       9370      0.909      0.901      0.905      0.731

      Epoch    GPU_mem   box_loss   cls_loss   dfl_loss  Instances       Size
                   all       4815       9370      0.909      0.901      0.906      0.734

      Epoch    GPU_mem   box_loss   cls_loss   dfl_loss  Instances       Size
                   all       4815       9370      0.895      0.919      0.903      0.738

      Epoch    GPU_mem   box_loss   cls_loss   dfl_loss  Instances       Size
                   all       4815       9370      0.886      0.904      0.902      0.728
[34m[1mEarlyStopping: [0mTraining stopped early as no improvement observed in last 15 epochs. Best results observed at epoch 19, best model saved as best.pt.
To update EarlyStopping(patience=15) pass a new patience value, i.e. `patience=300` or use `patience=0` to disable EarlyStopping.

34 epochs completed in 4.443 hours.
Optimizer stripped from /lunarc/nobackup/projects/lu2023-17-41/carl/LTU/LTU_Thesis_v2/dnet/dnet_dataset_80-10-10-page_400/yolov8x/20240421_T1320_400/weights/last.pt, 136.7MB
Optimizer stripped from /lunarc/nobackup/projects/lu2023-17-41/carl/LTU/LTU_Thesis_v2/dnet/dnet_dataset_80-10-10-page_400/yolov8x/20240421_T1320_400/weights/best.pt, 136.7MB

Validating /lunarc/nobackup/projects/lu2023-17-41/carl/LTU/LTU_Thesis_v2/dnet/dnet_dataset_80-10-10-page_400/yolov8x/20240421_T1320_400/weights/best.pt...
Ultralytics YOLOv8.1.43 🚀 Python-3.11.4 torch-2.1.0+cu121 CUDA:0 (NVIDIA A100 80GB PCIe, 81038MiB)
Model summary (fused): 268 layers, 68139939 parameters, 0 gradients, 257.5 GFLOPs
                   all       4815       9370      0.943      0.886      0.923      0.756
                  09BE       4815       3445      0.809      0.821      0.852      0.591
                  09BF       4815       1563          1      0.997      0.995      0.793
                  09C0       4815        207          1      0.985      0.995      0.768
                  09C1       4815        678      0.976      0.477      0.793      0.632
                  09C2       4815        568      0.611      0.981      0.658      0.529
                  09C7       4815       1224      0.988      0.759       0.89      0.727
                  09C8       4815         95      0.997          1      0.995      0.848
                  09CB       4815        771          1      0.817      0.995      0.899
                  09CC       4815        230      0.999          1      0.995      0.976
                  09C3       4815        529      0.999          1      0.995      0.787
        09AA 09CD 09B0       4815         60          1      0.911      0.995       0.77
Speed: 0.2ms preprocess, 1.8ms inference, 0.0ms loss, 0.5ms postprocess per image
Results saved to [1m/lunarc/nobackup/projects/lu2023-17-41/carl/LTU/LTU_Thesis_v2/dnet/dnet_dataset_80-10-10-page_400/yolov8x/20240421_T1320_400[0m
Ultralytics YOLOv8.1.43 🚀 Python-3.11.4 torch-2.1.0+cu121 CUDA:0 (NVIDIA A100 80GB PCIe, 81038MiB)
Model summary (fused): 268 layers, 68139939 parameters, 0 gradients, 257.5 GFLOPs

[34m[1mPyTorch:[0m starting from '/lunarc/nobackup/projects/lu2023-17-41/carl/LTU/LTU_Thesis_v2/dnet/dnet_dataset_80-10-10-page_400/yolov8x/20240421_T1320_400/weights/best.pt' with input shape (1, 3, 640, 640) BCHW and output shape(s) (1, 21, 8400) (130.4 MB)

[34m[1mONNX:[0m starting export with onnx 1.15.0 opset 17...
[34m[1mONNX:[0m export success ✅ 1.5s, saved as '/lunarc/nobackup/projects/lu2023-17-41/carl/LTU/LTU_Thesis_v2/dnet/dnet_dataset_80-10-10-page_400/yolov8x/20240421_T1320_400/weights/best.onnx' (260.2 MB)

Export complete (2.2s)
Results saved to [1m/lunarc/nobackup/projects/lu2023-17-41/carl/LTU/LTU_Thesis_v2/dnet/dnet_dataset_80-10-10-page_400/yolov8x/20240421_T1320_400/weights[0m
Predict:         yolo predict task=detect model=/lunarc/nobackup/projects/lu2023-17-41/carl/LTU/LTU_Thesis_v2/dnet/dnet_dataset_80-10-10-page_400/yolov8x/20240421_T1320_400/weights/best.onnx imgsz=640  
Validate:        yolo val task=detect model=/lunarc/nobackup/projects/lu2023-17-41/carl/LTU/LTU_Thesis_v2/dnet/dnet_dataset_80-10-10-page_400/yolov8x/20240421_T1320_400/weights/best.onnx imgsz=640 data=/lunarc/nobackup/projects/lu2023-17-41/carl/LTU/LTU_Thesis_v2/dnet/dnet_dataset_80-10-10-page_400/d_data.yaml  
Visualize:       https://netron.app
Total training time: 16107.451173067093 seconds
Finished processing.
