Starting processing work
Changing directory
Start work
Updated the 'path' in /lunarc/nobackup/projects/lu2023-17-41/carl/LTU/LTU_Thesis_v2/dnet/dnet_dataset_80-10-10-page_200/d_data.yaml
New https://pypi.org/project/ultralytics/8.2.2 available 😃 Update with 'pip install -U ultralytics'
Ultralytics YOLOv8.1.43 🚀 Python-3.11.4 torch-2.1.0+cu121 CUDA:0 (NVIDIA A100 80GB PCIe, 81038MiB)
[34m[1mengine/trainer: [0mtask=detect, mode=train, model=/lunarc/nobackup/projects/lu2023-17-41/carl/LTU/LTU_Thesis_v2/yolov8x.pt, data=/lunarc/nobackup/projects/lu2023-17-41/carl/LTU/LTU_Thesis_v2/dnet/dnet_dataset_80-10-10-page_200/d_data.yaml, epochs=250, time=None, patience=15, batch=16, imgsz=640, save=True, save_period=-1, cache=False, device=0, workers=8, project=/lunarc/nobackup/projects/lu2023-17-41/carl/LTU/LTU_Thesis_v2/dnet/dnet_dataset_80-10-10-page_200/yolov8x, name=20240421_T1320_200, exist_ok=False, pretrained=True, optimizer=auto, verbose=True, seed=0, deterministic=True, single_cls=False, rect=False, cos_lr=False, close_mosaic=10, resume=False, amp=True, fraction=1.0, profile=False, freeze=None, multi_scale=False, overlap_mask=True, mask_ratio=4, dropout=0.0, val=True, split=val, save_json=False, save_hybrid=False, conf=None, iou=0.7, max_det=300, half=False, dnn=False, plots=True, source=None, vid_stride=1, stream_buffer=False, visualize=False, augment=False, agnostic_nms=False, classes=None, retina_masks=False, embed=None, show=False, save_frames=False, save_txt=False, save_conf=False, save_crop=False, show_labels=True, show_conf=True, show_boxes=True, line_width=None, format=torchscript, keras=False, optimize=False, int8=False, dynamic=False, simplify=False, opset=None, workspace=4, nms=False, lr0=0.01, lrf=0.01, momentum=0.937, weight_decay=0.0005, warmup_epochs=3.0, warmup_momentum=0.8, warmup_bias_lr=0.1, box=7.5, cls=0.5, dfl=1.5, pose=12.0, kobj=1.0, label_smoothing=0.0, nbs=64, hsv_h=0.015, hsv_s=0.7, hsv_v=0.4, degrees=5.0, translate=0.1, scale=0.5, shear=5.0, perspective=0.0, flipud=0.0, fliplr=0.0, bgr=0.0, mosaic=1.0, mixup=0.0, copy_paste=0.0, auto_augment=randaugment, erasing=0.4, crop_fraction=1.0, cfg=None, tracker=botsort.yaml, save_dir=/lunarc/nobackup/projects/lu2023-17-41/carl/LTU/LTU_Thesis_v2/dnet/dnet_dataset_80-10-10-page_200/yolov8x/20240421_T1320_200
Overriding model.yaml nc=80 with nc=17

                   from  n    params  module                                       arguments                     
  0                  -1  1      2320  ultralytics.nn.modules.conv.Conv             [3, 80, 3, 2]                 
  1                  -1  1    115520  ultralytics.nn.modules.conv.Conv             [80, 160, 3, 2]               
  2                  -1  3    436800  ultralytics.nn.modules.block.C2f             [160, 160, 3, True]           
  3                  -1  1    461440  ultralytics.nn.modules.conv.Conv             [160, 320, 3, 2]              
  4                  -1  6   3281920  ultralytics.nn.modules.block.C2f             [320, 320, 6, True]           
  5                  -1  1   1844480  ultralytics.nn.modules.conv.Conv             [320, 640, 3, 2]              
  6                  -1  6  13117440  ultralytics.nn.modules.block.C2f             [640, 640, 6, True]           
  7                  -1  1   3687680  ultralytics.nn.modules.conv.Conv             [640, 640, 3, 2]              
  8                  -1  3   6969600  ultralytics.nn.modules.block.C2f             [640, 640, 3, True]           
  9                  -1  1   1025920  ultralytics.nn.modules.block.SPPF            [640, 640, 5]                 
 10                  -1  1         0  torch.nn.modules.upsampling.Upsample         [None, 2, 'nearest']          
 11             [-1, 6]  1         0  ultralytics.nn.modules.conv.Concat           [1]                           
 12                  -1  3   7379200  ultralytics.nn.modules.block.C2f             [1280, 640, 3]                
 13                  -1  1         0  torch.nn.modules.upsampling.Upsample         [None, 2, 'nearest']          
 14             [-1, 4]  1         0  ultralytics.nn.modules.conv.Concat           [1]                           
 15                  -1  3   1948800  ultralytics.nn.modules.block.C2f             [960, 320, 3]                 
 16                  -1  1    922240  ultralytics.nn.modules.conv.Conv             [320, 320, 3, 2]              
 17            [-1, 12]  1         0  ultralytics.nn.modules.conv.Concat           [1]                           
 18                  -1  3   7174400  ultralytics.nn.modules.block.C2f             [960, 640, 3]                 
 19                  -1  1   3687680  ultralytics.nn.modules.conv.Conv             [640, 640, 3, 2]              
 20             [-1, 9]  1         0  ultralytics.nn.modules.conv.Concat           [1]                           
 21                  -1  3   7379200  ultralytics.nn.modules.block.C2f             [1280, 640, 3]                
 22        [15, 18, 21]  1   8734339  ultralytics.nn.modules.head.Detect           [17, [320, 640, 640]]         
Model summary: 365 layers, 68168979 parameters, 68168963 gradients, 258.2 GFLOPs

Transferred 589/595 items from pretrained weights
[34m[1mTensorBoard: [0mStart with 'tensorboard --logdir /lunarc/nobackup/projects/lu2023-17-41/carl/LTU/LTU_Thesis_v2/dnet/dnet_dataset_80-10-10-page_200/yolov8x/20240421_T1320_200', view at http://localhost:6006/
Freezing layer 'model.22.dfl.conv.weight'
[34m[1mAMP: [0mrunning Automatic Mixed Precision (AMP) checks with YOLOv8n...
[34m[1mAMP: [0mchecks passed ✅
[34m[1mtrain: [0mNew cache created: /lunarc/nobackup/projects/lu2023-17-41/carl/LTU/LTU_Thesis_v2/data/dataset_80-10-10-page_200/d_data/train/labels.cache
[34m[1mval: [0mNew cache created: /lunarc/nobackup/projects/lu2023-17-41/carl/LTU/LTU_Thesis_v2/data/dataset_80-10-10-page_200/d_data/validation/labels.cache
Plotting labels to /lunarc/nobackup/projects/lu2023-17-41/carl/LTU/LTU_Thesis_v2/dnet/dnet_dataset_80-10-10-page_200/yolov8x/20240421_T1320_200/labels.jpg... 
[34m[1moptimizer:[0m 'optimizer=auto' found, ignoring 'lr0=0.01' and 'momentum=0.937' and determining best 'optimizer', 'lr0' and 'momentum' automatically... 
[34m[1moptimizer:[0m SGD(lr=0.01, momentum=0.9) with parameter groups 97 weight(decay=0.0), 104 weight(decay=0.0005), 103 bias(decay=0.0)
[34m[1mTensorBoard: [0mmodel graph visualization added ✅
Image sizes 640 train, 640 val
Using 8 dataloader workers
Logging results to [1m/lunarc/nobackup/projects/lu2023-17-41/carl/LTU/LTU_Thesis_v2/dnet/dnet_dataset_80-10-10-page_200/yolov8x/20240421_T1320_200[0m
Starting training for 250 epochs...

      Epoch    GPU_mem   box_loss   cls_loss   dfl_loss  Instances       Size
                   all       2384       4627      0.796      0.907      0.903      0.628

      Epoch    GPU_mem   box_loss   cls_loss   dfl_loss  Instances       Size
                   all       2384       4627      0.835      0.777      0.872      0.614

      Epoch    GPU_mem   box_loss   cls_loss   dfl_loss  Instances       Size
                   all       2384       4627       0.81      0.736      0.877      0.619

      Epoch    GPU_mem   box_loss   cls_loss   dfl_loss  Instances       Size
                   all       2384       4627      0.898      0.846      0.903      0.626

      Epoch    GPU_mem   box_loss   cls_loss   dfl_loss  Instances       Size
                   all       2384       4627      0.929      0.849      0.916      0.676

      Epoch    GPU_mem   box_loss   cls_loss   dfl_loss  Instances       Size
                   all       2384       4627      0.885      0.855      0.915      0.671

      Epoch    GPU_mem   box_loss   cls_loss   dfl_loss  Instances       Size
                   all       2384       4627      0.908      0.838      0.888      0.659

      Epoch    GPU_mem   box_loss   cls_loss   dfl_loss  Instances       Size
                   all       2384       4627      0.858      0.853      0.886      0.669

      Epoch    GPU_mem   box_loss   cls_loss   dfl_loss  Instances       Size
                   all       2384       4627      0.867      0.916      0.918      0.677

      Epoch    GPU_mem   box_loss   cls_loss   dfl_loss  Instances       Size
                   all       2384       4627      0.797      0.907      0.891      0.657

      Epoch    GPU_mem   box_loss   cls_loss   dfl_loss  Instances       Size
                   all       2384       4627      0.862      0.902      0.913      0.694

      Epoch    GPU_mem   box_loss   cls_loss   dfl_loss  Instances       Size
                   all       2384       4627      0.944      0.855      0.911      0.704

      Epoch    GPU_mem   box_loss   cls_loss   dfl_loss  Instances       Size
                   all       2384       4627      0.893      0.919      0.933      0.712

      Epoch    GPU_mem   box_loss   cls_loss   dfl_loss  Instances       Size
                   all       2384       4627      0.924      0.886      0.923      0.709

      Epoch    GPU_mem   box_loss   cls_loss   dfl_loss  Instances       Size
                   all       2384       4627      0.906        0.9      0.889      0.691

      Epoch    GPU_mem   box_loss   cls_loss   dfl_loss  Instances       Size
                   all       2384       4627      0.879      0.913      0.929      0.724

      Epoch    GPU_mem   box_loss   cls_loss   dfl_loss  Instances       Size
                   all       2384       4627      0.918      0.896      0.928      0.724

      Epoch    GPU_mem   box_loss   cls_loss   dfl_loss  Instances       Size
                   all       2384       4627       0.92      0.914      0.925      0.725

      Epoch    GPU_mem   box_loss   cls_loss   dfl_loss  Instances       Size
                   all       2384       4627      0.919      0.893      0.874      0.687

      Epoch    GPU_mem   box_loss   cls_loss   dfl_loss  Instances       Size
                   all       2384       4627      0.883      0.907      0.907      0.723

      Epoch    GPU_mem   box_loss   cls_loss   dfl_loss  Instances       Size
                   all       2384       4627      0.907      0.907      0.895      0.717

      Epoch    GPU_mem   box_loss   cls_loss   dfl_loss  Instances       Size
                   all       2384       4627      0.894      0.868        0.9      0.718

      Epoch    GPU_mem   box_loss   cls_loss   dfl_loss  Instances       Size
                   all       2384       4627      0.936      0.883      0.887      0.709

      Epoch    GPU_mem   box_loss   cls_loss   dfl_loss  Instances       Size
                   all       2384       4627      0.922       0.89      0.899      0.714

      Epoch    GPU_mem   box_loss   cls_loss   dfl_loss  Instances       Size
                   all       2384       4627      0.885      0.913       0.92       0.74

      Epoch    GPU_mem   box_loss   cls_loss   dfl_loss  Instances       Size
                   all       2384       4627      0.914      0.878      0.905      0.713

      Epoch    GPU_mem   box_loss   cls_loss   dfl_loss  Instances       Size
                   all       2384       4627      0.922      0.904      0.916      0.729

      Epoch    GPU_mem   box_loss   cls_loss   dfl_loss  Instances       Size
                   all       2384       4627      0.898      0.881      0.889      0.714

      Epoch    GPU_mem   box_loss   cls_loss   dfl_loss  Instances       Size
                   all       2384       4627      0.907      0.881        0.9      0.703

      Epoch    GPU_mem   box_loss   cls_loss   dfl_loss  Instances       Size
                   all       2384       4627      0.914        0.9      0.907       0.72

      Epoch    GPU_mem   box_loss   cls_loss   dfl_loss  Instances       Size
                   all       2384       4627      0.817      0.895      0.901      0.703

      Epoch    GPU_mem   box_loss   cls_loss   dfl_loss  Instances       Size
                   all       2384       4627      0.896       0.91      0.895      0.719

      Epoch    GPU_mem   box_loss   cls_loss   dfl_loss  Instances       Size
                   all       2384       4627      0.904      0.911      0.904      0.725

      Epoch    GPU_mem   box_loss   cls_loss   dfl_loss  Instances       Size
                   all       2384       4627      0.924      0.913      0.911      0.724

      Epoch    GPU_mem   box_loss   cls_loss   dfl_loss  Instances       Size
                   all       2384       4627      0.894      0.905      0.892       0.71

      Epoch    GPU_mem   box_loss   cls_loss   dfl_loss  Instances       Size
                   all       2384       4627      0.919      0.904      0.897       0.72

      Epoch    GPU_mem   box_loss   cls_loss   dfl_loss  Instances       Size
                   all       2384       4627      0.881       0.91      0.889      0.711

      Epoch    GPU_mem   box_loss   cls_loss   dfl_loss  Instances       Size
                   all       2384       4627      0.902       0.89      0.898      0.713

      Epoch    GPU_mem   box_loss   cls_loss   dfl_loss  Instances       Size
                   all       2384       4627        0.9       0.91      0.901      0.713

      Epoch    GPU_mem   box_loss   cls_loss   dfl_loss  Instances       Size
                   all       2384       4627       0.88      0.909      0.893      0.714
[34m[1mEarlyStopping: [0mTraining stopped early as no improvement observed in last 15 epochs. Best results observed at epoch 25, best model saved as best.pt.
To update EarlyStopping(patience=15) pass a new patience value, i.e. `patience=300` or use `patience=0` to disable EarlyStopping.

40 epochs completed in 2.594 hours.
Optimizer stripped from /lunarc/nobackup/projects/lu2023-17-41/carl/LTU/LTU_Thesis_v2/dnet/dnet_dataset_80-10-10-page_200/yolov8x/20240421_T1320_200/weights/last.pt, 136.7MB
Optimizer stripped from /lunarc/nobackup/projects/lu2023-17-41/carl/LTU/LTU_Thesis_v2/dnet/dnet_dataset_80-10-10-page_200/yolov8x/20240421_T1320_200/weights/best.pt, 136.7MB

Validating /lunarc/nobackup/projects/lu2023-17-41/carl/LTU/LTU_Thesis_v2/dnet/dnet_dataset_80-10-10-page_200/yolov8x/20240421_T1320_200/weights/best.pt...
Ultralytics YOLOv8.1.43 🚀 Python-3.11.4 torch-2.1.0+cu121 CUDA:0 (NVIDIA A100 80GB PCIe, 81038MiB)
Model summary (fused): 268 layers, 68139939 parameters, 0 gradients, 257.5 GFLOPs
                   all       2384       4627      0.885      0.913       0.92       0.74
                  09BE       2384       1720       0.71      0.813      0.892      0.612
                  09BF       2384        758      0.997      0.999      0.995      0.714
                  09C0       2384         99      0.988       0.99      0.985      0.735
                  09C1       2384        338      0.969      0.479      0.851      0.676
                  09C2       2384        277      0.465      0.986      0.635      0.482
                  09C7       2384        603       0.72      0.788      0.795      0.658
                  09C8       2384         48      0.968          1      0.995      0.813
                  09CB       2384        400      0.997      0.988      0.993      0.922
                  09CC       2384         97      0.993          1      0.995       0.97
                  09C3       2384        260      0.997          1      0.995      0.755
        09AA 09CD 09B0       2384         27      0.927          1      0.989        0.8
Speed: 0.2ms preprocess, 1.9ms inference, 0.0ms loss, 0.6ms postprocess per image
Results saved to [1m/lunarc/nobackup/projects/lu2023-17-41/carl/LTU/LTU_Thesis_v2/dnet/dnet_dataset_80-10-10-page_200/yolov8x/20240421_T1320_200[0m
Ultralytics YOLOv8.1.43 🚀 Python-3.11.4 torch-2.1.0+cu121 CUDA:0 (NVIDIA A100 80GB PCIe, 81038MiB)
Model summary (fused): 268 layers, 68139939 parameters, 0 gradients, 257.5 GFLOPs

[34m[1mPyTorch:[0m starting from '/lunarc/nobackup/projects/lu2023-17-41/carl/LTU/LTU_Thesis_v2/dnet/dnet_dataset_80-10-10-page_200/yolov8x/20240421_T1320_200/weights/best.pt' with input shape (1, 3, 640, 640) BCHW and output shape(s) (1, 21, 8400) (130.4 MB)

[34m[1mONNX:[0m starting export with onnx 1.15.0 opset 17...
[34m[1mONNX:[0m export success ✅ 1.5s, saved as '/lunarc/nobackup/projects/lu2023-17-41/carl/LTU/LTU_Thesis_v2/dnet/dnet_dataset_80-10-10-page_200/yolov8x/20240421_T1320_200/weights/best.onnx' (260.2 MB)

Export complete (2.1s)
Results saved to [1m/lunarc/nobackup/projects/lu2023-17-41/carl/LTU/LTU_Thesis_v2/dnet/dnet_dataset_80-10-10-page_200/yolov8x/20240421_T1320_200/weights[0m
Predict:         yolo predict task=detect model=/lunarc/nobackup/projects/lu2023-17-41/carl/LTU/LTU_Thesis_v2/dnet/dnet_dataset_80-10-10-page_200/yolov8x/20240421_T1320_200/weights/best.onnx imgsz=640  
Validate:        yolo val task=detect model=/lunarc/nobackup/projects/lu2023-17-41/carl/LTU/LTU_Thesis_v2/dnet/dnet_dataset_80-10-10-page_200/yolov8x/20240421_T1320_200/weights/best.onnx imgsz=640 data=/lunarc/nobackup/projects/lu2023-17-41/carl/LTU/LTU_Thesis_v2/dnet/dnet_dataset_80-10-10-page_200/d_data.yaml  
Visualize:       https://netron.app
Total training time: 9397.869563102722 seconds
Finished processing.
