Starting processing work
Changing directory
Start work
Updated the 'path' in /lunarc/nobackup/projects/lu2023-17-41/carl/LTU/LTU_Thesis_v2/dnet/dnet_dataset_80-10-10-page_25/d_data.yaml
New https://pypi.org/project/ultralytics/8.2.2 available 😃 Update with 'pip install -U ultralytics'
Ultralytics YOLOv8.1.43 🚀 Python-3.11.4 torch-2.1.0+cu121 CUDA:0 (NVIDIA A100 80GB PCIe, 81038MiB)
[34m[1mengine/trainer: [0mtask=detect, mode=train, model=/lunarc/nobackup/projects/lu2023-17-41/carl/LTU/LTU_Thesis_v2/yolov8x.pt, data=/lunarc/nobackup/projects/lu2023-17-41/carl/LTU/LTU_Thesis_v2/dnet/dnet_dataset_80-10-10-page_25/d_data.yaml, epochs=250, time=None, patience=15, batch=16, imgsz=640, save=True, save_period=-1, cache=False, device=0, workers=8, project=/lunarc/nobackup/projects/lu2023-17-41/carl/LTU/LTU_Thesis_v2/dnet/dnet_dataset_80-10-10-page_25/yolov8x, name=20240421_T1320_25, exist_ok=False, pretrained=True, optimizer=auto, verbose=True, seed=0, deterministic=True, single_cls=False, rect=False, cos_lr=False, close_mosaic=10, resume=False, amp=True, fraction=1.0, profile=False, freeze=None, multi_scale=False, overlap_mask=True, mask_ratio=4, dropout=0.0, val=True, split=val, save_json=False, save_hybrid=False, conf=None, iou=0.7, max_det=300, half=False, dnn=False, plots=True, source=None, vid_stride=1, stream_buffer=False, visualize=False, augment=False, agnostic_nms=False, classes=None, retina_masks=False, embed=None, show=False, save_frames=False, save_txt=False, save_conf=False, save_crop=False, show_labels=True, show_conf=True, show_boxes=True, line_width=None, format=torchscript, keras=False, optimize=False, int8=False, dynamic=False, simplify=False, opset=None, workspace=4, nms=False, lr0=0.01, lrf=0.01, momentum=0.937, weight_decay=0.0005, warmup_epochs=3.0, warmup_momentum=0.8, warmup_bias_lr=0.1, box=7.5, cls=0.5, dfl=1.5, pose=12.0, kobj=1.0, label_smoothing=0.0, nbs=64, hsv_h=0.015, hsv_s=0.7, hsv_v=0.4, degrees=5.0, translate=0.1, scale=0.5, shear=5.0, perspective=0.0, flipud=0.0, fliplr=0.0, bgr=0.0, mosaic=1.0, mixup=0.0, copy_paste=0.0, auto_augment=randaugment, erasing=0.4, crop_fraction=1.0, cfg=None, tracker=botsort.yaml, save_dir=/lunarc/nobackup/projects/lu2023-17-41/carl/LTU/LTU_Thesis_v2/dnet/dnet_dataset_80-10-10-page_25/yolov8x/20240421_T1320_25
Overriding model.yaml nc=80 with nc=17

                   from  n    params  module                                       arguments                     
  0                  -1  1      2320  ultralytics.nn.modules.conv.Conv             [3, 80, 3, 2]                 
  1                  -1  1    115520  ultralytics.nn.modules.conv.Conv             [80, 160, 3, 2]               
  2                  -1  3    436800  ultralytics.nn.modules.block.C2f             [160, 160, 3, True]           
  3                  -1  1    461440  ultralytics.nn.modules.conv.Conv             [160, 320, 3, 2]              
  4                  -1  6   3281920  ultralytics.nn.modules.block.C2f             [320, 320, 6, True]           
  5                  -1  1   1844480  ultralytics.nn.modules.conv.Conv             [320, 640, 3, 2]              
  6                  -1  6  13117440  ultralytics.nn.modules.block.C2f             [640, 640, 6, True]           
  7                  -1  1   3687680  ultralytics.nn.modules.conv.Conv             [640, 640, 3, 2]              
  8                  -1  3   6969600  ultralytics.nn.modules.block.C2f             [640, 640, 3, True]           
  9                  -1  1   1025920  ultralytics.nn.modules.block.SPPF            [640, 640, 5]                 
 10                  -1  1         0  torch.nn.modules.upsampling.Upsample         [None, 2, 'nearest']          
 11             [-1, 6]  1         0  ultralytics.nn.modules.conv.Concat           [1]                           
 12                  -1  3   7379200  ultralytics.nn.modules.block.C2f             [1280, 640, 3]                
 13                  -1  1         0  torch.nn.modules.upsampling.Upsample         [None, 2, 'nearest']          
 14             [-1, 4]  1         0  ultralytics.nn.modules.conv.Concat           [1]                           
 15                  -1  3   1948800  ultralytics.nn.modules.block.C2f             [960, 320, 3]                 
 16                  -1  1    922240  ultralytics.nn.modules.conv.Conv             [320, 320, 3, 2]              
 17            [-1, 12]  1         0  ultralytics.nn.modules.conv.Concat           [1]                           
 18                  -1  3   7174400  ultralytics.nn.modules.block.C2f             [960, 640, 3]                 
 19                  -1  1   3687680  ultralytics.nn.modules.conv.Conv             [640, 640, 3, 2]              
 20             [-1, 9]  1         0  ultralytics.nn.modules.conv.Concat           [1]                           
 21                  -1  3   7379200  ultralytics.nn.modules.block.C2f             [1280, 640, 3]                
 22        [15, 18, 21]  1   8734339  ultralytics.nn.modules.head.Detect           [17, [320, 640, 640]]         
Model summary: 365 layers, 68168979 parameters, 68168963 gradients, 258.2 GFLOPs

Transferred 589/595 items from pretrained weights
[34m[1mTensorBoard: [0mStart with 'tensorboard --logdir /lunarc/nobackup/projects/lu2023-17-41/carl/LTU/LTU_Thesis_v2/dnet/dnet_dataset_80-10-10-page_25/yolov8x/20240421_T1320_25', view at http://localhost:6006/
Freezing layer 'model.22.dfl.conv.weight'
[34m[1mAMP: [0mrunning Automatic Mixed Precision (AMP) checks with YOLOv8n...
Downloading https://github.com/ultralytics/assets/releases/download/v8.1.0/yolov8n.pt to 'yolov8n.pt'...
[34m[1mAMP: [0mchecks passed ✅
[34m[1mtrain: [0mNew cache created: /lunarc/nobackup/projects/lu2023-17-41/carl/LTU/LTU_Thesis_v2/data/dataset_80-10-10-page_25/d_data/train/labels.cache
[34m[1mval: [0mNew cache created: /lunarc/nobackup/projects/lu2023-17-41/carl/LTU/LTU_Thesis_v2/data/dataset_80-10-10-page_25/d_data/validation/labels.cache
Plotting labels to /lunarc/nobackup/projects/lu2023-17-41/carl/LTU/LTU_Thesis_v2/dnet/dnet_dataset_80-10-10-page_25/yolov8x/20240421_T1320_25/labels.jpg... 
[34m[1moptimizer:[0m 'optimizer=auto' found, ignoring 'lr0=0.01' and 'momentum=0.937' and determining best 'optimizer', 'lr0' and 'momentum' automatically... 
[34m[1moptimizer:[0m AdamW(lr=0.000476, momentum=0.9) with parameter groups 97 weight(decay=0.0), 104 weight(decay=0.0005), 103 bias(decay=0.0)
[34m[1mTensorBoard: [0mmodel graph visualization added ✅
Image sizes 640 train, 640 val
Using 8 dataloader workers
Logging results to [1m/lunarc/nobackup/projects/lu2023-17-41/carl/LTU/LTU_Thesis_v2/dnet/dnet_dataset_80-10-10-page_25/yolov8x/20240421_T1320_25[0m
Starting training for 250 epochs...

      Epoch    GPU_mem   box_loss   cls_loss   dfl_loss  Instances       Size
                   all        298        566      0.772      0.673      0.704      0.444

      Epoch    GPU_mem   box_loss   cls_loss   dfl_loss  Instances       Size
                   all        298        566      0.557      0.672      0.642      0.395

      Epoch    GPU_mem   box_loss   cls_loss   dfl_loss  Instances       Size
                   all        298        566      0.838      0.651      0.743      0.407

      Epoch    GPU_mem   box_loss   cls_loss   dfl_loss  Instances       Size
                   all        298        566      0.713      0.667      0.721      0.395

      Epoch    GPU_mem   box_loss   cls_loss   dfl_loss  Instances       Size
                   all        298        566      0.755      0.783      0.813      0.526

      Epoch    GPU_mem   box_loss   cls_loss   dfl_loss  Instances       Size
                   all        298        566      0.677      0.776      0.765      0.481

      Epoch    GPU_mem   box_loss   cls_loss   dfl_loss  Instances       Size
                   all        298        566      0.818      0.816      0.896      0.649

      Epoch    GPU_mem   box_loss   cls_loss   dfl_loss  Instances       Size
                   all        298        566      0.663      0.847      0.796      0.525

      Epoch    GPU_mem   box_loss   cls_loss   dfl_loss  Instances       Size
                   all        298        566      0.735      0.854      0.872      0.544

      Epoch    GPU_mem   box_loss   cls_loss   dfl_loss  Instances       Size
                   all        298        566      0.708      0.818      0.832      0.532

      Epoch    GPU_mem   box_loss   cls_loss   dfl_loss  Instances       Size
                   all        298        566      0.712       0.79      0.841      0.545

      Epoch    GPU_mem   box_loss   cls_loss   dfl_loss  Instances       Size
                   all        298        566      0.758      0.841      0.859       0.58

      Epoch    GPU_mem   box_loss   cls_loss   dfl_loss  Instances       Size
                   all        298        566      0.808      0.842      0.888      0.608

      Epoch    GPU_mem   box_loss   cls_loss   dfl_loss  Instances       Size
                   all        298        566      0.761      0.939      0.901      0.592

      Epoch    GPU_mem   box_loss   cls_loss   dfl_loss  Instances       Size
                   all        298        566      0.821      0.837      0.863      0.583

      Epoch    GPU_mem   box_loss   cls_loss   dfl_loss  Instances       Size
                   all        298        566      0.854      0.902      0.899      0.603

      Epoch    GPU_mem   box_loss   cls_loss   dfl_loss  Instances       Size
                   all        298        566      0.762      0.879      0.868      0.633

      Epoch    GPU_mem   box_loss   cls_loss   dfl_loss  Instances       Size
                   all        298        566       0.87      0.894      0.886      0.607

      Epoch    GPU_mem   box_loss   cls_loss   dfl_loss  Instances       Size
                   all        298        566       0.81      0.887       0.86      0.607

      Epoch    GPU_mem   box_loss   cls_loss   dfl_loss  Instances       Size
                   all        298        566      0.848      0.934      0.914      0.659

      Epoch    GPU_mem   box_loss   cls_loss   dfl_loss  Instances       Size
                   all        298        566      0.815      0.841       0.87       0.56

      Epoch    GPU_mem   box_loss   cls_loss   dfl_loss  Instances       Size
                   all        298        566      0.825      0.847      0.878      0.631

      Epoch    GPU_mem   box_loss   cls_loss   dfl_loss  Instances       Size
                   all        298        566      0.942      0.915      0.971      0.696

      Epoch    GPU_mem   box_loss   cls_loss   dfl_loss  Instances       Size
                   all        298        566      0.816      0.913      0.939      0.681

      Epoch    GPU_mem   box_loss   cls_loss   dfl_loss  Instances       Size
                   all        298        566      0.883      0.833      0.886      0.613

      Epoch    GPU_mem   box_loss   cls_loss   dfl_loss  Instances       Size
                   all        298        566      0.858      0.884      0.946      0.671

      Epoch    GPU_mem   box_loss   cls_loss   dfl_loss  Instances       Size
                   all        298        566      0.893      0.901       0.94      0.677

      Epoch    GPU_mem   box_loss   cls_loss   dfl_loss  Instances       Size
                   all        298        566       0.89      0.887       0.94       0.66

      Epoch    GPU_mem   box_loss   cls_loss   dfl_loss  Instances       Size
                   all        298        566      0.835      0.879      0.887      0.627

      Epoch    GPU_mem   box_loss   cls_loss   dfl_loss  Instances       Size
                   all        298        566      0.903      0.858      0.939      0.676

      Epoch    GPU_mem   box_loss   cls_loss   dfl_loss  Instances       Size
                   all        298        566      0.864      0.901      0.937      0.652

      Epoch    GPU_mem   box_loss   cls_loss   dfl_loss  Instances       Size
                   all        298        566      0.842       0.91      0.945      0.677

      Epoch    GPU_mem   box_loss   cls_loss   dfl_loss  Instances       Size
                   all        298        566      0.889      0.878      0.919      0.682

      Epoch    GPU_mem   box_loss   cls_loss   dfl_loss  Instances       Size
                   all        298        566      0.829      0.891      0.889      0.643

      Epoch    GPU_mem   box_loss   cls_loss   dfl_loss  Instances       Size
                   all        298        566      0.891      0.869      0.953      0.683

      Epoch    GPU_mem   box_loss   cls_loss   dfl_loss  Instances       Size
                   all        298        566       0.84      0.887      0.934      0.672

      Epoch    GPU_mem   box_loss   cls_loss   dfl_loss  Instances       Size
                   all        298        566      0.913      0.879      0.942      0.657

      Epoch    GPU_mem   box_loss   cls_loss   dfl_loss  Instances       Size
                   all        298        566      0.861      0.914      0.948      0.694
[34m[1mEarlyStopping: [0mTraining stopped early as no improvement observed in last 15 epochs. Best results observed at epoch 23, best model saved as best.pt.
To update EarlyStopping(patience=15) pass a new patience value, i.e. `patience=300` or use `patience=0` to disable EarlyStopping.

38 epochs completed in 0.324 hours.
Optimizer stripped from /lunarc/nobackup/projects/lu2023-17-41/carl/LTU/LTU_Thesis_v2/dnet/dnet_dataset_80-10-10-page_25/yolov8x/20240421_T1320_25/weights/last.pt, 136.7MB
Optimizer stripped from /lunarc/nobackup/projects/lu2023-17-41/carl/LTU/LTU_Thesis_v2/dnet/dnet_dataset_80-10-10-page_25/yolov8x/20240421_T1320_25/weights/best.pt, 136.7MB

Validating /lunarc/nobackup/projects/lu2023-17-41/carl/LTU/LTU_Thesis_v2/dnet/dnet_dataset_80-10-10-page_25/yolov8x/20240421_T1320_25/weights/best.pt...
Ultralytics YOLOv8.1.43 🚀 Python-3.11.4 torch-2.1.0+cu121 CUDA:0 (NVIDIA A100 80GB PCIe, 81038MiB)
Model summary (fused): 268 layers, 68139939 parameters, 0 gradients, 257.5 GFLOPs
                   all        298        566      0.942      0.915      0.971      0.693
                  09BE        298        208      0.804      0.807      0.907       0.59
                  09BF        298         92      0.912      0.896      0.983      0.656
                  09C0        298          9      0.991          1      0.995      0.683
                  09C1        298         48       0.91      0.631      0.941      0.645
                  09C2        298         36          1      0.758      0.935      0.581
                  09C7        298         73       0.94      0.973      0.978      0.679
                  09C8        298          5      0.994          1      0.995      0.711
                  09CB        298         47      0.999          1      0.995      0.754
                  09CC        298         15      0.982          1      0.995      0.897
                  09C3        298         30      0.929          1      0.963      0.683
        09AA 09CD 09B0        298          3      0.903          1      0.995      0.748
Speed: 0.2ms preprocess, 2.4ms inference, 0.0ms loss, 1.2ms postprocess per image
Results saved to [1m/lunarc/nobackup/projects/lu2023-17-41/carl/LTU/LTU_Thesis_v2/dnet/dnet_dataset_80-10-10-page_25/yolov8x/20240421_T1320_25[0m
Ultralytics YOLOv8.1.43 🚀 Python-3.11.4 torch-2.1.0+cu121 CUDA:0 (NVIDIA A100 80GB PCIe, 81038MiB)
Model summary (fused): 268 layers, 68139939 parameters, 0 gradients, 257.5 GFLOPs

[34m[1mPyTorch:[0m starting from '/lunarc/nobackup/projects/lu2023-17-41/carl/LTU/LTU_Thesis_v2/dnet/dnet_dataset_80-10-10-page_25/yolov8x/20240421_T1320_25/weights/best.pt' with input shape (1, 3, 640, 640) BCHW and output shape(s) (1, 21, 8400) (130.4 MB)

[34m[1mONNX:[0m starting export with onnx 1.15.0 opset 17...
[34m[1mONNX:[0m export success ✅ 1.5s, saved as '/lunarc/nobackup/projects/lu2023-17-41/carl/LTU/LTU_Thesis_v2/dnet/dnet_dataset_80-10-10-page_25/yolov8x/20240421_T1320_25/weights/best.onnx' (260.2 MB)

Export complete (2.2s)
Results saved to [1m/lunarc/nobackup/projects/lu2023-17-41/carl/LTU/LTU_Thesis_v2/dnet/dnet_dataset_80-10-10-page_25/yolov8x/20240421_T1320_25/weights[0m
Predict:         yolo predict task=detect model=/lunarc/nobackup/projects/lu2023-17-41/carl/LTU/LTU_Thesis_v2/dnet/dnet_dataset_80-10-10-page_25/yolov8x/20240421_T1320_25/weights/best.onnx imgsz=640  
Validate:        yolo val task=detect model=/lunarc/nobackup/projects/lu2023-17-41/carl/LTU/LTU_Thesis_v2/dnet/dnet_dataset_80-10-10-page_25/yolov8x/20240421_T1320_25/weights/best.onnx imgsz=640 data=/lunarc/nobackup/projects/lu2023-17-41/carl/LTU/LTU_Thesis_v2/dnet/dnet_dataset_80-10-10-page_25/d_data.yaml  
Visualize:       https://netron.app
Total training time: 1190.3198277950287 seconds
Finished processing.
