Starting processing work
Changing directory
Start work
Updated the 'path' in /lunarc/nobackup/projects/lu2023-17-41/carl/LTU/LTU_Thesis_v2/dnet/dnet_dataset_80-10-10-page_50/d_data.yaml
New https://pypi.org/project/ultralytics/8.2.2 available 😃 Update with 'pip install -U ultralytics'
Ultralytics YOLOv8.1.43 🚀 Python-3.11.4 torch-2.1.0+cu121 CUDA:0 (NVIDIA A100 80GB PCIe, 81038MiB)
[34m[1mengine/trainer: [0mtask=detect, mode=train, model=/lunarc/nobackup/projects/lu2023-17-41/carl/LTU/LTU_Thesis_v2/yolov8x.pt, data=/lunarc/nobackup/projects/lu2023-17-41/carl/LTU/LTU_Thesis_v2/dnet/dnet_dataset_80-10-10-page_50/d_data.yaml, epochs=250, time=None, patience=15, batch=16, imgsz=640, save=True, save_period=-1, cache=False, device=0, workers=8, project=/lunarc/nobackup/projects/lu2023-17-41/carl/LTU/LTU_Thesis_v2/dnet/dnet_dataset_80-10-10-page_50/yolov8x, name=20240421_T1320_50, exist_ok=False, pretrained=True, optimizer=auto, verbose=True, seed=0, deterministic=True, single_cls=False, rect=False, cos_lr=False, close_mosaic=10, resume=False, amp=True, fraction=1.0, profile=False, freeze=None, multi_scale=False, overlap_mask=True, mask_ratio=4, dropout=0.0, val=True, split=val, save_json=False, save_hybrid=False, conf=None, iou=0.7, max_det=300, half=False, dnn=False, plots=True, source=None, vid_stride=1, stream_buffer=False, visualize=False, augment=False, agnostic_nms=False, classes=None, retina_masks=False, embed=None, show=False, save_frames=False, save_txt=False, save_conf=False, save_crop=False, show_labels=True, show_conf=True, show_boxes=True, line_width=None, format=torchscript, keras=False, optimize=False, int8=False, dynamic=False, simplify=False, opset=None, workspace=4, nms=False, lr0=0.01, lrf=0.01, momentum=0.937, weight_decay=0.0005, warmup_epochs=3.0, warmup_momentum=0.8, warmup_bias_lr=0.1, box=7.5, cls=0.5, dfl=1.5, pose=12.0, kobj=1.0, label_smoothing=0.0, nbs=64, hsv_h=0.015, hsv_s=0.7, hsv_v=0.4, degrees=5.0, translate=0.1, scale=0.5, shear=5.0, perspective=0.0, flipud=0.0, fliplr=0.0, bgr=0.0, mosaic=1.0, mixup=0.0, copy_paste=0.0, auto_augment=randaugment, erasing=0.4, crop_fraction=1.0, cfg=None, tracker=botsort.yaml, save_dir=/lunarc/nobackup/projects/lu2023-17-41/carl/LTU/LTU_Thesis_v2/dnet/dnet_dataset_80-10-10-page_50/yolov8x/20240421_T1320_50
Overriding model.yaml nc=80 with nc=17

                   from  n    params  module                                       arguments                     
  0                  -1  1      2320  ultralytics.nn.modules.conv.Conv             [3, 80, 3, 2]                 
  1                  -1  1    115520  ultralytics.nn.modules.conv.Conv             [80, 160, 3, 2]               
  2                  -1  3    436800  ultralytics.nn.modules.block.C2f             [160, 160, 3, True]           
  3                  -1  1    461440  ultralytics.nn.modules.conv.Conv             [160, 320, 3, 2]              
  4                  -1  6   3281920  ultralytics.nn.modules.block.C2f             [320, 320, 6, True]           
  5                  -1  1   1844480  ultralytics.nn.modules.conv.Conv             [320, 640, 3, 2]              
  6                  -1  6  13117440  ultralytics.nn.modules.block.C2f             [640, 640, 6, True]           
  7                  -1  1   3687680  ultralytics.nn.modules.conv.Conv             [640, 640, 3, 2]              
  8                  -1  3   6969600  ultralytics.nn.modules.block.C2f             [640, 640, 3, True]           
  9                  -1  1   1025920  ultralytics.nn.modules.block.SPPF            [640, 640, 5]                 
 10                  -1  1         0  torch.nn.modules.upsampling.Upsample         [None, 2, 'nearest']          
 11             [-1, 6]  1         0  ultralytics.nn.modules.conv.Concat           [1]                           
 12                  -1  3   7379200  ultralytics.nn.modules.block.C2f             [1280, 640, 3]                
 13                  -1  1         0  torch.nn.modules.upsampling.Upsample         [None, 2, 'nearest']          
 14             [-1, 4]  1         0  ultralytics.nn.modules.conv.Concat           [1]                           
 15                  -1  3   1948800  ultralytics.nn.modules.block.C2f             [960, 320, 3]                 
 16                  -1  1    922240  ultralytics.nn.modules.conv.Conv             [320, 320, 3, 2]              
 17            [-1, 12]  1         0  ultralytics.nn.modules.conv.Concat           [1]                           
 18                  -1  3   7174400  ultralytics.nn.modules.block.C2f             [960, 640, 3]                 
 19                  -1  1   3687680  ultralytics.nn.modules.conv.Conv             [640, 640, 3, 2]              
 20             [-1, 9]  1         0  ultralytics.nn.modules.conv.Concat           [1]                           
 21                  -1  3   7379200  ultralytics.nn.modules.block.C2f             [1280, 640, 3]                
 22        [15, 18, 21]  1   8734339  ultralytics.nn.modules.head.Detect           [17, [320, 640, 640]]         
Model summary: 365 layers, 68168979 parameters, 68168963 gradients, 258.2 GFLOPs

Transferred 589/595 items from pretrained weights
[34m[1mTensorBoard: [0mStart with 'tensorboard --logdir /lunarc/nobackup/projects/lu2023-17-41/carl/LTU/LTU_Thesis_v2/dnet/dnet_dataset_80-10-10-page_50/yolov8x/20240421_T1320_50', view at http://localhost:6006/
Freezing layer 'model.22.dfl.conv.weight'
[34m[1mAMP: [0mrunning Automatic Mixed Precision (AMP) checks with YOLOv8n...
[34m[1mAMP: [0mchecks passed ✅
[34m[1mtrain: [0mNew cache created: /lunarc/nobackup/projects/lu2023-17-41/carl/LTU/LTU_Thesis_v2/data/dataset_80-10-10-page_50/d_data/train/labels.cache
[34m[1mval: [0mNew cache created: /lunarc/nobackup/projects/lu2023-17-41/carl/LTU/LTU_Thesis_v2/data/dataset_80-10-10-page_50/d_data/validation/labels.cache
Plotting labels to /lunarc/nobackup/projects/lu2023-17-41/carl/LTU/LTU_Thesis_v2/dnet/dnet_dataset_80-10-10-page_50/yolov8x/20240421_T1320_50/labels.jpg... 
[34m[1moptimizer:[0m 'optimizer=auto' found, ignoring 'lr0=0.01' and 'momentum=0.937' and determining best 'optimizer', 'lr0' and 'momentum' automatically... 
[34m[1moptimizer:[0m SGD(lr=0.01, momentum=0.9) with parameter groups 97 weight(decay=0.0), 104 weight(decay=0.0005), 103 bias(decay=0.0)
[34m[1mTensorBoard: [0mmodel graph visualization added ✅
Image sizes 640 train, 640 val
Using 8 dataloader workers
Logging results to [1m/lunarc/nobackup/projects/lu2023-17-41/carl/LTU/LTU_Thesis_v2/dnet/dnet_dataset_80-10-10-page_50/yolov8x/20240421_T1320_50[0m
Starting training for 250 epochs...

      Epoch    GPU_mem   box_loss   cls_loss   dfl_loss  Instances       Size
                   all        584       1121      0.638      0.766      0.741      0.476

      Epoch    GPU_mem   box_loss   cls_loss   dfl_loss  Instances       Size
                   all        584       1121      0.717      0.813      0.808      0.546

      Epoch    GPU_mem   box_loss   cls_loss   dfl_loss  Instances       Size
                   all        584       1121      0.833      0.812       0.86      0.577

      Epoch    GPU_mem   box_loss   cls_loss   dfl_loss  Instances       Size
                   all        584       1121      0.823      0.838      0.879      0.572

      Epoch    GPU_mem   box_loss   cls_loss   dfl_loss  Instances       Size
                   all        584       1121      0.754       0.74      0.783      0.509

      Epoch    GPU_mem   box_loss   cls_loss   dfl_loss  Instances       Size
                   all        584       1121      0.831      0.875      0.895      0.614

      Epoch    GPU_mem   box_loss   cls_loss   dfl_loss  Instances       Size
                   all        584       1121      0.744      0.796      0.839      0.564

      Epoch    GPU_mem   box_loss   cls_loss   dfl_loss  Instances       Size
                   all        584       1121      0.855      0.885      0.934      0.655

      Epoch    GPU_mem   box_loss   cls_loss   dfl_loss  Instances       Size
                   all        584       1121       0.74      0.944      0.876      0.599

      Epoch    GPU_mem   box_loss   cls_loss   dfl_loss  Instances       Size
                   all        584       1121      0.935      0.803      0.922       0.66

      Epoch    GPU_mem   box_loss   cls_loss   dfl_loss  Instances       Size
                   all        584       1121      0.827      0.911      0.888      0.627

      Epoch    GPU_mem   box_loss   cls_loss   dfl_loss  Instances       Size
                   all        584       1121      0.888      0.907      0.915      0.642

      Epoch    GPU_mem   box_loss   cls_loss   dfl_loss  Instances       Size
                   all        584       1121      0.698      0.851      0.853      0.619

      Epoch    GPU_mem   box_loss   cls_loss   dfl_loss  Instances       Size
                   all        584       1121      0.852      0.797      0.815      0.556

      Epoch    GPU_mem   box_loss   cls_loss   dfl_loss  Instances       Size
                   all        584       1121      0.891      0.846      0.888      0.639

      Epoch    GPU_mem   box_loss   cls_loss   dfl_loss  Instances       Size
                   all        584       1121      0.909      0.868      0.885      0.655

      Epoch    GPU_mem   box_loss   cls_loss   dfl_loss  Instances       Size
                   all        584       1121      0.796      0.913      0.914      0.664

      Epoch    GPU_mem   box_loss   cls_loss   dfl_loss  Instances       Size
                   all        584       1121      0.779      0.931      0.908      0.649

      Epoch    GPU_mem   box_loss   cls_loss   dfl_loss  Instances       Size
                   all        584       1121      0.834      0.865      0.898      0.648

      Epoch    GPU_mem   box_loss   cls_loss   dfl_loss  Instances       Size
                   all        584       1121      0.795      0.882      0.869      0.628

      Epoch    GPU_mem   box_loss   cls_loss   dfl_loss  Instances       Size
                   all        584       1121      0.872       0.85        0.9       0.61

      Epoch    GPU_mem   box_loss   cls_loss   dfl_loss  Instances       Size
                   all        584       1121      0.903      0.764      0.862      0.625

      Epoch    GPU_mem   box_loss   cls_loss   dfl_loss  Instances       Size
                   all        584       1121      0.913      0.743      0.933      0.687

      Epoch    GPU_mem   box_loss   cls_loss   dfl_loss  Instances       Size
                   all        584       1121      0.759      0.943      0.902      0.642

      Epoch    GPU_mem   box_loss   cls_loss   dfl_loss  Instances       Size
                   all        584       1121      0.861      0.848      0.912      0.656

      Epoch    GPU_mem   box_loss   cls_loss   dfl_loss  Instances       Size
                   all        584       1121      0.894      0.777      0.896      0.655

      Epoch    GPU_mem   box_loss   cls_loss   dfl_loss  Instances       Size
                   all        584       1121      0.901      0.871      0.929      0.668

      Epoch    GPU_mem   box_loss   cls_loss   dfl_loss  Instances       Size
                   all        584       1121      0.913      0.845      0.953      0.692

      Epoch    GPU_mem   box_loss   cls_loss   dfl_loss  Instances       Size
                   all        584       1121      0.778      0.905      0.901       0.68

      Epoch    GPU_mem   box_loss   cls_loss   dfl_loss  Instances       Size
                   all        584       1121      0.904      0.867      0.908      0.629

      Epoch    GPU_mem   box_loss   cls_loss   dfl_loss  Instances       Size
                   all        584       1121      0.926      0.791      0.866      0.625

      Epoch    GPU_mem   box_loss   cls_loss   dfl_loss  Instances       Size
                   all        584       1121      0.751      0.921        0.9      0.645

      Epoch    GPU_mem   box_loss   cls_loss   dfl_loss  Instances       Size
                   all        584       1121      0.872      0.841      0.888      0.668

      Epoch    GPU_mem   box_loss   cls_loss   dfl_loss  Instances       Size
                   all        584       1121      0.917      0.817      0.894      0.637

      Epoch    GPU_mem   box_loss   cls_loss   dfl_loss  Instances       Size
                   all        584       1121      0.864      0.796      0.838      0.628

      Epoch    GPU_mem   box_loss   cls_loss   dfl_loss  Instances       Size
                   all        584       1121      0.817      0.845      0.923      0.664

      Epoch    GPU_mem   box_loss   cls_loss   dfl_loss  Instances       Size
                   all        584       1121      0.745      0.896      0.855      0.622

      Epoch    GPU_mem   box_loss   cls_loss   dfl_loss  Instances       Size
                   all        584       1121      0.849      0.906      0.871      0.638

      Epoch    GPU_mem   box_loss   cls_loss   dfl_loss  Instances       Size
                   all        584       1121      0.802      0.883      0.913      0.661

      Epoch    GPU_mem   box_loss   cls_loss   dfl_loss  Instances       Size
                   all        584       1121      0.817      0.854      0.881      0.662

      Epoch    GPU_mem   box_loss   cls_loss   dfl_loss  Instances       Size
                   all        584       1121      0.875      0.686      0.843      0.608

      Epoch    GPU_mem   box_loss   cls_loss   dfl_loss  Instances       Size
                   all        584       1121      0.753      0.802      0.821      0.576

      Epoch    GPU_mem   box_loss   cls_loss   dfl_loss  Instances       Size
                   all        584       1121      0.828      0.842      0.868      0.619
[34m[1mEarlyStopping: [0mTraining stopped early as no improvement observed in last 15 epochs. Best results observed at epoch 28, best model saved as best.pt.
To update EarlyStopping(patience=15) pass a new patience value, i.e. `patience=300` or use `patience=0` to disable EarlyStopping.

43 epochs completed in 0.706 hours.
Optimizer stripped from /lunarc/nobackup/projects/lu2023-17-41/carl/LTU/LTU_Thesis_v2/dnet/dnet_dataset_80-10-10-page_50/yolov8x/20240421_T1320_50/weights/last.pt, 136.7MB
Optimizer stripped from /lunarc/nobackup/projects/lu2023-17-41/carl/LTU/LTU_Thesis_v2/dnet/dnet_dataset_80-10-10-page_50/yolov8x/20240421_T1320_50/weights/best.pt, 136.7MB

Validating /lunarc/nobackup/projects/lu2023-17-41/carl/LTU/LTU_Thesis_v2/dnet/dnet_dataset_80-10-10-page_50/yolov8x/20240421_T1320_50/weights/best.pt...
Ultralytics YOLOv8.1.43 🚀 Python-3.11.4 torch-2.1.0+cu121 CUDA:0 (NVIDIA A100 80GB PCIe, 81038MiB)
Model summary (fused): 268 layers, 68139939 parameters, 0 gradients, 257.5 GFLOPs
                   all        584       1121      0.914      0.845      0.953      0.692
                  09BE        584        409      0.808      0.876      0.949      0.583
                  09BF        584        192      0.983      0.729      0.976      0.697
                  09C0        584         21      0.938       0.81      0.849      0.598
                  09C1        584         72      0.941      0.694      0.976      0.689
                  09C2        584         65      0.974      0.576      0.914      0.613
                  09C7        584        156      0.986      0.974      0.986      0.693
                  09C8        584         15       0.98          1      0.995      0.751
                  09CB        584         94          1        0.8      0.993      0.831
                  09CC        584         30      0.962          1      0.995      0.972
                  09C3        584         61        0.7          1      0.984      0.608
        09AA 09CD 09B0        584          6      0.787      0.833      0.866      0.579
Speed: 0.2ms preprocess, 2.0ms inference, 0.0ms loss, 1.0ms postprocess per image
Results saved to [1m/lunarc/nobackup/projects/lu2023-17-41/carl/LTU/LTU_Thesis_v2/dnet/dnet_dataset_80-10-10-page_50/yolov8x/20240421_T1320_50[0m
Ultralytics YOLOv8.1.43 🚀 Python-3.11.4 torch-2.1.0+cu121 CUDA:0 (NVIDIA A100 80GB PCIe, 81038MiB)
Model summary (fused): 268 layers, 68139939 parameters, 0 gradients, 257.5 GFLOPs

[34m[1mPyTorch:[0m starting from '/lunarc/nobackup/projects/lu2023-17-41/carl/LTU/LTU_Thesis_v2/dnet/dnet_dataset_80-10-10-page_50/yolov8x/20240421_T1320_50/weights/best.pt' with input shape (1, 3, 640, 640) BCHW and output shape(s) (1, 21, 8400) (130.4 MB)

[34m[1mONNX:[0m starting export with onnx 1.15.0 opset 17...
[34m[1mONNX:[0m export success ✅ 1.7s, saved as '/lunarc/nobackup/projects/lu2023-17-41/carl/LTU/LTU_Thesis_v2/dnet/dnet_dataset_80-10-10-page_50/yolov8x/20240421_T1320_50/weights/best.onnx' (260.2 MB)

Export complete (2.3s)
Results saved to [1m/lunarc/nobackup/projects/lu2023-17-41/carl/LTU/LTU_Thesis_v2/dnet/dnet_dataset_80-10-10-page_50/yolov8x/20240421_T1320_50/weights[0m
Predict:         yolo predict task=detect model=/lunarc/nobackup/projects/lu2023-17-41/carl/LTU/LTU_Thesis_v2/dnet/dnet_dataset_80-10-10-page_50/yolov8x/20240421_T1320_50/weights/best.onnx imgsz=640  
Validate:        yolo val task=detect model=/lunarc/nobackup/projects/lu2023-17-41/carl/LTU/LTU_Thesis_v2/dnet/dnet_dataset_80-10-10-page_50/yolov8x/20240421_T1320_50/weights/best.onnx imgsz=640 data=/lunarc/nobackup/projects/lu2023-17-41/carl/LTU/LTU_Thesis_v2/dnet/dnet_dataset_80-10-10-page_50/d_data.yaml  
Visualize:       https://netron.app
Total training time: 2569.629499435425 seconds
Finished processing.
